2025-02-27 01:08:55,526 [Test worker] INFO  o.s.t.c.s.AnnotationConfigContextLoaderUtils - Could not detect default configuration classes for test class [org.javaguru.travel.insurance.rest.TravelCalculatePremiumControllerTest]: TravelCalculatePremiumControllerTest does not declare any static, non-private, non-final, nested classes annotated with @Configuration.
2025-02-27 01:08:55,587 [Test worker] INFO  o.s.b.t.c.SpringBootTestContextBootstrapper - Found @SpringBootConfiguration org.javaguru.travel.insurance.InsuranceApplication for test class org.javaguru.travel.insurance.rest.TravelCalculatePremiumControllerTest
2025-02-27 01:08:55,769 [Test worker] INFO  o.j.t.i.r.TravelCalculatePremiumControllerTest - Starting TravelCalculatePremiumControllerTest using Java 21.0.6 with PID 28559 (started by a--- in /Users/a---/Desktop/My files/intelliJ IDEA FILE/2025_virtual_internship/student_morozov_nikita)
2025-02-27 01:08:55,770 [Test worker] INFO  o.j.t.i.r.TravelCalculatePremiumControllerTest - No active profile set, falling back to 1 default profile: "default"
2025-02-27 01:08:56,259 [Test worker] INFO  o.s.b.t.m.w.SpringBootMockServletContext - Initializing Spring TestDispatcherServlet ''
2025-02-27 01:08:56,259 [Test worker] INFO  o.s.t.w.s.TestDispatcherServlet - Initializing Servlet ''
2025-02-27 01:08:56,260 [Test worker] INFO  o.s.t.w.s.TestDispatcherServlet - Completed initialization in 0 ms
2025-02-27 01:08:56,270 [Test worker] INFO  o.j.t.i.r.TravelCalculatePremiumControllerTest - Started TravelCalculatePremiumControllerTest in 0.622 seconds (process running for 1.987)
2025-02-27 01:08:56,331 [Test worker] INFO  o.j.t.i.r.LoggerTravelCalculatePremiumRequest - REQUEST: {"personFirstName":"John","personLastName":"","agreementDateFrom":"2028-01-23","agreementDateTo":"2028-04-23"}
2025-02-27 01:08:56,336 [Test worker] INFO  o.j.t.i.r.LoggerTravelCalculatePremiumResponse - RESPONSE: {"errors":[{"field":"PersonLastName","message":"Must not be empty!"}],"personFirstName":null,"personLastName":null,"agreementDateFrom":null,"agreementDateTo":null,"agreementPrice":null}
2025-02-27 01:08:56,336 [Test worker] INFO  o.j.t.i.r.LoggerTravelCalculatePremiumRequest - Request processing time (ms): 10
2025-02-27 01:08:56,359 [Test worker] INFO  o.j.t.i.r.LoggerTravelCalculatePremiumRequest - REQUEST: {"personFirstName":"John","personLastName":"Doe","agreementDateFrom":"2020-01-23","agreementDateTo":"2020-04-23"}
2025-02-27 01:08:56,360 [Test worker] INFO  o.j.t.i.r.LoggerTravelCalculatePremiumResponse - RESPONSE: {"errors":[{"field":"InvalidDate","message":"Both DateFrom and DateTo must be in the future"}],"personFirstName":null,"personLastName":null,"agreementDateFrom":null,"agreementDateTo":null,"agreementPrice":null}
2025-02-27 01:08:56,360 [Test worker] INFO  o.j.t.i.r.LoggerTravelCalculatePremiumRequest - Request processing time (ms): 0
2025-02-27 01:08:56,366 [Test worker] INFO  o.j.t.i.r.LoggerTravelCalculatePremiumRequest - REQUEST: {"personFirstName":"John","personLastName":"Doe","agreementDateFrom":null,"agreementDateTo":"2028-04-23"}
2025-02-27 01:08:56,367 [Test worker] INFO  o.j.t.i.r.LoggerTravelCalculatePremiumResponse - RESPONSE: {"errors":[{"field":"DateFrom","message":"DateFrom must not be null"}],"personFirstName":null,"personLastName":null,"agreementDateFrom":null,"agreementDateTo":null,"agreementPrice":null}
2025-02-27 01:08:56,367 [Test worker] INFO  o.j.t.i.r.LoggerTravelCalculatePremiumRequest - Request processing time (ms): 0
2025-02-27 01:08:56,373 [Test worker] INFO  o.j.t.i.r.LoggerTravelCalculatePremiumRequest - REQUEST: {"personFirstName":"John","personLastName":"Doe","agreementDateFrom":"2028-01-23","agreementDateTo":"2028-04-23"}
2025-02-27 01:08:56,377 [Test worker] INFO  o.j.t.i.r.LoggerTravelCalculatePremiumResponse - RESPONSE: {"errors":null,"personFirstName":"John","personLastName":"Doe","agreementDateFrom":"2028-01-23","agreementDateTo":"2028-04-23","agreementPrice":91}
2025-02-27 01:08:56,377 [Test worker] INFO  o.j.t.i.r.LoggerTravelCalculatePremiumRequest - Request processing time (ms): 3
2025-02-27 01:08:56,385 [Test worker] INFO  o.j.t.i.r.LoggerTravelCalculatePremiumRequest - REQUEST: {"personFirstName":"John","personLastName":"Doe","agreementDateFrom":"2028-04-23","agreementDateTo":"2028-01-23"}
2025-02-27 01:08:56,386 [Test worker] INFO  o.j.t.i.r.LoggerTravelCalculatePremiumResponse - RESPONSE: {"errors":[{"field":"DateToLessDateFrom","message":"DateTo must not be less DateFrom"}],"personFirstName":null,"personLastName":null,"agreementDateFrom":null,"agreementDateTo":null,"agreementPrice":null}
2025-02-27 01:08:56,386 [Test worker] INFO  o.j.t.i.r.LoggerTravelCalculatePremiumRequest - Request processing time (ms): 1
2025-02-27 01:08:56,392 [Test worker] INFO  o.j.t.i.r.LoggerTravelCalculatePremiumRequest - REQUEST: {"personFirstName":"John","personLastName":"Doe","agreementDateFrom":"2028-01-23","agreementDateTo":null}
2025-02-27 01:08:56,392 [Test worker] INFO  o.j.t.i.r.LoggerTravelCalculatePremiumResponse - RESPONSE: {"errors":[{"field":"DateTo","message":"DateTo must not be null"}],"personFirstName":null,"personLastName":null,"agreementDateFrom":null,"agreementDateTo":null,"agreementPrice":null}
2025-02-27 01:08:56,392 [Test worker] INFO  o.j.t.i.r.LoggerTravelCalculatePremiumRequest - Request processing time (ms): 0
2025-02-27 01:08:56,398 [Test worker] INFO  o.j.t.i.r.LoggerTravelCalculatePremiumRequest - REQUEST: {"personFirstName":"","personLastName":"Doe","agreementDateFrom":"2028-01-23","agreementDateTo":"2028-04-23"}
2025-02-27 01:08:56,398 [Test worker] INFO  o.j.t.i.r.LoggerTravelCalculatePremiumResponse - RESPONSE: {"errors":[{"field":"PersonFirstName","message":"Must not be empty!"}],"personFirstName":null,"personLastName":null,"agreementDateFrom":null,"agreementDateTo":null,"agreementPrice":null}
2025-02-27 01:08:56,398 [Test worker] INFO  o.j.t.i.r.LoggerTravelCalculatePremiumRequest - Request processing time (ms): 0
2025-02-27 09:44:27,994 [Test worker] INFO  o.s.t.c.s.AnnotationConfigContextLoaderUtils - Could not detect default configuration classes for test class [org.javaguru.travel.insurance.rest.TravelCalculatePremiumControllerTest]: TravelCalculatePremiumControllerTest does not declare any static, non-private, non-final, nested classes annotated with @Configuration.
2025-02-27 09:44:28,078 [Test worker] INFO  o.s.b.t.c.SpringBootTestContextBootstrapper - Found @SpringBootConfiguration org.javaguru.travel.insurance.InsuranceApplication for test class org.javaguru.travel.insurance.rest.TravelCalculatePremiumControllerTest
2025-02-27 09:44:28,390 [Test worker] INFO  o.j.t.i.r.TravelCalculatePremiumControllerTest - Starting TravelCalculatePremiumControllerTest using Java 21.0.6 with PID 30729 (started by a--- in /Users/a---/Desktop/My files/intelliJ IDEA FILE/2025_virtual_internship/student_morozov_nikita)
2025-02-27 09:44:28,391 [Test worker] INFO  o.j.t.i.r.TravelCalculatePremiumControllerTest - No active profile set, falling back to 1 default profile: "default"
2025-02-27 09:44:29,007 [Test worker] INFO  o.s.b.t.m.w.SpringBootMockServletContext - Initializing Spring TestDispatcherServlet ''
2025-02-27 09:44:29,007 [Test worker] INFO  o.s.t.w.s.TestDispatcherServlet - Initializing Servlet ''
2025-02-27 09:44:29,009 [Test worker] INFO  o.s.t.w.s.TestDispatcherServlet - Completed initialization in 1 ms
2025-02-27 09:44:29,030 [Test worker] INFO  o.j.t.i.r.TravelCalculatePremiumControllerTest - Started TravelCalculatePremiumControllerTest in 0.844 seconds (process running for 2.495)
2025-02-27 09:44:29,110 [Test worker] INFO  o.j.t.i.r.LoggerTravelCalculatePremiumRequest - REQUEST: {"personFirstName":"John","personLastName":"","agreementDateFrom":"2028-01-23","agreementDateTo":"2028-04-23"}
2025-02-27 09:44:29,115 [Test worker] INFO  o.j.t.i.r.LoggerTravelCalculatePremiumResponse - RESPONSE: {"errors":[{"field":"PersonLastName","message":"Must not be empty!"}],"personFirstName":null,"personLastName":null,"agreementDateFrom":null,"agreementDateTo":null,"agreementPrice":null}
2025-02-27 09:44:29,115 [Test worker] INFO  o.j.t.i.r.LoggerTravelCalculatePremiumRequest - Request processing time (ms): 12
2025-02-27 09:44:29,135 [Test worker] INFO  o.j.t.i.r.LoggerTravelCalculatePremiumRequest - REQUEST: {"personFirstName":"John","personLastName":"Doe","agreementDateFrom":"2020-01-23","agreementDateTo":"2020-04-23"}
2025-02-27 09:44:29,135 [Test worker] INFO  o.j.t.i.r.LoggerTravelCalculatePremiumResponse - RESPONSE: {"errors":[{"field":"InvalidDate","message":"Both DateFrom and DateTo must be in the future"}],"personFirstName":null,"personLastName":null,"agreementDateFrom":null,"agreementDateTo":null,"agreementPrice":null}
2025-02-27 09:44:29,136 [Test worker] INFO  o.j.t.i.r.LoggerTravelCalculatePremiumRequest - Request processing time (ms): 0
2025-02-27 09:44:29,145 [Test worker] INFO  o.j.t.i.r.LoggerTravelCalculatePremiumRequest - REQUEST: {"personFirstName":"John","personLastName":"Doe","agreementDateFrom":null,"agreementDateTo":"2028-04-23"}
2025-02-27 09:44:29,146 [Test worker] INFO  o.j.t.i.r.LoggerTravelCalculatePremiumResponse - RESPONSE: {"errors":[{"field":"DateFrom","message":"DateFrom must not be null"}],"personFirstName":null,"personLastName":null,"agreementDateFrom":null,"agreementDateTo":null,"agreementPrice":null}
2025-02-27 09:44:29,146 [Test worker] INFO  o.j.t.i.r.LoggerTravelCalculatePremiumRequest - Request processing time (ms): 1
2025-02-27 09:44:29,152 [Test worker] INFO  o.j.t.i.r.LoggerTravelCalculatePremiumRequest - REQUEST: {"personFirstName":"John","personLastName":"Doe","agreementDateFrom":"2028-01-23","agreementDateTo":"2028-04-23"}
2025-02-27 09:44:29,157 [Test worker] INFO  o.j.t.i.r.LoggerTravelCalculatePremiumResponse - RESPONSE: {"errors":null,"personFirstName":"John","personLastName":"Doe","agreementDateFrom":"2028-01-23","agreementDateTo":"2028-04-23","agreementPrice":91}
2025-02-27 09:44:29,157 [Test worker] INFO  o.j.t.i.r.LoggerTravelCalculatePremiumRequest - Request processing time (ms): 4
2025-02-27 09:44:29,164 [Test worker] INFO  o.j.t.i.r.LoggerTravelCalculatePremiumRequest - REQUEST: {"personFirstName":"John","personLastName":"Doe","agreementDateFrom":"2028-04-23","agreementDateTo":"2028-01-23"}
2025-02-27 09:44:29,165 [Test worker] INFO  o.j.t.i.r.LoggerTravelCalculatePremiumResponse - RESPONSE: {"errors":[{"field":"DateToLessDateFrom","message":"DateTo must not be less DateFrom"}],"personFirstName":null,"personLastName":null,"agreementDateFrom":null,"agreementDateTo":null,"agreementPrice":null}
2025-02-27 09:44:29,165 [Test worker] INFO  o.j.t.i.r.LoggerTravelCalculatePremiumRequest - Request processing time (ms): 0
2025-02-27 09:44:29,172 [Test worker] INFO  o.j.t.i.r.LoggerTravelCalculatePremiumRequest - REQUEST: {"personFirstName":"John","personLastName":"Doe","agreementDateFrom":"2028-01-23","agreementDateTo":null}
2025-02-27 09:44:29,172 [Test worker] INFO  o.j.t.i.r.LoggerTravelCalculatePremiumResponse - RESPONSE: {"errors":[{"field":"DateTo","message":"DateTo must not be null"}],"personFirstName":null,"personLastName":null,"agreementDateFrom":null,"agreementDateTo":null,"agreementPrice":null}
2025-02-27 09:44:29,172 [Test worker] INFO  o.j.t.i.r.LoggerTravelCalculatePremiumRequest - Request processing time (ms): 0
2025-02-27 09:44:29,178 [Test worker] INFO  o.j.t.i.r.LoggerTravelCalculatePremiumRequest - REQUEST: {"personFirstName":"","personLastName":"Doe","agreementDateFrom":"2028-01-23","agreementDateTo":"2028-04-23"}
2025-02-27 09:44:29,179 [Test worker] INFO  o.j.t.i.r.LoggerTravelCalculatePremiumResponse - RESPONSE: {"errors":[{"field":"PersonFirstName","message":"Must not be empty!"}],"personFirstName":null,"personLastName":null,"agreementDateFrom":null,"agreementDateTo":null,"agreementPrice":null}
2025-02-27 09:44:29,179 [Test worker] INFO  o.j.t.i.r.LoggerTravelCalculatePremiumRequest - Request processing time (ms): 1
