2025-02-28 15:18:28,161 [Test worker] INFO  o.s.t.c.s.AnnotationConfigContextLoaderUtils - Could not detect default configuration classes for test class [org.javaguru.travel.insurance.rest.TravelCalculatePremiumControllerTest]: TravelCalculatePremiumControllerTest does not declare any static, non-private, non-final, nested classes annotated with @Configuration.
2025-02-28 15:18:28,221 [Test worker] INFO  o.s.b.t.c.SpringBootTestContextBootstrapper - Found @SpringBootConfiguration org.javaguru.travel.insurance.InsuranceApplication for test class org.javaguru.travel.insurance.rest.TravelCalculatePremiumControllerTest
2025-02-28 15:18:28,381 [Test worker] INFO  o.j.t.i.r.TravelCalculatePremiumControllerTest - Starting TravelCalculatePremiumControllerTest using Java 21.0.6 with PID 78604 (started by a--- in /Users/a---/Desktop/My files/intelliJ IDEA FILE/2025_virtual_internship/student_morozov_nikita)
2025-02-28 15:18:28,381 [Test worker] INFO  o.j.t.i.r.TravelCalculatePremiumControllerTest - No active profile set, falling back to 1 default profile: "default"
2025-02-28 15:18:28,870 [Test worker] INFO  o.s.b.t.m.w.SpringBootMockServletContext - Initializing Spring TestDispatcherServlet ''
2025-02-28 15:18:28,870 [Test worker] INFO  o.s.t.w.s.TestDispatcherServlet - Initializing Servlet ''
2025-02-28 15:18:28,871 [Test worker] INFO  o.s.t.w.s.TestDispatcherServlet - Completed initialization in 0 ms
2025-02-28 15:18:28,881 [Test worker] INFO  o.j.t.i.r.TravelCalculatePremiumControllerTest - Started TravelCalculatePremiumControllerTest in 0.603 seconds (process running for 2.104)
2025-02-28 15:18:28,940 [Test worker] INFO  o.j.t.i.r.l.LoggerTravelCalculatePremiumRequest - REQUEST: {"personFirstName":"John","personLastName":"","agreementDateFrom":"2028-01-23","agreementDateTo":"2028-04-23"}
2025-02-28 15:18:28,943 [Test worker] INFO  o.j.t.i.r.l.LoggerTravelCalculatePremiumResponse - RESPONSE: {"errors":[{"field":"PersonLastName","message":"Must not be empty!"}],"personFirstName":null,"personLastName":null,"agreementDateFrom":null,"agreementDateTo":null,"agreementPrice":null}
2025-02-28 15:18:28,943 [Test worker] INFO  o.j.t.i.r.l.LoggerTravelCalculatePremiumRequest - Request processing time (ms): 7
2025-02-28 15:18:28,963 [Test worker] INFO  o.j.t.i.r.l.LoggerTravelCalculatePremiumRequest - REQUEST: {"personFirstName":"John","personLastName":"Doe","agreementDateFrom":"2020-01-23","agreementDateTo":"2020-04-23"}
2025-02-28 15:18:28,963 [Test worker] INFO  o.j.t.i.r.l.LoggerTravelCalculatePremiumResponse - RESPONSE: {"errors":[{"field":"InvalidDate","message":"Both DateFrom and DateTo must be in the future"}],"personFirstName":null,"personLastName":null,"agreementDateFrom":null,"agreementDateTo":null,"agreementPrice":null}
2025-02-28 15:18:28,963 [Test worker] INFO  o.j.t.i.r.l.LoggerTravelCalculatePremiumRequest - Request processing time (ms): 0
2025-02-28 15:18:28,968 [Test worker] INFO  o.j.t.i.r.l.LoggerTravelCalculatePremiumRequest - REQUEST: {"personFirstName":"John","personLastName":"Doe","agreementDateFrom":null,"agreementDateTo":"2028-04-23"}
2025-02-28 15:18:28,968 [Test worker] INFO  o.j.t.i.r.l.LoggerTravelCalculatePremiumResponse - RESPONSE: {"errors":[{"field":"DateFrom","message":"DateFrom must not be null"}],"personFirstName":null,"personLastName":null,"agreementDateFrom":null,"agreementDateTo":null,"agreementPrice":null}
2025-02-28 15:18:28,968 [Test worker] INFO  o.j.t.i.r.l.LoggerTravelCalculatePremiumRequest - Request processing time (ms): 0
2025-02-28 15:18:28,972 [Test worker] INFO  o.j.t.i.r.l.LoggerTravelCalculatePremiumRequest - REQUEST: {"personFirstName":"John","personLastName":"Doe","agreementDateFrom":"2028-01-23","agreementDateTo":"2028-04-23"}
2025-02-28 15:18:28,976 [Test worker] INFO  o.j.t.i.r.l.LoggerTravelCalculatePremiumResponse - RESPONSE: {"errors":null,"personFirstName":"John","personLastName":"Doe","agreementDateFrom":"2028-01-23","agreementDateTo":"2028-04-23","agreementPrice":91}
2025-02-28 15:18:28,976 [Test worker] INFO  o.j.t.i.r.l.LoggerTravelCalculatePremiumRequest - Request processing time (ms): 3
2025-02-28 15:18:28,982 [Test worker] INFO  o.j.t.i.r.l.LoggerTravelCalculatePremiumRequest - REQUEST: {"personFirstName":"John","personLastName":"Doe","agreementDateFrom":"2028-04-23","agreementDateTo":"2028-01-23"}
2025-02-28 15:18:28,982 [Test worker] INFO  o.j.t.i.r.l.LoggerTravelCalculatePremiumResponse - RESPONSE: {"errors":[{"field":"DateToLessDateFrom","message":"DateTo must not be less DateFrom"}],"personFirstName":null,"personLastName":null,"agreementDateFrom":null,"agreementDateTo":null,"agreementPrice":null}
2025-02-28 15:18:28,982 [Test worker] INFO  o.j.t.i.r.l.LoggerTravelCalculatePremiumRequest - Request processing time (ms): 0
2025-02-28 15:18:28,986 [Test worker] INFO  o.j.t.i.r.l.LoggerTravelCalculatePremiumRequest - REQUEST: {"personFirstName":"John","personLastName":"Doe","agreementDateFrom":"2028-01-23","agreementDateTo":null}
2025-02-28 15:18:28,987 [Test worker] INFO  o.j.t.i.r.l.LoggerTravelCalculatePremiumResponse - RESPONSE: {"errors":[{"field":"DateTo","message":"DateTo must not be null"}],"personFirstName":null,"personLastName":null,"agreementDateFrom":null,"agreementDateTo":null,"agreementPrice":null}
2025-02-28 15:18:28,987 [Test worker] INFO  o.j.t.i.r.l.LoggerTravelCalculatePremiumRequest - Request processing time (ms): 0
2025-02-28 15:18:28,991 [Test worker] INFO  o.j.t.i.r.l.LoggerTravelCalculatePremiumRequest - REQUEST: {"personFirstName":"","personLastName":"Doe","agreementDateFrom":"2028-01-23","agreementDateTo":"2028-04-23"}
2025-02-28 15:18:28,991 [Test worker] INFO  o.j.t.i.r.l.LoggerTravelCalculatePremiumResponse - RESPONSE: {"errors":[{"field":"PersonFirstName","message":"Must not be empty!"}],"personFirstName":null,"personLastName":null,"agreementDateFrom":null,"agreementDateTo":null,"agreementPrice":null}
2025-02-28 15:18:28,991 [Test worker] INFO  o.j.t.i.r.l.LoggerTravelCalculatePremiumRequest - Request processing time (ms): 0
2025-02-28 15:21:31,929 [Test worker] INFO  o.s.t.c.s.AnnotationConfigContextLoaderUtils - Could not detect default configuration classes for test class [org.javaguru.travel.insurance.rest.TravelCalculatePremiumControllerTest]: TravelCalculatePremiumControllerTest does not declare any static, non-private, non-final, nested classes annotated with @Configuration.
2025-02-28 15:21:31,983 [Test worker] INFO  o.s.b.t.c.SpringBootTestContextBootstrapper - Found @SpringBootConfiguration org.javaguru.travel.insurance.InsuranceApplication for test class org.javaguru.travel.insurance.rest.TravelCalculatePremiumControllerTest
2025-02-28 15:21:32,144 [Test worker] INFO  o.j.t.i.r.TravelCalculatePremiumControllerTest - Starting TravelCalculatePremiumControllerTest using Java 21.0.6 with PID 78713 (started by a--- in /Users/a---/Desktop/My files/intelliJ IDEA FILE/2025_virtual_internship/student_morozov_nikita)
2025-02-28 15:21:32,144 [Test worker] INFO  o.j.t.i.r.TravelCalculatePremiumControllerTest - No active profile set, falling back to 1 default profile: "default"
2025-02-28 15:21:32,649 [Test worker] INFO  o.s.b.t.m.w.SpringBootMockServletContext - Initializing Spring TestDispatcherServlet ''
2025-02-28 15:21:32,649 [Test worker] INFO  o.s.t.w.s.TestDispatcherServlet - Initializing Servlet ''
2025-02-28 15:21:32,650 [Test worker] INFO  o.s.t.w.s.TestDispatcherServlet - Completed initialization in 0 ms
2025-02-28 15:21:32,661 [Test worker] INFO  o.j.t.i.r.TravelCalculatePremiumControllerTest - Started TravelCalculatePremiumControllerTest in 0.624 seconds (process running for 1.88)
2025-02-28 15:21:32,724 [Test worker] INFO  o.j.t.i.r.l.LoggerTravelCalculatePremiumRequest - REQUEST: {"personFirstName":"John","personLastName":"","agreementDateFrom":"2028-01-23","agreementDateTo":"2028-04-23"}
2025-02-28 15:21:32,727 [Test worker] INFO  o.j.t.i.r.l.LoggerTravelCalculatePremiumResponse - RESPONSE: {"errors":[{"field":"PersonLastName","message":"Must not be empty!"}],"personFirstName":null,"personLastName":null,"agreementDateFrom":null,"agreementDateTo":null,"agreementPrice":null}
2025-02-28 15:21:32,727 [Test worker] INFO  o.j.t.i.r.l.LoggerTravelCalculatePremiumRequest - Request processing time (ms): 8
2025-02-28 15:21:32,747 [Test worker] INFO  o.j.t.i.r.l.LoggerTravelCalculatePremiumRequest - REQUEST: {"personFirstName":"John","personLastName":"Doe","agreementDateFrom":"2020-01-23","agreementDateTo":"2020-04-23"}
2025-02-28 15:21:32,748 [Test worker] INFO  o.j.t.i.r.l.LoggerTravelCalculatePremiumResponse - RESPONSE: {"errors":[{"field":"InvalidDate","message":"Both DateFrom and DateTo must be in the future"}],"personFirstName":null,"personLastName":null,"agreementDateFrom":null,"agreementDateTo":null,"agreementPrice":null}
2025-02-28 15:21:32,748 [Test worker] INFO  o.j.t.i.r.l.LoggerTravelCalculatePremiumRequest - Request processing time (ms): 0
2025-02-28 15:21:32,755 [Test worker] INFO  o.j.t.i.r.l.LoggerTravelCalculatePremiumRequest - REQUEST: {"personFirstName":"John","personLastName":"Doe","agreementDateFrom":null,"agreementDateTo":"2028-04-23"}
2025-02-28 15:21:32,755 [Test worker] INFO  o.j.t.i.r.l.LoggerTravelCalculatePremiumResponse - RESPONSE: {"errors":[{"field":"DateFrom","message":"DateFrom must not be null"}],"personFirstName":null,"personLastName":null,"agreementDateFrom":null,"agreementDateTo":null,"agreementPrice":null}
2025-02-28 15:21:32,755 [Test worker] INFO  o.j.t.i.r.l.LoggerTravelCalculatePremiumRequest - Request processing time (ms): 0
2025-02-28 15:21:32,760 [Test worker] INFO  o.j.t.i.r.l.LoggerTravelCalculatePremiumRequest - REQUEST: {"personFirstName":"John","personLastName":"Doe","agreementDateFrom":"2028-01-23","agreementDateTo":"2028-04-23"}
2025-02-28 15:21:32,763 [Test worker] INFO  o.j.t.i.r.l.LoggerTravelCalculatePremiumResponse - RESPONSE: {"errors":null,"personFirstName":"John","personLastName":"Doe","agreementDateFrom":"2028-01-23","agreementDateTo":"2028-04-23","agreementPrice":91}
2025-02-28 15:21:32,763 [Test worker] INFO  o.j.t.i.r.l.LoggerTravelCalculatePremiumRequest - Request processing time (ms): 3
2025-02-28 15:21:32,774 [Test worker] INFO  o.j.t.i.r.l.LoggerTravelCalculatePremiumRequest - REQUEST: {"personFirstName":"John","personLastName":"Doe","agreementDateFrom":"2028-04-23","agreementDateTo":"2028-01-23"}
2025-02-28 15:21:32,774 [Test worker] INFO  o.j.t.i.r.l.LoggerTravelCalculatePremiumResponse - RESPONSE: {"errors":[{"field":"DateToLessDateFrom","message":"DateTo must not be less DateFrom"}],"personFirstName":null,"personLastName":null,"agreementDateFrom":null,"agreementDateTo":null,"agreementPrice":null}
2025-02-28 15:21:32,774 [Test worker] INFO  o.j.t.i.r.l.LoggerTravelCalculatePremiumRequest - Request processing time (ms): 0
2025-02-28 15:21:32,782 [Test worker] INFO  o.j.t.i.r.l.LoggerTravelCalculatePremiumRequest - REQUEST: {"personFirstName":"John","personLastName":"Doe","agreementDateFrom":"2028-01-23","agreementDateTo":null}
2025-02-28 15:21:32,782 [Test worker] INFO  o.j.t.i.r.l.LoggerTravelCalculatePremiumResponse - RESPONSE: {"errors":[{"field":"DateTo","message":"DateTo must not be null"}],"personFirstName":null,"personLastName":null,"agreementDateFrom":null,"agreementDateTo":null,"agreementPrice":null}
2025-02-28 15:21:32,783 [Test worker] INFO  o.j.t.i.r.l.LoggerTravelCalculatePremiumRequest - Request processing time (ms): 0
2025-02-28 15:21:32,790 [Test worker] INFO  o.j.t.i.r.l.LoggerTravelCalculatePremiumRequest - REQUEST: {"personFirstName":"","personLastName":"Doe","agreementDateFrom":"2028-01-23","agreementDateTo":"2028-04-23"}
2025-02-28 15:21:32,791 [Test worker] INFO  o.j.t.i.r.l.LoggerTravelCalculatePremiumResponse - RESPONSE: {"errors":[{"field":"PersonFirstName","message":"Must not be empty!"}],"personFirstName":null,"personLastName":null,"agreementDateFrom":null,"agreementDateTo":null,"agreementPrice":null}
2025-02-28 15:21:32,792 [Test worker] INFO  o.j.t.i.r.l.LoggerTravelCalculatePremiumRequest - Request processing time (ms): 1
2025-02-28 15:29:07,526 [Test worker] INFO  o.s.t.c.s.AnnotationConfigContextLoaderUtils - Could not detect default configuration classes for test class [org.javaguru.travel.insurance.rest.TravelCalculatePremiumControllerTest]: TravelCalculatePremiumControllerTest does not declare any static, non-private, non-final, nested classes annotated with @Configuration.
2025-02-28 15:29:07,591 [Test worker] INFO  o.s.b.t.c.SpringBootTestContextBootstrapper - Found @SpringBootConfiguration org.javaguru.travel.insurance.InsuranceApplication for test class org.javaguru.travel.insurance.rest.TravelCalculatePremiumControllerTest
2025-02-28 15:29:07,752 [Test worker] INFO  o.j.t.i.r.TravelCalculatePremiumControllerTest - Starting TravelCalculatePremiumControllerTest using Java 21.0.6 with PID 78859 (started by a--- in /Users/a---/Desktop/My files/intelliJ IDEA FILE/2025_virtual_internship/student_morozov_nikita)
2025-02-28 15:29:07,753 [Test worker] INFO  o.j.t.i.r.TravelCalculatePremiumControllerTest - No active profile set, falling back to 1 default profile: "default"
2025-02-28 15:29:08,243 [Test worker] INFO  o.s.b.t.m.w.SpringBootMockServletContext - Initializing Spring TestDispatcherServlet ''
2025-02-28 15:29:08,244 [Test worker] INFO  o.s.t.w.s.TestDispatcherServlet - Initializing Servlet ''
2025-02-28 15:29:08,245 [Test worker] INFO  o.s.t.w.s.TestDispatcherServlet - Completed initialization in 0 ms
2025-02-28 15:29:08,255 [Test worker] INFO  o.j.t.i.r.TravelCalculatePremiumControllerTest - Started TravelCalculatePremiumControllerTest in 0.603 seconds (process running for 1.972)
2025-02-28 15:29:08,314 [Test worker] INFO  o.j.t.i.r.l.EventLoggerTravelCalculatePremiumRequest - REQUEST: {"personFirstName":"John","personLastName":"","agreementDateFrom":"2028-01-23","agreementDateTo":"2028-04-23"}
2025-02-28 15:29:08,317 [Test worker] INFO  o.j.t.i.r.l.EventLoggerTravelCalculatePremiumResponse - RESPONSE: {"errors":[{"field":"PersonLastName","message":"Must not be empty!"}],"personFirstName":null,"personLastName":null,"agreementDateFrom":null,"agreementDateTo":null,"agreementPrice":null}
2025-02-28 15:29:08,318 [Test worker] INFO  o.j.t.i.r.l.EventLoggerTravelCalculatePremiumRequest - Request processing time (ms): 8
2025-02-28 15:29:08,336 [Test worker] INFO  o.j.t.i.r.l.EventLoggerTravelCalculatePremiumRequest - REQUEST: {"personFirstName":"John","personLastName":"Doe","agreementDateFrom":"2020-01-23","agreementDateTo":"2020-04-23"}
2025-02-28 15:29:08,336 [Test worker] INFO  o.j.t.i.r.l.EventLoggerTravelCalculatePremiumResponse - RESPONSE: {"errors":[{"field":"InvalidDate","message":"Both DateFrom and DateTo must be in the future"}],"personFirstName":null,"personLastName":null,"agreementDateFrom":null,"agreementDateTo":null,"agreementPrice":null}
2025-02-28 15:29:08,336 [Test worker] INFO  o.j.t.i.r.l.EventLoggerTravelCalculatePremiumRequest - Request processing time (ms): 0
2025-02-28 15:29:08,341 [Test worker] INFO  o.j.t.i.r.l.EventLoggerTravelCalculatePremiumRequest - REQUEST: {"personFirstName":"John","personLastName":"Doe","agreementDateFrom":null,"agreementDateTo":"2028-04-23"}
2025-02-28 15:29:08,341 [Test worker] INFO  o.j.t.i.r.l.EventLoggerTravelCalculatePremiumResponse - RESPONSE: {"errors":[{"field":"DateFrom","message":"DateFrom must not be null"}],"personFirstName":null,"personLastName":null,"agreementDateFrom":null,"agreementDateTo":null,"agreementPrice":null}
2025-02-28 15:29:08,342 [Test worker] INFO  o.j.t.i.r.l.EventLoggerTravelCalculatePremiumRequest - Request processing time (ms): 1
2025-02-28 15:29:08,346 [Test worker] INFO  o.j.t.i.r.l.EventLoggerTravelCalculatePremiumRequest - REQUEST: {"personFirstName":"John","personLastName":"Doe","agreementDateFrom":"2028-01-23","agreementDateTo":"2028-04-23"}
2025-02-28 15:29:08,349 [Test worker] INFO  o.j.t.i.r.l.EventLoggerTravelCalculatePremiumResponse - RESPONSE: {"errors":null,"personFirstName":"John","personLastName":"Doe","agreementDateFrom":"2028-01-23","agreementDateTo":"2028-04-23","agreementPrice":91}
2025-02-28 15:29:08,349 [Test worker] INFO  o.j.t.i.r.l.EventLoggerTravelCalculatePremiumRequest - Request processing time (ms): 3
2025-02-28 15:29:08,355 [Test worker] INFO  o.j.t.i.r.l.EventLoggerTravelCalculatePremiumRequest - REQUEST: {"personFirstName":"John","personLastName":"Doe","agreementDateFrom":"2028-04-23","agreementDateTo":"2028-01-23"}
2025-02-28 15:29:08,355 [Test worker] INFO  o.j.t.i.r.l.EventLoggerTravelCalculatePremiumResponse - RESPONSE: {"errors":[{"field":"DateToLessDateFrom","message":"DateTo must not be less DateFrom"}],"personFirstName":null,"personLastName":null,"agreementDateFrom":null,"agreementDateTo":null,"agreementPrice":null}
2025-02-28 15:29:08,355 [Test worker] INFO  o.j.t.i.r.l.EventLoggerTravelCalculatePremiumRequest - Request processing time (ms): 0
2025-02-28 15:29:08,359 [Test worker] INFO  o.j.t.i.r.l.EventLoggerTravelCalculatePremiumRequest - REQUEST: {"personFirstName":"John","personLastName":"Doe","agreementDateFrom":"2028-01-23","agreementDateTo":null}
2025-02-28 15:29:08,360 [Test worker] INFO  o.j.t.i.r.l.EventLoggerTravelCalculatePremiumResponse - RESPONSE: {"errors":[{"field":"DateTo","message":"DateTo must not be null"}],"personFirstName":null,"personLastName":null,"agreementDateFrom":null,"agreementDateTo":null,"agreementPrice":null}
2025-02-28 15:29:08,360 [Test worker] INFO  o.j.t.i.r.l.EventLoggerTravelCalculatePremiumRequest - Request processing time (ms): 0
2025-02-28 15:29:08,364 [Test worker] INFO  o.j.t.i.r.l.EventLoggerTravelCalculatePremiumRequest - REQUEST: {"personFirstName":"","personLastName":"Doe","agreementDateFrom":"2028-01-23","agreementDateTo":"2028-04-23"}
2025-02-28 15:29:08,365 [Test worker] INFO  o.j.t.i.r.l.EventLoggerTravelCalculatePremiumResponse - RESPONSE: {"errors":[{"field":"PersonFirstName","message":"Must not be empty!"}],"personFirstName":null,"personLastName":null,"agreementDateFrom":null,"agreementDateTo":null,"agreementPrice":null}
2025-02-28 15:29:08,365 [Test worker] INFO  o.j.t.i.r.l.EventLoggerTravelCalculatePremiumRequest - Request processing time (ms): 0
