2025-02-26 20:46:22,009 [Test worker] INFO  o.s.t.c.s.AnnotationConfigContextLoaderUtils - Could not detect default configuration classes for test class [org.javaguru.travel.insurance.rest.TravelCalculatePremiumControllerTest]: TravelCalculatePremiumControllerTest does not declare any static, non-private, non-final, nested classes annotated with @Configuration.
2025-02-26 20:46:22,067 [Test worker] INFO  o.s.b.t.c.SpringBootTestContextBootstrapper - Found @SpringBootConfiguration org.javaguru.travel.insurance.InsuranceApplication for test class org.javaguru.travel.insurance.rest.TravelCalculatePremiumControllerTest
2025-02-26 20:46:22,226 [Test worker] INFO  o.j.t.i.r.TravelCalculatePremiumControllerTest - Starting TravelCalculatePremiumControllerTest using Java 21.0.6 with PID 26092 (started by a--- in /Users/a---/Desktop/My files/intelliJ IDEA FILE/2025_virtual_internship/student_morozov_nikita)
2025-02-26 20:46:22,227 [Test worker] INFO  o.j.t.i.r.TravelCalculatePremiumControllerTest - No active profile set, falling back to 1 default profile: "default"
2025-02-26 20:46:22,698 [Test worker] INFO  o.s.b.t.m.w.SpringBootMockServletContext - Initializing Spring TestDispatcherServlet ''
2025-02-26 20:46:22,699 [Test worker] INFO  o.s.t.w.s.TestDispatcherServlet - Initializing Servlet ''
2025-02-26 20:46:22,699 [Test worker] INFO  o.s.t.w.s.TestDispatcherServlet - Completed initialization in 0 ms
2025-02-26 20:46:22,709 [Test worker] INFO  o.j.t.i.r.TravelCalculatePremiumControllerTest - Started TravelCalculatePremiumControllerTest in 0.582 seconds (process running for 1.791)
2025-02-26 20:46:22,766 [Test worker] INFO  o.j.t.i.r.LoggerTravelCalculatePremiumRequest - REQUEST: {"personFirstName":"John","personLastName":"","agreementDateFrom":"2028-01-23","agreementDateTo":"2028-04-23"}
2025-02-26 20:46:22,769 [Test worker] INFO  o.j.t.i.r.LoggerTravelCalculatePremiumResponse - RESPONSE: {"errors":[{"field":"PersonLastName","message":"Must not be empty!"}],"personFirstName":null,"personLastName":null,"agreementDateFrom":null,"agreementDateTo":null,"agreementPrice":null}
2025-02-26 20:46:22,770 [Test worker] INFO  o.j.t.i.r.LoggerTravelCalculatePremiumRequest - Request processing time (ms): 8
2025-02-26 20:46:22,786 [Test worker] INFO  o.j.t.i.r.LoggerTravelCalculatePremiumRequest - REQUEST: {"personFirstName":"John","personLastName":"Doe","agreementDateFrom":"2020-01-23","agreementDateTo":"2020-04-23"}
2025-02-26 20:46:22,787 [Test worker] INFO  o.j.t.i.r.LoggerTravelCalculatePremiumResponse - RESPONSE: {"errors":[{"field":"InvalidDate","message":"Both DateFrom and DateTo must be in the future"}],"personFirstName":null,"personLastName":null,"agreementDateFrom":null,"agreementDateTo":null,"agreementPrice":null}
2025-02-26 20:46:22,787 [Test worker] INFO  o.j.t.i.r.LoggerTravelCalculatePremiumRequest - Request processing time (ms): 0
2025-02-26 20:46:22,792 [Test worker] INFO  o.j.t.i.r.LoggerTravelCalculatePremiumRequest - REQUEST: {"personFirstName":"John","personLastName":"Doe","agreementDateFrom":null,"agreementDateTo":"2028-04-23"}
2025-02-26 20:46:22,792 [Test worker] INFO  o.j.t.i.r.LoggerTravelCalculatePremiumResponse - RESPONSE: {"errors":[{"field":"DateFrom","message":"DateFrom must not be null"}],"personFirstName":null,"personLastName":null,"agreementDateFrom":null,"agreementDateTo":null,"agreementPrice":null}
2025-02-26 20:46:22,792 [Test worker] INFO  o.j.t.i.r.LoggerTravelCalculatePremiumRequest - Request processing time (ms): 0
2025-02-26 20:46:22,798 [Test worker] INFO  o.j.t.i.r.LoggerTravelCalculatePremiumRequest - REQUEST: {"personFirstName":"John","personLastName":"Doe","agreementDateFrom":"2028-01-23","agreementDateTo":"2028-04-23"}
2025-02-26 20:46:22,801 [Test worker] INFO  o.j.t.i.r.LoggerTravelCalculatePremiumResponse - RESPONSE: {"errors":null,"personFirstName":"John","personLastName":"Doe","agreementDateFrom":"2028-01-23","agreementDateTo":"2028-04-23","agreementPrice":91}
2025-02-26 20:46:22,801 [Test worker] INFO  o.j.t.i.r.LoggerTravelCalculatePremiumRequest - Request processing time (ms): 3
2025-02-26 20:46:22,806 [Test worker] INFO  o.j.t.i.r.LoggerTravelCalculatePremiumRequest - REQUEST: {"personFirstName":"John","personLastName":"Doe","agreementDateFrom":"2028-04-23","agreementDateTo":"2028-01-23"}
2025-02-26 20:46:22,807 [Test worker] INFO  o.j.t.i.r.LoggerTravelCalculatePremiumResponse - RESPONSE: {"errors":[{"field":"DateToLessDateFrom","message":"DateTo must not be less DateFrom"}],"personFirstName":null,"personLastName":null,"agreementDateFrom":null,"agreementDateTo":null,"agreementPrice":null}
2025-02-26 20:46:22,807 [Test worker] INFO  o.j.t.i.r.LoggerTravelCalculatePremiumRequest - Request processing time (ms): 0
2025-02-26 20:46:22,810 [Test worker] INFO  o.j.t.i.r.LoggerTravelCalculatePremiumRequest - REQUEST: {"personFirstName":"John","personLastName":"Doe","agreementDateFrom":"2028-01-23","agreementDateTo":null}
2025-02-26 20:46:22,811 [Test worker] INFO  o.j.t.i.r.LoggerTravelCalculatePremiumResponse - RESPONSE: {"errors":[{"field":"DateTo","message":"DateTo must not be null"}],"personFirstName":null,"personLastName":null,"agreementDateFrom":null,"agreementDateTo":null,"agreementPrice":null}
2025-02-26 20:46:22,811 [Test worker] INFO  o.j.t.i.r.LoggerTravelCalculatePremiumRequest - Request processing time (ms): 0
2025-02-26 20:46:22,814 [Test worker] INFO  o.j.t.i.r.LoggerTravelCalculatePremiumRequest - REQUEST: {"personFirstName":"","personLastName":"Doe","agreementDateFrom":"2028-01-23","agreementDateTo":"2028-04-23"}
2025-02-26 20:46:22,814 [Test worker] INFO  o.j.t.i.r.LoggerTravelCalculatePremiumResponse - RESPONSE: {"errors":[{"field":"PersonFirstName","message":"Must not be empty!"}],"personFirstName":null,"personLastName":null,"agreementDateFrom":null,"agreementDateTo":null,"agreementPrice":null}
2025-02-26 20:46:22,814 [Test worker] INFO  o.j.t.i.r.LoggerTravelCalculatePremiumRequest - Request processing time (ms): 0
