2025-03-03 19:54:46,138 [Test worker] INFO  o.s.t.c.s.AnnotationConfigContextLoaderUtils - Could not detect default configuration classes for test class [org.javaguru.travel.insurance.rest.TravelCalculatePremiumControllerTest]: TravelCalculatePremiumControllerTest does not declare any static, non-private, non-final, nested classes annotated with @Configuration.
2025-03-03 19:54:46,200 [Test worker] INFO  o.s.b.t.c.SpringBootTestContextBootstrapper - Found @SpringBootConfiguration org.javaguru.travel.insurance.InsuranceApplication for test class org.javaguru.travel.insurance.rest.TravelCalculatePremiumControllerTest
2025-03-03 19:54:46,370 [Test worker] INFO  o.j.t.i.r.TravelCalculatePremiumControllerTest - Starting TravelCalculatePremiumControllerTest using Java 21.0.6 with PID 28273 (started by a--- in /Users/a---/Desktop/My files/intelliJ IDEA FILE/2025_virtual_internship/student_morozov_nikita)
2025-03-03 19:54:46,370 [Test worker] INFO  o.j.t.i.r.TravelCalculatePremiumControllerTest - No active profile set, falling back to 1 default profile: "default"
2025-03-03 19:54:46,895 [Test worker] INFO  o.s.b.t.m.w.SpringBootMockServletContext - Initializing Spring TestDispatcherServlet ''
2025-03-03 19:54:46,896 [Test worker] INFO  o.s.t.w.s.TestDispatcherServlet - Initializing Servlet ''
2025-03-03 19:54:46,897 [Test worker] INFO  o.s.t.w.s.TestDispatcherServlet - Completed initialization in 0 ms
2025-03-03 19:54:46,908 [Test worker] INFO  o.j.t.i.r.TravelCalculatePremiumControllerTest - Started TravelCalculatePremiumControllerTest in 0.648 seconds (process running for 2.061)
2025-03-03 19:54:46,974 [Test worker] INFO  o.j.t.i.r.l.EventLoggerTravelCalculatePremiumRequest - REQUEST: {"personFirstName":"John","personLastName":"","agreementDateFrom":"2028-01-23","agreementDateTo":"2028-04-23","selectedRisks":null}
2025-03-03 19:54:46,985 [Test worker] INFO  o.j.t.i.r.l.EventLoggerTravelCalculatePremiumRequest - REQUEST: {"personFirstName":"John","personLastName":"Doe","agreementDateFrom":"2020-01-23","agreementDateTo":"2020-04-23","selectedRisks":null}
2025-03-03 19:54:46,989 [Test worker] INFO  o.j.t.i.r.l.EventLoggerTravelCalculatePremiumRequest - REQUEST: {"personFirstName":"John","personLastName":"Doe","agreementDateFrom":null,"agreementDateTo":"2028-04-23","selectedRisks":null}
2025-03-03 19:54:46,992 [Test worker] INFO  o.j.t.i.r.l.EventLoggerTravelCalculatePremiumRequest - REQUEST: {"personFirstName":"John","personLastName":"Doe","agreementDateFrom":"2028-01-23","agreementDateTo":"2028-04-23","selectedRisks":null}
2025-03-03 19:54:46,997 [Test worker] INFO  o.j.t.i.r.l.EventLoggerTravelCalculatePremiumRequest - REQUEST: {"personFirstName":"John","personLastName":"Doe","agreementDateFrom":"2028-04-23","agreementDateTo":"2028-01-23","selectedRisks":null}
2025-03-03 19:54:47,002 [Test worker] INFO  o.j.t.i.r.l.EventLoggerTravelCalculatePremiumRequest - REQUEST: {"personFirstName":"John","personLastName":"Doe","agreementDateFrom":"2028-01-23","agreementDateTo":null,"selectedRisks":null}
2025-03-03 19:54:47,009 [Test worker] INFO  o.j.t.i.r.l.EventLoggerTravelCalculatePremiumRequest - REQUEST: {"personFirstName":"","personLastName":"Doe","agreementDateFrom":"2028-01-23","agreementDateTo":"2028-04-23","selectedRisks":null}
2025-03-03 20:10:18,631 [Test worker] INFO  o.s.t.c.s.AnnotationConfigContextLoaderUtils - Could not detect default configuration classes for test class [org.javaguru.travel.insurance.rest.TravelCalculatePremiumControllerTest]: TravelCalculatePremiumControllerTest does not declare any static, non-private, non-final, nested classes annotated with @Configuration.
2025-03-03 20:10:18,681 [Test worker] INFO  o.s.b.t.c.SpringBootTestContextBootstrapper - Found @SpringBootConfiguration org.javaguru.travel.insurance.InsuranceApplication for test class org.javaguru.travel.insurance.rest.TravelCalculatePremiumControllerTest
2025-03-03 20:10:18,835 [Test worker] INFO  o.j.t.i.r.TravelCalculatePremiumControllerTest - Starting TravelCalculatePremiumControllerTest using Java 21.0.6 with PID 28523 (started by a--- in /Users/a---/Desktop/My files/intelliJ IDEA FILE/2025_virtual_internship/student_morozov_nikita)
2025-03-03 20:10:18,836 [Test worker] INFO  o.j.t.i.r.TravelCalculatePremiumControllerTest - No active profile set, falling back to 1 default profile: "default"
2025-03-03 20:10:19,335 [Test worker] INFO  o.s.b.t.m.w.SpringBootMockServletContext - Initializing Spring TestDispatcherServlet ''
2025-03-03 20:10:19,335 [Test worker] INFO  o.s.t.w.s.TestDispatcherServlet - Initializing Servlet ''
2025-03-03 20:10:19,336 [Test worker] INFO  o.s.t.w.s.TestDispatcherServlet - Completed initialization in 0 ms
2025-03-03 20:10:19,349 [Test worker] INFO  o.j.t.i.r.TravelCalculatePremiumControllerTest - Started TravelCalculatePremiumControllerTest in 0.604 seconds (process running for 1.182)
2025-03-03 20:10:19,914 [Test worker] INFO  o.j.t.i.r.l.EventLoggerTravelCalculatePremiumRequest - REQUEST: {"personFirstName":"John","personLastName":"","agreementDateFrom":"2028-01-23","agreementDateTo":"2028-04-23","selectedRisks":["TRAVEL_MEDICAL","TRAVEL_CANCELLATION","TRAVEL_LOSS_BAGGAGE"]}
2025-03-03 20:10:19,920 [Test worker] INFO  o.j.t.i.r.l.EventLoggerTravelCalculatePremiumResponse - RESPONSE: {"errors":[{"field":"PersonLastName","message":"Must not be empty!"}],"personFirstName":null,"personLastName":null,"agreementDateFrom":null,"agreementDateTo":null,"agreementPrice":null}
2025-03-03 20:10:19,920 [Test worker] INFO  o.j.t.i.r.l.EventLoggerTravelCalculatePremiumRequest - Request processing time (ms): 12
2025-03-03 20:10:19,942 [Test worker] INFO  o.j.t.i.r.l.EventLoggerTravelCalculatePremiumRequest - REQUEST: {"personFirstName":"John","personLastName":"Doe","agreementDateFrom":"2020-01-23","agreementDateTo":"2020-04-23","selectedRisks":["TRAVEL_MEDICAL","TRAVEL_CANCELLATION","TRAVEL_LOSS_BAGGAGE"]}
2025-03-03 20:10:19,942 [Test worker] INFO  o.j.t.i.r.l.EventLoggerTravelCalculatePremiumResponse - RESPONSE: {"errors":[{"field":"InvalidDate","message":"Both DateFrom and DateTo must be in the future"}],"personFirstName":null,"personLastName":null,"agreementDateFrom":null,"agreementDateTo":null,"agreementPrice":null}
2025-03-03 20:10:19,942 [Test worker] INFO  o.j.t.i.r.l.EventLoggerTravelCalculatePremiumRequest - Request processing time (ms): 0
2025-03-03 20:10:19,952 [Test worker] INFO  o.j.t.i.r.l.EventLoggerTravelCalculatePremiumRequest - REQUEST: {"personFirstName":"John","personLastName":"Doe","agreementDateFrom":null,"agreementDateTo":"2028-04-23","selectedRisks":["TRAVEL_MEDICAL","TRAVEL_CANCELLATION","TRAVEL_LOSS_BAGGAGE"]}
2025-03-03 20:10:19,953 [Test worker] INFO  o.j.t.i.r.l.EventLoggerTravelCalculatePremiumResponse - RESPONSE: {"errors":[{"field":"DateFrom","message":"DateFrom must not be null"}],"personFirstName":null,"personLastName":null,"agreementDateFrom":null,"agreementDateTo":null,"agreementPrice":null}
2025-03-03 20:10:19,954 [Test worker] INFO  o.j.t.i.r.l.EventLoggerTravelCalculatePremiumRequest - Request processing time (ms): 1
2025-03-03 20:10:19,963 [Test worker] INFO  o.j.t.i.r.l.EventLoggerTravelCalculatePremiumRequest - REQUEST: {"personFirstName":"John","personLastName":"Doe","agreementDateFrom":"2028-01-23","agreementDateTo":"2028-04-23","selectedRisks":["TRAVEL_MEDICAL","TRAVEL_CANCELLATION","TRAVEL_LOSS_BAGGAGE"]}
2025-03-03 20:10:19,969 [Test worker] INFO  o.j.t.i.r.l.EventLoggerTravelCalculatePremiumResponse - RESPONSE: {"errors":null,"personFirstName":"John","personLastName":"Doe","agreementDateFrom":"2028-01-23","agreementDateTo":"2028-04-23","agreementPrice":91}
2025-03-03 20:10:19,969 [Test worker] INFO  o.j.t.i.r.l.EventLoggerTravelCalculatePremiumRequest - Request processing time (ms): 6
2025-03-03 20:10:19,976 [Test worker] INFO  o.j.t.i.r.l.EventLoggerTravelCalculatePremiumRequest - REQUEST: {"personFirstName":"John","personLastName":"Doe","agreementDateFrom":"2028-04-23","agreementDateTo":"2028-01-23","selectedRisks":["TRAVEL_MEDICAL","TRAVEL_CANCELLATION","TRAVEL_LOSS_BAGGAGE"]}
2025-03-03 20:10:19,976 [Test worker] INFO  o.j.t.i.r.l.EventLoggerTravelCalculatePremiumResponse - RESPONSE: {"errors":[{"field":"DateToLessDateFrom","message":"DateTo must not be less DateFrom"}],"personFirstName":null,"personLastName":null,"agreementDateFrom":null,"agreementDateTo":null,"agreementPrice":null}
2025-03-03 20:10:19,977 [Test worker] INFO  o.j.t.i.r.l.EventLoggerTravelCalculatePremiumRequest - Request processing time (ms): 0
2025-03-03 20:10:19,981 [Test worker] INFO  o.j.t.i.r.l.EventLoggerTravelCalculatePremiumRequest - REQUEST: {"personFirstName":"John","personLastName":"Doe","agreementDateFrom":"2028-01-23","agreementDateTo":null,"selectedRisks":["TRAVEL_MEDICAL","TRAVEL_CANCELLATION","TRAVEL_LOSS_BAGGAGE"]}
2025-03-03 20:10:19,982 [Test worker] INFO  o.j.t.i.r.l.EventLoggerTravelCalculatePremiumResponse - RESPONSE: {"errors":[{"field":"DateTo","message":"DateTo must not be null"}],"personFirstName":null,"personLastName":null,"agreementDateFrom":null,"agreementDateTo":null,"agreementPrice":null}
2025-03-03 20:10:19,982 [Test worker] INFO  o.j.t.i.r.l.EventLoggerTravelCalculatePremiumRequest - Request processing time (ms): 0
2025-03-03 20:10:19,987 [Test worker] INFO  o.j.t.i.r.l.EventLoggerTravelCalculatePremiumRequest - REQUEST: {"personFirstName":"","personLastName":"Doe","agreementDateFrom":"2028-01-23","agreementDateTo":"2028-04-23","selectedRisks":["TRAVEL_MEDICAL","TRAVEL_CANCELLATION","TRAVEL_LOSS_BAGGAGE"]}
2025-03-03 20:10:19,988 [Test worker] INFO  o.j.t.i.r.l.EventLoggerTravelCalculatePremiumResponse - RESPONSE: {"errors":[{"field":"PersonFirstName","message":"Must not be empty!"}],"personFirstName":null,"personLastName":null,"agreementDateFrom":null,"agreementDateTo":null,"agreementPrice":null}
2025-03-03 20:10:19,988 [Test worker] INFO  o.j.t.i.r.l.EventLoggerTravelCalculatePremiumRequest - Request processing time (ms): 1
2025-03-03 20:12:28,186 [Test worker] INFO  o.s.t.c.s.AnnotationConfigContextLoaderUtils - Could not detect default configuration classes for test class [org.javaguru.travel.insurance.rest.TravelCalculatePremiumControllerTest]: TravelCalculatePremiumControllerTest does not declare any static, non-private, non-final, nested classes annotated with @Configuration.
2025-03-03 20:12:28,243 [Test worker] INFO  o.s.b.t.c.SpringBootTestContextBootstrapper - Found @SpringBootConfiguration org.javaguru.travel.insurance.InsuranceApplication for test class org.javaguru.travel.insurance.rest.TravelCalculatePremiumControllerTest
2025-03-03 20:12:28,393 [Test worker] INFO  o.j.t.i.r.TravelCalculatePremiumControllerTest - Starting TravelCalculatePremiumControllerTest using Java 21.0.6 with PID 28601 (started by a--- in /Users/a---/Desktop/My files/intelliJ IDEA FILE/2025_virtual_internship/student_morozov_nikita)
2025-03-03 20:12:28,394 [Test worker] INFO  o.j.t.i.r.TravelCalculatePremiumControllerTest - No active profile set, falling back to 1 default profile: "default"
2025-03-03 20:12:28,979 [Test worker] INFO  o.s.b.t.m.w.SpringBootMockServletContext - Initializing Spring TestDispatcherServlet ''
2025-03-03 20:12:28,979 [Test worker] INFO  o.s.t.w.s.TestDispatcherServlet - Initializing Servlet ''
2025-03-03 20:12:28,980 [Test worker] INFO  o.s.t.w.s.TestDispatcherServlet - Completed initialization in 1 ms
2025-03-03 20:12:28,995 [Test worker] INFO  o.j.t.i.r.TravelCalculatePremiumControllerTest - Started TravelCalculatePremiumControllerTest in 0.698 seconds (process running for 1.994)
2025-03-03 20:12:29,066 [Test worker] INFO  o.j.t.i.r.l.EventLoggerTravelCalculatePremiumRequest - REQUEST: {"personFirstName":"John","personLastName":"","agreementDateFrom":"2028-01-23","agreementDateTo":"2028-04-23","selectedRisks":["TRAVEL_MEDICAL","TRAVEL_CANCELLATION","TRAVEL_LOSS_BAGGAGE"]}
2025-03-03 20:12:29,071 [Test worker] INFO  o.j.t.i.r.l.EventLoggerTravelCalculatePremiumResponse - RESPONSE: {"errors":[{"field":"PersonLastName","message":"Must not be empty!"}],"personFirstName":null,"personLastName":null,"agreementDateFrom":null,"agreementDateTo":null,"agreementPrice":null}
2025-03-03 20:12:29,072 [Test worker] INFO  o.j.t.i.r.l.EventLoggerTravelCalculatePremiumRequest - Request processing time (ms): 13
2025-03-03 20:12:29,108 [Test worker] INFO  o.j.t.i.r.l.EventLoggerTravelCalculatePremiumRequest - REQUEST: {"personFirstName":"John","personLastName":"Doe","agreementDateFrom":"2020-01-23","agreementDateTo":"2020-04-23","selectedRisks":["TRAVEL_MEDICAL","TRAVEL_CANCELLATION","TRAVEL_LOSS_BAGGAGE"]}
2025-03-03 20:12:29,110 [Test worker] INFO  o.j.t.i.r.l.EventLoggerTravelCalculatePremiumResponse - RESPONSE: {"errors":[{"field":"InvalidDate","message":"Both DateFrom and DateTo must be in the future"}],"personFirstName":null,"personLastName":null,"agreementDateFrom":null,"agreementDateTo":null,"agreementPrice":null}
2025-03-03 20:12:29,110 [Test worker] INFO  o.j.t.i.r.l.EventLoggerTravelCalculatePremiumRequest - Request processing time (ms): 2
2025-03-03 20:12:29,119 [Test worker] INFO  o.j.t.i.r.l.EventLoggerTravelCalculatePremiumRequest - REQUEST: {"personFirstName":"John","personLastName":"Doe","agreementDateFrom":null,"agreementDateTo":"2028-04-23","selectedRisks":["TRAVEL_MEDICAL","TRAVEL_CANCELLATION","TRAVEL_LOSS_BAGGAGE"]}
2025-03-03 20:12:29,120 [Test worker] INFO  o.j.t.i.r.l.EventLoggerTravelCalculatePremiumResponse - RESPONSE: {"errors":[{"field":"DateFrom","message":"DateFrom must not be null"}],"personFirstName":null,"personLastName":null,"agreementDateFrom":null,"agreementDateTo":null,"agreementPrice":null}
2025-03-03 20:12:29,120 [Test worker] INFO  o.j.t.i.r.l.EventLoggerTravelCalculatePremiumRequest - Request processing time (ms): 1
2025-03-03 20:12:29,126 [Test worker] INFO  o.j.t.i.r.l.EventLoggerTravelCalculatePremiumRequest - REQUEST: {"personFirstName":"John","personLastName":"Doe","agreementDateFrom":"2028-01-23","agreementDateTo":"2028-04-23","selectedRisks":["TRAVEL_MEDICAL","TRAVEL_CANCELLATION","TRAVEL_LOSS_BAGGAGE"]}
2025-03-03 20:12:29,129 [Test worker] INFO  o.j.t.i.r.l.EventLoggerTravelCalculatePremiumResponse - RESPONSE: {"errors":null,"personFirstName":"John","personLastName":"Doe","agreementDateFrom":"2028-01-23","agreementDateTo":"2028-04-23","agreementPrice":91}
2025-03-03 20:12:29,129 [Test worker] INFO  o.j.t.i.r.l.EventLoggerTravelCalculatePremiumRequest - Request processing time (ms): 3
2025-03-03 20:12:29,140 [Test worker] INFO  o.j.t.i.r.l.EventLoggerTravelCalculatePremiumRequest - REQUEST: {"personFirstName":"John","personLastName":"Doe","agreementDateFrom":"2028-04-23","agreementDateTo":"2028-01-23","selectedRisks":["TRAVEL_MEDICAL","TRAVEL_CANCELLATION","TRAVEL_LOSS_BAGGAGE"]}
2025-03-03 20:12:29,141 [Test worker] INFO  o.j.t.i.r.l.EventLoggerTravelCalculatePremiumResponse - RESPONSE: {"errors":[{"field":"DateToLessDateFrom","message":"DateTo must not be less DateFrom"}],"personFirstName":null,"personLastName":null,"agreementDateFrom":null,"agreementDateTo":null,"agreementPrice":null}
2025-03-03 20:12:29,141 [Test worker] INFO  o.j.t.i.r.l.EventLoggerTravelCalculatePremiumRequest - Request processing time (ms): 1
2025-03-03 20:12:29,149 [Test worker] INFO  o.j.t.i.r.l.EventLoggerTravelCalculatePremiumRequest - REQUEST: {"personFirstName":"John","personLastName":"Doe","agreementDateFrom":"2028-01-23","agreementDateTo":null,"selectedRisks":["TRAVEL_MEDICAL","TRAVEL_CANCELLATION","TRAVEL_LOSS_BAGGAGE"]}
2025-03-03 20:12:29,150 [Test worker] INFO  o.j.t.i.r.l.EventLoggerTravelCalculatePremiumResponse - RESPONSE: {"errors":[{"field":"DateTo","message":"DateTo must not be null"}],"personFirstName":null,"personLastName":null,"agreementDateFrom":null,"agreementDateTo":null,"agreementPrice":null}
2025-03-03 20:12:29,150 [Test worker] INFO  o.j.t.i.r.l.EventLoggerTravelCalculatePremiumRequest - Request processing time (ms): 0
2025-03-03 20:12:29,157 [Test worker] INFO  o.j.t.i.r.l.EventLoggerTravelCalculatePremiumRequest - REQUEST: {"personFirstName":"","personLastName":"Doe","agreementDateFrom":"2021-01-23","agreementDateTo":"2028-04-23","selectedRisks":["TRAVEL_MEDICAL","TRAVEL_CANCELLATION","TRAVEL_LOSS_BAGGAGE"]}
2025-03-03 20:12:29,158 [Test worker] INFO  o.j.t.i.r.l.EventLoggerTravelCalculatePremiumResponse - RESPONSE: {"errors":[{"field":"InvalidDate","message":"Both DateFrom and DateTo must be in the future"},{"field":"PersonFirstName","message":"Must not be empty!"}],"personFirstName":null,"personLastName":null,"agreementDateFrom":null,"agreementDateTo":null,"agreementPrice":null}
2025-03-03 20:12:29,158 [Test worker] INFO  o.j.t.i.r.l.EventLoggerTravelCalculatePremiumRequest - Request processing time (ms): 0
2025-03-03 20:12:58,937 [Test worker] INFO  o.s.t.c.s.AnnotationConfigContextLoaderUtils - Could not detect default configuration classes for test class [org.javaguru.travel.insurance.rest.TravelCalculatePremiumControllerTest]: TravelCalculatePremiumControllerTest does not declare any static, non-private, non-final, nested classes annotated with @Configuration.
2025-03-03 20:12:58,992 [Test worker] INFO  o.s.b.t.c.SpringBootTestContextBootstrapper - Found @SpringBootConfiguration org.javaguru.travel.insurance.InsuranceApplication for test class org.javaguru.travel.insurance.rest.TravelCalculatePremiumControllerTest
2025-03-03 20:12:59,144 [Test worker] INFO  o.j.t.i.r.TravelCalculatePremiumControllerTest - Starting TravelCalculatePremiumControllerTest using Java 21.0.6 with PID 28627 (started by a--- in /Users/a---/Desktop/My files/intelliJ IDEA FILE/2025_virtual_internship/student_morozov_nikita)
2025-03-03 20:12:59,145 [Test worker] INFO  o.j.t.i.r.TravelCalculatePremiumControllerTest - No active profile set, falling back to 1 default profile: "default"
2025-03-03 20:12:59,651 [Test worker] INFO  o.s.b.t.m.w.SpringBootMockServletContext - Initializing Spring TestDispatcherServlet ''
2025-03-03 20:12:59,651 [Test worker] INFO  o.s.t.w.s.TestDispatcherServlet - Initializing Servlet ''
2025-03-03 20:12:59,652 [Test worker] INFO  o.s.t.w.s.TestDispatcherServlet - Completed initialization in 1 ms
2025-03-03 20:12:59,663 [Test worker] INFO  o.j.t.i.r.TravelCalculatePremiumControllerTest - Started TravelCalculatePremiumControllerTest in 0.619 seconds (process running for 1.887)
2025-03-03 20:12:59,732 [Test worker] INFO  o.j.t.i.r.l.EventLoggerTravelCalculatePremiumRequest - REQUEST: {"personFirstName":"John","personLastName":"","agreementDateFrom":"2028-01-23","agreementDateTo":"2028-04-23","selectedRisks":["TRAVEL_MEDICAL","TRAVEL_CANCELLATION","TRAVEL_LOSS_BAGGAGE"]}
2025-03-03 20:12:59,735 [Test worker] INFO  o.j.t.i.r.l.EventLoggerTravelCalculatePremiumResponse - RESPONSE: {"errors":[{"field":"PersonLastName","message":"Must not be empty!"}],"personFirstName":null,"personLastName":null,"agreementDateFrom":null,"agreementDateTo":null,"agreementPrice":null}
2025-03-03 20:12:59,735 [Test worker] INFO  o.j.t.i.r.l.EventLoggerTravelCalculatePremiumRequest - Request processing time (ms): 10
2025-03-03 20:12:59,754 [Test worker] INFO  o.j.t.i.r.l.EventLoggerTravelCalculatePremiumRequest - REQUEST: {"personFirstName":"John","personLastName":"Doe","agreementDateFrom":"2020-01-23","agreementDateTo":"2020-04-23","selectedRisks":["TRAVEL_MEDICAL","TRAVEL_CANCELLATION","TRAVEL_LOSS_BAGGAGE"]}
2025-03-03 20:12:59,754 [Test worker] INFO  o.j.t.i.r.l.EventLoggerTravelCalculatePremiumResponse - RESPONSE: {"errors":[{"field":"InvalidDate","message":"Both DateFrom and DateTo must be in the future"}],"personFirstName":null,"personLastName":null,"agreementDateFrom":null,"agreementDateTo":null,"agreementPrice":null}
2025-03-03 20:12:59,754 [Test worker] INFO  o.j.t.i.r.l.EventLoggerTravelCalculatePremiumRequest - Request processing time (ms): 0
2025-03-03 20:12:59,758 [Test worker] INFO  o.j.t.i.r.l.EventLoggerTravelCalculatePremiumRequest - REQUEST: {"personFirstName":"John","personLastName":"Doe","agreementDateFrom":null,"agreementDateTo":"2028-04-23","selectedRisks":["TRAVEL_MEDICAL","TRAVEL_CANCELLATION","TRAVEL_LOSS_BAGGAGE"]}
2025-03-03 20:12:59,759 [Test worker] INFO  o.j.t.i.r.l.EventLoggerTravelCalculatePremiumResponse - RESPONSE: {"errors":[{"field":"DateFrom","message":"DateFrom must not be null"}],"personFirstName":null,"personLastName":null,"agreementDateFrom":null,"agreementDateTo":null,"agreementPrice":null}
2025-03-03 20:12:59,759 [Test worker] INFO  o.j.t.i.r.l.EventLoggerTravelCalculatePremiumRequest - Request processing time (ms): 0
2025-03-03 20:12:59,764 [Test worker] INFO  o.j.t.i.r.l.EventLoggerTravelCalculatePremiumRequest - REQUEST: {"personFirstName":"John","personLastName":"Doe","agreementDateFrom":"2028-01-23","agreementDateTo":"2028-04-23","selectedRisks":["TRAVEL_MEDICAL","TRAVEL_CANCELLATION","TRAVEL_LOSS_BAGGAGE"]}
2025-03-03 20:12:59,767 [Test worker] INFO  o.j.t.i.r.l.EventLoggerTravelCalculatePremiumResponse - RESPONSE: {"errors":null,"personFirstName":"John","personLastName":"Doe","agreementDateFrom":"2028-01-23","agreementDateTo":"2028-04-23","agreementPrice":91}
2025-03-03 20:12:59,767 [Test worker] INFO  o.j.t.i.r.l.EventLoggerTravelCalculatePremiumRequest - Request processing time (ms): 3
2025-03-03 20:12:59,773 [Test worker] INFO  o.j.t.i.r.l.EventLoggerTravelCalculatePremiumRequest - REQUEST: {"personFirstName":"John","personLastName":"Doe","agreementDateFrom":"2028-04-23","agreementDateTo":"2028-01-23","selectedRisks":["TRAVEL_MEDICAL","TRAVEL_CANCELLATION","TRAVEL_LOSS_BAGGAGE"]}
2025-03-03 20:12:59,774 [Test worker] INFO  o.j.t.i.r.l.EventLoggerTravelCalculatePremiumResponse - RESPONSE: {"errors":[{"field":"DateToLessDateFrom","message":"DateTo must not be less DateFrom"}],"personFirstName":null,"personLastName":null,"agreementDateFrom":null,"agreementDateTo":null,"agreementPrice":null}
2025-03-03 20:12:59,774 [Test worker] INFO  o.j.t.i.r.l.EventLoggerTravelCalculatePremiumRequest - Request processing time (ms): 0
2025-03-03 20:12:59,778 [Test worker] INFO  o.j.t.i.r.l.EventLoggerTravelCalculatePremiumRequest - REQUEST: {"personFirstName":"John","personLastName":"Doe","agreementDateFrom":"2028-01-23","agreementDateTo":null,"selectedRisks":["TRAVEL_MEDICAL","TRAVEL_CANCELLATION","TRAVEL_LOSS_BAGGAGE"]}
2025-03-03 20:12:59,778 [Test worker] INFO  o.j.t.i.r.l.EventLoggerTravelCalculatePremiumResponse - RESPONSE: {"errors":[{"field":"DateTo","message":"DateTo must not be null"}],"personFirstName":null,"personLastName":null,"agreementDateFrom":null,"agreementDateTo":null,"agreementPrice":null}
2025-03-03 20:12:59,778 [Test worker] INFO  o.j.t.i.r.l.EventLoggerTravelCalculatePremiumRequest - Request processing time (ms): 0
2025-03-03 20:12:59,784 [Test worker] INFO  o.j.t.i.r.l.EventLoggerTravelCalculatePremiumRequest - REQUEST: {"personFirstName":"","personLastName":"Doe","agreementDateFrom":"2021-01-23","agreementDateTo":"2028-04-23","selectedRisks":["TRAVEL_MEDICAL","TRAVEL_CANCELLATION","TRAVEL_LOSS_BAGGAGE"]}
2025-03-03 20:12:59,785 [Test worker] INFO  o.j.t.i.r.l.EventLoggerTravelCalculatePremiumResponse - RESPONSE: {"errors":[{"field":"InvalidDate","message":"Both DateFrom and DateTo must be in the future"},{"field":"PersonFirstName","message":"Must not be empty!"}],"personFirstName":null,"personLastName":null,"agreementDateFrom":null,"agreementDateTo":null,"agreementPrice":null}
2025-03-03 20:12:59,785 [Test worker] INFO  o.j.t.i.r.l.EventLoggerTravelCalculatePremiumRequest - Request processing time (ms): 0
2025-03-03 20:13:19,224 [Test worker] INFO  o.s.t.c.s.AnnotationConfigContextLoaderUtils - Could not detect default configuration classes for test class [org.javaguru.travel.insurance.rest.TravelCalculatePremiumControllerTest]: TravelCalculatePremiumControllerTest does not declare any static, non-private, non-final, nested classes annotated with @Configuration.
2025-03-03 20:13:19,277 [Test worker] INFO  o.s.b.t.c.SpringBootTestContextBootstrapper - Found @SpringBootConfiguration org.javaguru.travel.insurance.InsuranceApplication for test class org.javaguru.travel.insurance.rest.TravelCalculatePremiumControllerTest
2025-03-03 20:13:19,450 [Test worker] INFO  o.j.t.i.r.TravelCalculatePremiumControllerTest - Starting TravelCalculatePremiumControllerTest using Java 21.0.6 with PID 28643 (started by a--- in /Users/a---/Desktop/My files/intelliJ IDEA FILE/2025_virtual_internship/student_morozov_nikita)
2025-03-03 20:13:19,450 [Test worker] INFO  o.j.t.i.r.TravelCalculatePremiumControllerTest - No active profile set, falling back to 1 default profile: "default"
2025-03-03 20:13:19,955 [Test worker] INFO  o.s.b.t.m.w.SpringBootMockServletContext - Initializing Spring TestDispatcherServlet ''
2025-03-03 20:13:19,955 [Test worker] INFO  o.s.t.w.s.TestDispatcherServlet - Initializing Servlet ''
2025-03-03 20:13:19,956 [Test worker] INFO  o.s.t.w.s.TestDispatcherServlet - Completed initialization in 0 ms
2025-03-03 20:13:19,966 [Test worker] INFO  o.j.t.i.r.TravelCalculatePremiumControllerTest - Started TravelCalculatePremiumControllerTest in 0.628 seconds (process running for 1.886)
2025-03-03 20:13:20,027 [Test worker] INFO  o.j.t.i.r.l.EventLoggerTravelCalculatePremiumRequest - REQUEST: {"personFirstName":"John","personLastName":"","agreementDateFrom":"2028-01-23","agreementDateTo":"2028-04-23","selectedRisks":["TRAVEL_MEDICAL","TRAVEL_CANCELLATION","TRAVEL_LOSS_BAGGAGE"]}
2025-03-03 20:13:20,030 [Test worker] INFO  o.j.t.i.r.l.EventLoggerTravelCalculatePremiumResponse - RESPONSE: {"errors":[{"field":"PersonLastName","message":"Must not be empty!"}],"personFirstName":null,"personLastName":null,"agreementDateFrom":null,"agreementDateTo":null,"agreementPrice":null}
2025-03-03 20:13:20,031 [Test worker] INFO  o.j.t.i.r.l.EventLoggerTravelCalculatePremiumRequest - Request processing time (ms): 9
2025-03-03 20:13:20,062 [Test worker] INFO  o.j.t.i.r.l.EventLoggerTravelCalculatePremiumRequest - REQUEST: {"personFirstName":"John","personLastName":"Doe","agreementDateFrom":"2020-01-23","agreementDateTo":"2020-04-23","selectedRisks":["TRAVEL_MEDICAL","TRAVEL_CANCELLATION","TRAVEL_LOSS_BAGGAGE"]}
2025-03-03 20:13:20,063 [Test worker] INFO  o.j.t.i.r.l.EventLoggerTravelCalculatePremiumResponse - RESPONSE: {"errors":[{"field":"InvalidDate","message":"Both DateFrom and DateTo must be in the future"}],"personFirstName":null,"personLastName":null,"agreementDateFrom":null,"agreementDateTo":null,"agreementPrice":null}
2025-03-03 20:13:20,063 [Test worker] INFO  o.j.t.i.r.l.EventLoggerTravelCalculatePremiumRequest - Request processing time (ms): 0
2025-03-03 20:13:20,069 [Test worker] INFO  o.j.t.i.r.l.EventLoggerTravelCalculatePremiumRequest - REQUEST: {"personFirstName":"John","personLastName":"Doe","agreementDateFrom":null,"agreementDateTo":"2028-04-23","selectedRisks":["TRAVEL_MEDICAL","TRAVEL_CANCELLATION","TRAVEL_LOSS_BAGGAGE"]}
2025-03-03 20:13:20,070 [Test worker] INFO  o.j.t.i.r.l.EventLoggerTravelCalculatePremiumResponse - RESPONSE: {"errors":[{"field":"DateFrom","message":"DateFrom must not be null"}],"personFirstName":null,"personLastName":null,"agreementDateFrom":null,"agreementDateTo":null,"agreementPrice":null}
2025-03-03 20:13:20,070 [Test worker] INFO  o.j.t.i.r.l.EventLoggerTravelCalculatePremiumRequest - Request processing time (ms): 1
2025-03-03 20:13:20,074 [Test worker] INFO  o.j.t.i.r.l.EventLoggerTravelCalculatePremiumRequest - REQUEST: {"personFirstName":"John","personLastName":"Doe","agreementDateFrom":"2028-01-23","agreementDateTo":"2028-04-23","selectedRisks":["TRAVEL_MEDICAL","TRAVEL_CANCELLATION","TRAVEL_LOSS_BAGGAGE"]}
2025-03-03 20:13:20,077 [Test worker] INFO  o.j.t.i.r.l.EventLoggerTravelCalculatePremiumResponse - RESPONSE: {"errors":null,"personFirstName":"John","personLastName":"Doe","agreementDateFrom":"2028-01-23","agreementDateTo":"2028-04-23","agreementPrice":91}
2025-03-03 20:13:20,077 [Test worker] INFO  o.j.t.i.r.l.EventLoggerTravelCalculatePremiumRequest - Request processing time (ms): 3
2025-03-03 20:13:20,085 [Test worker] INFO  o.j.t.i.r.l.EventLoggerTravelCalculatePremiumRequest - REQUEST: {"personFirstName":"John","personLastName":"Doe","agreementDateFrom":"2028-04-23","agreementDateTo":"2028-01-23","selectedRisks":["TRAVEL_MEDICAL","TRAVEL_CANCELLATION","TRAVEL_LOSS_BAGGAGE"]}
2025-03-03 20:13:20,085 [Test worker] INFO  o.j.t.i.r.l.EventLoggerTravelCalculatePremiumResponse - RESPONSE: {"errors":[{"field":"DateToLessDateFrom","message":"DateTo must not be less DateFrom"}],"personFirstName":null,"personLastName":null,"agreementDateFrom":null,"agreementDateTo":null,"agreementPrice":null}
2025-03-03 20:13:20,085 [Test worker] INFO  o.j.t.i.r.l.EventLoggerTravelCalculatePremiumRequest - Request processing time (ms): 0
2025-03-03 20:13:20,089 [Test worker] INFO  o.j.t.i.r.l.EventLoggerTravelCalculatePremiumRequest - REQUEST: {"personFirstName":"John","personLastName":"Doe","agreementDateFrom":"2028-01-23","agreementDateTo":null,"selectedRisks":["TRAVEL_MEDICAL","TRAVEL_CANCELLATION","TRAVEL_LOSS_BAGGAGE"]}
2025-03-03 20:13:20,089 [Test worker] INFO  o.j.t.i.r.l.EventLoggerTravelCalculatePremiumResponse - RESPONSE: {"errors":[{"field":"DateTo","message":"DateTo must not be null"}],"personFirstName":null,"personLastName":null,"agreementDateFrom":null,"agreementDateTo":null,"agreementPrice":null}
2025-03-03 20:13:20,089 [Test worker] INFO  o.j.t.i.r.l.EventLoggerTravelCalculatePremiumRequest - Request processing time (ms): 0
2025-03-03 20:13:20,095 [Test worker] INFO  o.j.t.i.r.l.EventLoggerTravelCalculatePremiumRequest - REQUEST: {"personFirstName":"","personLastName":"Doe","agreementDateFrom":"2021-01-23","agreementDateTo":"2028-04-23","selectedRisks":["TRAVEL_MEDICAL","TRAVEL_CANCELLATION","TRAVEL_LOSS_BAGGAGE"]}
2025-03-03 20:13:20,096 [Test worker] INFO  o.j.t.i.r.l.EventLoggerTravelCalculatePremiumResponse - RESPONSE: {"errors":[{"field":"InvalidDate","message":"Both DateFrom and DateTo must be in the future"},{"field":"PersonFirstName","message":"Must not be empty!"}],"personFirstName":null,"personLastName":null,"agreementDateFrom":null,"agreementDateTo":null,"agreementPrice":null}
2025-03-03 20:13:20,096 [Test worker] INFO  o.j.t.i.r.l.EventLoggerTravelCalculatePremiumRequest - Request processing time (ms): 1
2025-03-03 20:14:27,123 [Test worker] INFO  o.s.t.c.s.AnnotationConfigContextLoaderUtils - Could not detect default configuration classes for test class [org.javaguru.travel.insurance.rest.TravelCalculatePremiumControllerTest]: TravelCalculatePremiumControllerTest does not declare any static, non-private, non-final, nested classes annotated with @Configuration.
2025-03-03 20:14:27,185 [Test worker] INFO  o.s.b.t.c.SpringBootTestContextBootstrapper - Found @SpringBootConfiguration org.javaguru.travel.insurance.InsuranceApplication for test class org.javaguru.travel.insurance.rest.TravelCalculatePremiumControllerTest
2025-03-03 20:14:27,352 [Test worker] INFO  o.j.t.i.r.TravelCalculatePremiumControllerTest - Starting TravelCalculatePremiumControllerTest using Java 21.0.6 with PID 28676 (started by a--- in /Users/a---/Desktop/My files/intelliJ IDEA FILE/2025_virtual_internship/student_morozov_nikita)
2025-03-03 20:14:27,353 [Test worker] INFO  o.j.t.i.r.TravelCalculatePremiumControllerTest - No active profile set, falling back to 1 default profile: "default"
2025-03-03 20:14:27,829 [Test worker] INFO  o.s.b.t.m.w.SpringBootMockServletContext - Initializing Spring TestDispatcherServlet ''
2025-03-03 20:14:27,829 [Test worker] INFO  o.s.t.w.s.TestDispatcherServlet - Initializing Servlet ''
2025-03-03 20:14:27,830 [Test worker] INFO  o.s.t.w.s.TestDispatcherServlet - Completed initialization in 1 ms
2025-03-03 20:14:27,842 [Test worker] INFO  o.j.t.i.r.TravelCalculatePremiumControllerTest - Started TravelCalculatePremiumControllerTest in 0.593 seconds (process running for 1.982)
2025-03-03 20:14:27,911 [Test worker] INFO  o.j.t.i.r.l.EventLoggerTravelCalculatePremiumRequest - REQUEST: {"personFirstName":"","personLastName":"","agreementDateFrom":"2020-01-23","agreementDateTo":"2019-04-23","selectedRisks":[]}
2025-03-03 20:14:27,913 [Test worker] INFO  o.j.t.i.r.l.EventLoggerTravelCalculatePremiumResponse - RESPONSE: {"errors":[{"field":"InvalidDate","message":"Both DateFrom and DateTo must be in the future"},{"field":"DateToLessDateFrom","message":"DateTo must not be less DateFrom"},{"field":"PersonFirstName","message":"Must not be empty!"},{"field":"PersonLastName","message":"Must not be empty!"},{"field":"SelectedRisks","message":"Must not be empty!"}],"personFirstName":null,"personLastName":null,"agreementDateFrom":null,"agreementDateTo":null,"agreementPrice":null}
2025-03-03 20:14:27,914 [Test worker] INFO  o.j.t.i.r.l.EventLoggerTravelCalculatePremiumRequest - Request processing time (ms): 9
2025-03-03 20:14:27,930 [Test worker] INFO  o.j.t.i.r.l.EventLoggerTravelCalculatePremiumRequest - REQUEST: {"personFirstName":"John","personLastName":"Doe","agreementDateFrom":"2020-01-23","agreementDateTo":"2020-04-23","selectedRisks":["TRAVEL_MEDICAL","TRAVEL_CANCELLATION","TRAVEL_LOSS_BAGGAGE"]}
2025-03-03 20:14:27,931 [Test worker] INFO  o.j.t.i.r.l.EventLoggerTravelCalculatePremiumResponse - RESPONSE: {"errors":[{"field":"InvalidDate","message":"Both DateFrom and DateTo must be in the future"}],"personFirstName":null,"personLastName":null,"agreementDateFrom":null,"agreementDateTo":null,"agreementPrice":null}
2025-03-03 20:14:27,931 [Test worker] INFO  o.j.t.i.r.l.EventLoggerTravelCalculatePremiumRequest - Request processing time (ms): 0
2025-03-03 20:14:27,935 [Test worker] INFO  o.j.t.i.r.l.EventLoggerTravelCalculatePremiumRequest - REQUEST: {"personFirstName":"John","personLastName":"Doe","agreementDateFrom":null,"agreementDateTo":"2028-04-23","selectedRisks":["TRAVEL_MEDICAL","TRAVEL_CANCELLATION","TRAVEL_LOSS_BAGGAGE"]}
2025-03-03 20:14:27,935 [Test worker] INFO  o.j.t.i.r.l.EventLoggerTravelCalculatePremiumResponse - RESPONSE: {"errors":[{"field":"DateFrom","message":"DateFrom must not be null"}],"personFirstName":null,"personLastName":null,"agreementDateFrom":null,"agreementDateTo":null,"agreementPrice":null}
2025-03-03 20:14:27,935 [Test worker] INFO  o.j.t.i.r.l.EventLoggerTravelCalculatePremiumRequest - Request processing time (ms): 0
2025-03-03 20:14:27,939 [Test worker] INFO  o.j.t.i.r.l.EventLoggerTravelCalculatePremiumRequest - REQUEST: {"personFirstName":"John","personLastName":"Doe","agreementDateFrom":"2028-01-23","agreementDateTo":"2028-04-23","selectedRisks":["TRAVEL_MEDICAL","TRAVEL_CANCELLATION","TRAVEL_LOSS_BAGGAGE"]}
2025-03-03 20:14:27,942 [Test worker] INFO  o.j.t.i.r.l.EventLoggerTravelCalculatePremiumResponse - RESPONSE: {"errors":null,"personFirstName":"John","personLastName":"Doe","agreementDateFrom":"2028-01-23","agreementDateTo":"2028-04-23","agreementPrice":91}
2025-03-03 20:14:27,942 [Test worker] INFO  o.j.t.i.r.l.EventLoggerTravelCalculatePremiumRequest - Request processing time (ms): 3
2025-03-03 20:14:27,948 [Test worker] INFO  o.j.t.i.r.l.EventLoggerTravelCalculatePremiumRequest - REQUEST: {"personFirstName":"John","personLastName":"Doe","agreementDateFrom":"2028-04-23","agreementDateTo":"2028-01-23","selectedRisks":["TRAVEL_MEDICAL","TRAVEL_CANCELLATION","TRAVEL_LOSS_BAGGAGE"]}
2025-03-03 20:14:27,948 [Test worker] INFO  o.j.t.i.r.l.EventLoggerTravelCalculatePremiumResponse - RESPONSE: {"errors":[{"field":"DateToLessDateFrom","message":"DateTo must not be less DateFrom"}],"personFirstName":null,"personLastName":null,"agreementDateFrom":null,"agreementDateTo":null,"agreementPrice":null}
2025-03-03 20:14:27,948 [Test worker] INFO  o.j.t.i.r.l.EventLoggerTravelCalculatePremiumRequest - Request processing time (ms): 0
2025-03-03 20:14:27,952 [Test worker] INFO  o.j.t.i.r.l.EventLoggerTravelCalculatePremiumRequest - REQUEST: {"personFirstName":"John","personLastName":"Doe","agreementDateFrom":"2028-01-23","agreementDateTo":null,"selectedRisks":["TRAVEL_MEDICAL","TRAVEL_CANCELLATION","TRAVEL_LOSS_BAGGAGE"]}
2025-03-03 20:14:27,952 [Test worker] INFO  o.j.t.i.r.l.EventLoggerTravelCalculatePremiumResponse - RESPONSE: {"errors":[{"field":"DateTo","message":"DateTo must not be null"}],"personFirstName":null,"personLastName":null,"agreementDateFrom":null,"agreementDateTo":null,"agreementPrice":null}
2025-03-03 20:14:27,952 [Test worker] INFO  o.j.t.i.r.l.EventLoggerTravelCalculatePremiumRequest - Request processing time (ms): 0
2025-03-03 20:14:27,955 [Test worker] INFO  o.j.t.i.r.l.EventLoggerTravelCalculatePremiumRequest - REQUEST: {"personFirstName":"","personLastName":"Doe","agreementDateFrom":"2021-01-23","agreementDateTo":"2028-04-23","selectedRisks":["TRAVEL_MEDICAL","TRAVEL_CANCELLATION","TRAVEL_LOSS_BAGGAGE"]}
2025-03-03 20:14:27,956 [Test worker] INFO  o.j.t.i.r.l.EventLoggerTravelCalculatePremiumResponse - RESPONSE: {"errors":[{"field":"InvalidDate","message":"Both DateFrom and DateTo must be in the future"},{"field":"PersonFirstName","message":"Must not be empty!"}],"personFirstName":null,"personLastName":null,"agreementDateFrom":null,"agreementDateTo":null,"agreementPrice":null}
2025-03-03 20:14:27,956 [Test worker] INFO  o.j.t.i.r.l.EventLoggerTravelCalculatePremiumRequest - Request processing time (ms): 0
2025-03-03 20:14:51,967 [Test worker] INFO  o.s.t.c.s.AnnotationConfigContextLoaderUtils - Could not detect default configuration classes for test class [org.javaguru.travel.insurance.rest.TravelCalculatePremiumControllerTest]: TravelCalculatePremiumControllerTest does not declare any static, non-private, non-final, nested classes annotated with @Configuration.
2025-03-03 20:14:52,020 [Test worker] INFO  o.s.b.t.c.SpringBootTestContextBootstrapper - Found @SpringBootConfiguration org.javaguru.travel.insurance.InsuranceApplication for test class org.javaguru.travel.insurance.rest.TravelCalculatePremiumControllerTest
2025-03-03 20:14:52,176 [Test worker] INFO  o.j.t.i.r.TravelCalculatePremiumControllerTest - Starting TravelCalculatePremiumControllerTest using Java 21.0.6 with PID 28703 (started by a--- in /Users/a---/Desktop/My files/intelliJ IDEA FILE/2025_virtual_internship/student_morozov_nikita)
2025-03-03 20:14:52,177 [Test worker] INFO  o.j.t.i.r.TravelCalculatePremiumControllerTest - No active profile set, falling back to 1 default profile: "default"
2025-03-03 20:14:52,634 [Test worker] INFO  o.s.b.t.m.w.SpringBootMockServletContext - Initializing Spring TestDispatcherServlet ''
2025-03-03 20:14:52,634 [Test worker] INFO  o.s.t.w.s.TestDispatcherServlet - Initializing Servlet ''
2025-03-03 20:14:52,635 [Test worker] INFO  o.s.t.w.s.TestDispatcherServlet - Completed initialization in 1 ms
2025-03-03 20:14:52,646 [Test worker] INFO  o.j.t.i.r.TravelCalculatePremiumControllerTest - Started TravelCalculatePremiumControllerTest in 0.572 seconds (process running for 1.815)
2025-03-03 20:14:52,705 [Test worker] INFO  o.j.t.i.r.l.EventLoggerTravelCalculatePremiumRequest - REQUEST: {"personFirstName":"","personLastName":"","agreementDateFrom":"2020-01-23","agreementDateTo":"2019-04-23","selectedRisks":[]}
2025-03-03 20:14:52,709 [Test worker] INFO  o.j.t.i.r.l.EventLoggerTravelCalculatePremiumResponse - RESPONSE: {"errors":[{"field":"InvalidDate","message":"Both DateFrom and DateTo must be in the future"},{"field":"DateToLessDateFrom","message":"DateTo must not be less DateFrom"},{"field":"PersonFirstName","message":"Must not be empty!"},{"field":"PersonLastName","message":"Must not be empty!"},{"field":"SelectedRisks","message":"Must not be empty!"}],"personFirstName":null,"personLastName":null,"agreementDateFrom":null,"agreementDateTo":null,"agreementPrice":null}
2025-03-03 20:14:52,710 [Test worker] INFO  o.j.t.i.r.l.EventLoggerTravelCalculatePremiumRequest - Request processing time (ms): 10
2025-03-03 20:14:52,728 [Test worker] INFO  o.j.t.i.r.l.EventLoggerTravelCalculatePremiumRequest - REQUEST: {"personFirstName":"John","personLastName":"Doe","agreementDateFrom":"2020-01-23","agreementDateTo":"2020-04-23","selectedRisks":["TRAVEL_MEDICAL","TRAVEL_CANCELLATION","TRAVEL_LOSS_BAGGAGE"]}
2025-03-03 20:14:52,729 [Test worker] INFO  o.j.t.i.r.l.EventLoggerTravelCalculatePremiumResponse - RESPONSE: {"errors":[{"field":"InvalidDate","message":"Both DateFrom and DateTo must be in the future"}],"personFirstName":null,"personLastName":null,"agreementDateFrom":null,"agreementDateTo":null,"agreementPrice":null}
2025-03-03 20:14:52,729 [Test worker] INFO  o.j.t.i.r.l.EventLoggerTravelCalculatePremiumRequest - Request processing time (ms): 0
2025-03-03 20:14:52,733 [Test worker] INFO  o.j.t.i.r.l.EventLoggerTravelCalculatePremiumRequest - REQUEST: {"personFirstName":"John","personLastName":"Doe","agreementDateFrom":null,"agreementDateTo":"2028-04-23","selectedRisks":["TRAVEL_MEDICAL","TRAVEL_CANCELLATION","TRAVEL_LOSS_BAGGAGE"]}
2025-03-03 20:14:52,734 [Test worker] INFO  o.j.t.i.r.l.EventLoggerTravelCalculatePremiumResponse - RESPONSE: {"errors":[{"field":"DateFrom","message":"DateFrom must not be null"}],"personFirstName":null,"personLastName":null,"agreementDateFrom":null,"agreementDateTo":null,"agreementPrice":null}
2025-03-03 20:14:52,734 [Test worker] INFO  o.j.t.i.r.l.EventLoggerTravelCalculatePremiumRequest - Request processing time (ms): 0
2025-03-03 20:14:52,737 [Test worker] INFO  o.j.t.i.r.l.EventLoggerTravelCalculatePremiumRequest - REQUEST: {"personFirstName":"John","personLastName":"Doe","agreementDateFrom":"2028-01-23","agreementDateTo":"2028-04-23","selectedRisks":["TRAVEL_MEDICAL","TRAVEL_CANCELLATION","TRAVEL_LOSS_BAGGAGE"]}
2025-03-03 20:14:52,740 [Test worker] INFO  o.j.t.i.r.l.EventLoggerTravelCalculatePremiumResponse - RESPONSE: {"errors":null,"personFirstName":"John","personLastName":"Doe","agreementDateFrom":"2028-01-23","agreementDateTo":"2028-04-23","agreementPrice":91}
2025-03-03 20:14:52,741 [Test worker] INFO  o.j.t.i.r.l.EventLoggerTravelCalculatePremiumRequest - Request processing time (ms): 3
2025-03-03 20:14:52,746 [Test worker] INFO  o.j.t.i.r.l.EventLoggerTravelCalculatePremiumRequest - REQUEST: {"personFirstName":"John","personLastName":"Doe","agreementDateFrom":"2028-04-23","agreementDateTo":"2028-01-23","selectedRisks":["TRAVEL_MEDICAL","TRAVEL_CANCELLATION","TRAVEL_LOSS_BAGGAGE"]}
2025-03-03 20:14:52,746 [Test worker] INFO  o.j.t.i.r.l.EventLoggerTravelCalculatePremiumResponse - RESPONSE: {"errors":[{"field":"DateToLessDateFrom","message":"DateTo must not be less DateFrom"}],"personFirstName":null,"personLastName":null,"agreementDateFrom":null,"agreementDateTo":null,"agreementPrice":null}
2025-03-03 20:14:52,746 [Test worker] INFO  o.j.t.i.r.l.EventLoggerTravelCalculatePremiumRequest - Request processing time (ms): 0
2025-03-03 20:14:52,750 [Test worker] INFO  o.j.t.i.r.l.EventLoggerTravelCalculatePremiumRequest - REQUEST: {"personFirstName":"John","personLastName":"Doe","agreementDateFrom":"2028-01-23","agreementDateTo":null,"selectedRisks":["TRAVEL_MEDICAL","TRAVEL_CANCELLATION","TRAVEL_LOSS_BAGGAGE"]}
2025-03-03 20:14:52,750 [Test worker] INFO  o.j.t.i.r.l.EventLoggerTravelCalculatePremiumResponse - RESPONSE: {"errors":[{"field":"DateTo","message":"DateTo must not be null"}],"personFirstName":null,"personLastName":null,"agreementDateFrom":null,"agreementDateTo":null,"agreementPrice":null}
2025-03-03 20:14:52,750 [Test worker] INFO  o.j.t.i.r.l.EventLoggerTravelCalculatePremiumRequest - Request processing time (ms): 0
2025-03-03 20:14:52,753 [Test worker] INFO  o.j.t.i.r.l.EventLoggerTravelCalculatePremiumRequest - REQUEST: {"personFirstName":"","personLastName":"Doe","agreementDateFrom":"2021-01-23","agreementDateTo":"2028-04-23","selectedRisks":["TRAVEL_MEDICAL","TRAVEL_CANCELLATION","TRAVEL_LOSS_BAGGAGE"]}
2025-03-03 20:14:52,754 [Test worker] INFO  o.j.t.i.r.l.EventLoggerTravelCalculatePremiumResponse - RESPONSE: {"errors":[{"field":"InvalidDate","message":"Both DateFrom and DateTo must be in the future"},{"field":"PersonFirstName","message":"Must not be empty!"}],"personFirstName":null,"personLastName":null,"agreementDateFrom":null,"agreementDateTo":null,"agreementPrice":null}
2025-03-03 20:14:52,754 [Test worker] INFO  o.j.t.i.r.l.EventLoggerTravelCalculatePremiumRequest - Request processing time (ms): 0
2025-03-03 20:21:50,712 [Test worker] INFO  o.s.t.c.s.AnnotationConfigContextLoaderUtils - Could not detect default configuration classes for test class [org.javaguru.travel.insurance.rest.TravelCalculatePremiumControllerTest]: TravelCalculatePremiumControllerTest does not declare any static, non-private, non-final, nested classes annotated with @Configuration.
2025-03-03 20:21:50,766 [Test worker] INFO  o.s.b.t.c.SpringBootTestContextBootstrapper - Found @SpringBootConfiguration org.javaguru.travel.insurance.InsuranceApplication for test class org.javaguru.travel.insurance.rest.TravelCalculatePremiumControllerTest
2025-03-03 20:21:50,938 [Test worker] INFO  o.j.t.i.r.TravelCalculatePremiumControllerTest - Starting TravelCalculatePremiumControllerTest using Java 21.0.6 with PID 28761 (started by a--- in /Users/a---/Desktop/My files/intelliJ IDEA FILE/2025_virtual_internship/student_morozov_nikita)
2025-03-03 20:21:50,938 [Test worker] INFO  o.j.t.i.r.TravelCalculatePremiumControllerTest - No active profile set, falling back to 1 default profile: "default"
2025-03-03 20:21:51,424 [Test worker] INFO  o.s.b.t.m.w.SpringBootMockServletContext - Initializing Spring TestDispatcherServlet ''
2025-03-03 20:21:51,425 [Test worker] INFO  o.s.t.w.s.TestDispatcherServlet - Initializing Servlet ''
2025-03-03 20:21:51,426 [Test worker] INFO  o.s.t.w.s.TestDispatcherServlet - Completed initialization in 0 ms
2025-03-03 20:21:51,443 [Test worker] INFO  o.j.t.i.r.TravelCalculatePremiumControllerTest - Started TravelCalculatePremiumControllerTest in 0.605 seconds (process running for 1.291)
2025-03-03 20:21:51,952 [Test worker] INFO  o.j.t.i.r.l.EventLoggerTravelCalculatePremiumRequest - REQUEST: {"personFirstName":"","personLastName":"","agreementDateFrom":"2020-01-23","agreementDateTo":"2019-04-23","selectedRisks":[]}
2025-03-03 20:21:51,957 [Test worker] INFO  o.j.t.i.r.l.EventLoggerTravelCalculatePremiumResponse - RESPONSE: {"errors":[{"field":"InvalidDate","message":"Both DateFrom and DateTo must be in the future"},{"field":"DateToLessDateFrom","message":"DateTo must not be less DateFrom"},{"field":"PersonFirstName","message":"Must not be empty!"},{"field":"PersonLastName","message":"Must not be empty!"},{"field":"SelectedRisks","message":"Must not be empty!"}],"personFirstName":null,"personLastName":null,"agreementDateFrom":null,"agreementDateTo":null,"agreementPrice":null}
2025-03-03 20:21:51,957 [Test worker] INFO  o.j.t.i.r.l.EventLoggerTravelCalculatePremiumRequest - Request processing time (ms): 9
2025-03-03 20:21:51,978 [Test worker] INFO  o.j.t.i.r.l.EventLoggerTravelCalculatePremiumRequest - REQUEST: {"personFirstName":"John","personLastName":"Doe","agreementDateFrom":"2020-01-23","agreementDateTo":"2020-04-23","selectedRisks":["TRAVEL_MEDICAL","TRAVEL_CANCELLATION","TRAVEL_LOSS_BAGGAGE"]}
2025-03-03 20:21:51,978 [Test worker] INFO  o.j.t.i.r.l.EventLoggerTravelCalculatePremiumResponse - RESPONSE: {"errors":[{"field":"InvalidDate","message":"Both DateFrom and DateTo must be in the future"}],"personFirstName":null,"personLastName":null,"agreementDateFrom":null,"agreementDateTo":null,"agreementPrice":null}
2025-03-03 20:21:51,978 [Test worker] INFO  o.j.t.i.r.l.EventLoggerTravelCalculatePremiumRequest - Request processing time (ms): 0
2025-03-03 20:21:51,984 [Test worker] INFO  o.j.t.i.r.l.EventLoggerTravelCalculatePremiumRequest - REQUEST: {"personFirstName":"John","personLastName":"Doe","agreementDateFrom":null,"agreementDateTo":"2028-04-23","selectedRisks":["TRAVEL_MEDICAL","TRAVEL_CANCELLATION","TRAVEL_LOSS_BAGGAGE"]}
2025-03-03 20:21:51,985 [Test worker] INFO  o.j.t.i.r.l.EventLoggerTravelCalculatePremiumResponse - RESPONSE: {"errors":[{"field":"DateFrom","message":"DateFrom must not be null"}],"personFirstName":null,"personLastName":null,"agreementDateFrom":null,"agreementDateTo":null,"agreementPrice":null}
2025-03-03 20:21:51,985 [Test worker] INFO  o.j.t.i.r.l.EventLoggerTravelCalculatePremiumRequest - Request processing time (ms): 0
2025-03-03 20:21:51,989 [Test worker] INFO  o.j.t.i.r.l.EventLoggerTravelCalculatePremiumRequest - REQUEST: {"personFirstName":"John","personLastName":"Doe","agreementDateFrom":"2028-01-23","agreementDateTo":"2028-04-23","selectedRisks":["TRAVEL_MEDICAL","TRAVEL_CANCELLATION","TRAVEL_LOSS_BAGGAGE"]}
2025-03-03 20:21:51,993 [Test worker] INFO  o.j.t.i.r.l.EventLoggerTravelCalculatePremiumResponse - RESPONSE: {"errors":null,"personFirstName":"John","personLastName":"Doe","agreementDateFrom":"2028-01-23","agreementDateTo":"2028-04-23","agreementPrice":91}
2025-03-03 20:21:51,994 [Test worker] INFO  o.j.t.i.r.l.EventLoggerTravelCalculatePremiumRequest - Request processing time (ms): 4
2025-03-03 20:21:52,001 [Test worker] INFO  o.j.t.i.r.l.EventLoggerTravelCalculatePremiumRequest - REQUEST: {"personFirstName":"John","personLastName":"Doe","agreementDateFrom":"2028-04-23","agreementDateTo":"2028-01-23","selectedRisks":["TRAVEL_MEDICAL","TRAVEL_CANCELLATION","TRAVEL_LOSS_BAGGAGE"]}
2025-03-03 20:21:52,002 [Test worker] INFO  o.j.t.i.r.l.EventLoggerTravelCalculatePremiumResponse - RESPONSE: {"errors":[{"field":"DateToLessDateFrom","message":"DateTo must not be less DateFrom"}],"personFirstName":null,"personLastName":null,"agreementDateFrom":null,"agreementDateTo":null,"agreementPrice":null}
2025-03-03 20:21:52,002 [Test worker] INFO  o.j.t.i.r.l.EventLoggerTravelCalculatePremiumRequest - Request processing time (ms): 0
2025-03-03 20:21:52,007 [Test worker] INFO  o.j.t.i.r.l.EventLoggerTravelCalculatePremiumRequest - REQUEST: {"personFirstName":"John","personLastName":"Doe","agreementDateFrom":"2028-01-23","agreementDateTo":null,"selectedRisks":["TRAVEL_MEDICAL","TRAVEL_CANCELLATION","TRAVEL_LOSS_BAGGAGE"]}
2025-03-03 20:21:52,008 [Test worker] INFO  o.j.t.i.r.l.EventLoggerTravelCalculatePremiumResponse - RESPONSE: {"errors":[{"field":"DateTo","message":"DateTo must not be null"}],"personFirstName":null,"personLastName":null,"agreementDateFrom":null,"agreementDateTo":null,"agreementPrice":null}
2025-03-03 20:21:52,008 [Test worker] INFO  o.j.t.i.r.l.EventLoggerTravelCalculatePremiumRequest - Request processing time (ms): 0
2025-03-03 20:21:52,013 [Test worker] INFO  o.j.t.i.r.l.EventLoggerTravelCalculatePremiumRequest - REQUEST: {"personFirstName":"","personLastName":"Doe","agreementDateFrom":"2021-01-23","agreementDateTo":"2028-04-23","selectedRisks":["TRAVEL_MEDICAL","TRAVEL_CANCELLATION","TRAVEL_LOSS_BAGGAGE"]}
2025-03-03 20:21:52,013 [Test worker] INFO  o.j.t.i.r.l.EventLoggerTravelCalculatePremiumResponse - RESPONSE: {"errors":[{"field":"InvalidDate","message":"Both DateFrom and DateTo must be in the future"},{"field":"PersonFirstName","message":"Must not be empty!"}],"personFirstName":null,"personLastName":null,"agreementDateFrom":null,"agreementDateTo":null,"agreementPrice":null}
2025-03-03 20:21:52,014 [Test worker] INFO  o.j.t.i.r.l.EventLoggerTravelCalculatePremiumRequest - Request processing time (ms): 0
2025-03-03 21:34:30,786 [Test worker] INFO  o.s.t.c.s.AnnotationConfigContextLoaderUtils - Could not detect default configuration classes for test class [org.javaguru.travel.insurance.rest.TravelCalculatePremiumControllerTest]: TravelCalculatePremiumControllerTest does not declare any static, non-private, non-final, nested classes annotated with @Configuration.
2025-03-03 21:34:30,844 [Test worker] INFO  o.s.b.t.c.SpringBootTestContextBootstrapper - Found @SpringBootConfiguration org.javaguru.travel.insurance.InsuranceApplication for test class org.javaguru.travel.insurance.rest.TravelCalculatePremiumControllerTest
2025-03-03 21:34:31,038 [Test worker] INFO  o.j.t.i.r.TravelCalculatePremiumControllerTest - Starting TravelCalculatePremiumControllerTest using Java 21.0.6 with PID 29458 (started by a--- in /Users/a---/Desktop/My files/intelliJ IDEA FILE/2025_virtual_internship/student_morozov_nikita)
2025-03-03 21:34:31,038 [Test worker] INFO  o.j.t.i.r.TravelCalculatePremiumControllerTest - No active profile set, falling back to 1 default profile: "default"
2025-03-03 21:34:31,517 [Test worker] INFO  o.s.b.t.m.w.SpringBootMockServletContext - Initializing Spring TestDispatcherServlet ''
2025-03-03 21:34:31,517 [Test worker] INFO  o.s.t.w.s.TestDispatcherServlet - Initializing Servlet ''
2025-03-03 21:34:31,518 [Test worker] INFO  o.s.t.w.s.TestDispatcherServlet - Completed initialization in 0 ms
2025-03-03 21:34:31,528 [Test worker] INFO  o.j.t.i.r.TravelCalculatePremiumControllerTest - Started TravelCalculatePremiumControllerTest in 0.616 seconds (process running for 2.078)
2025-03-03 21:34:31,592 [Test worker] INFO  o.j.t.i.r.l.EventLoggerTravelCalculatePremiumRequest - REQUEST: {"personFirstName":"","personLastName":"","agreementDateFrom":"2020-01-23","agreementDateTo":"2019-04-23","selectedRisks":[]}
2025-03-03 21:34:31,601 [Test worker] INFO  o.j.t.i.r.l.EventLoggerTravelCalculatePremiumRequest - REQUEST: {"personFirstName":"John","personLastName":"Doe","agreementDateFrom":"2020-01-23","agreementDateTo":"2020-04-23","selectedRisks":["TRAVEL_MEDICAL","TRAVEL_CANCELLATION","TRAVEL_LOSS_BAGGAGE"]}
2025-03-03 21:34:31,609 [Test worker] INFO  o.j.t.i.r.l.EventLoggerTravelCalculatePremiumRequest - REQUEST: {"personFirstName":"John","personLastName":"Doe","agreementDateFrom":null,"agreementDateTo":"2028-04-23","selectedRisks":["TRAVEL_MEDICAL","TRAVEL_CANCELLATION","TRAVEL_LOSS_BAGGAGE"]}
2025-03-03 21:34:31,617 [Test worker] INFO  o.j.t.i.r.l.EventLoggerTravelCalculatePremiumRequest - REQUEST: {"personFirstName":"John","personLastName":"Doe","agreementDateFrom":"2028-01-23","agreementDateTo":"2028-04-23","selectedRisks":["TRAVEL_MEDICAL","TRAVEL_CANCELLATION","TRAVEL_LOSS_BAGGAGE"]}
2025-03-03 21:34:31,628 [Test worker] INFO  o.j.t.i.r.l.EventLoggerTravelCalculatePremiumResponse - RESPONSE: {"errors":null,"personFirstName":"John","personLastName":"Doe","agreementDateFrom":"2028-01-23","agreementDateTo":"2028-04-23","agreementPrice":91}
2025-03-03 21:34:31,628 [Test worker] INFO  o.j.t.i.r.l.EventLoggerTravelCalculatePremiumRequest - Request processing time (ms): 11
2025-03-03 21:34:31,660 [Test worker] INFO  o.j.t.i.r.l.EventLoggerTravelCalculatePremiumRequest - REQUEST: {"personFirstName":"John","personLastName":"Doe","agreementDateFrom":"2028-04-23","agreementDateTo":"2028-01-23","selectedRisks":["TRAVEL_MEDICAL","TRAVEL_CANCELLATION","TRAVEL_LOSS_BAGGAGE"]}
2025-03-03 21:34:31,665 [Test worker] INFO  o.j.t.i.r.l.EventLoggerTravelCalculatePremiumRequest - REQUEST: {"personFirstName":"John","personLastName":"Doe","agreementDateFrom":"2028-01-23","agreementDateTo":null,"selectedRisks":["TRAVEL_MEDICAL","TRAVEL_CANCELLATION","TRAVEL_LOSS_BAGGAGE"]}
2025-03-03 21:34:31,672 [Test worker] INFO  o.j.t.i.r.l.EventLoggerTravelCalculatePremiumRequest - REQUEST: {"personFirstName":"","personLastName":"Doe","agreementDateFrom":"2021-01-23","agreementDateTo":"2028-04-23","selectedRisks":["TRAVEL_MEDICAL","TRAVEL_CANCELLATION","TRAVEL_LOSS_BAGGAGE"]}
2025-03-03 21:35:06,783 [Test worker] INFO  o.s.t.c.s.AnnotationConfigContextLoaderUtils - Could not detect default configuration classes for test class [org.javaguru.travel.insurance.rest.TravelCalculatePremiumControllerTest]: TravelCalculatePremiumControllerTest does not declare any static, non-private, non-final, nested classes annotated with @Configuration.
2025-03-03 21:35:06,832 [Test worker] INFO  o.s.b.t.c.SpringBootTestContextBootstrapper - Found @SpringBootConfiguration org.javaguru.travel.insurance.InsuranceApplication for test class org.javaguru.travel.insurance.rest.TravelCalculatePremiumControllerTest
2025-03-03 21:35:07,007 [Test worker] INFO  o.j.t.i.r.TravelCalculatePremiumControllerTest - Starting TravelCalculatePremiumControllerTest using Java 21.0.6 with PID 29478 (started by a--- in /Users/a---/Desktop/My files/intelliJ IDEA FILE/2025_virtual_internship/student_morozov_nikita)
2025-03-03 21:35:07,008 [Test worker] INFO  o.j.t.i.r.TravelCalculatePremiumControllerTest - No active profile set, falling back to 1 default profile: "default"
2025-03-03 21:35:07,522 [Test worker] INFO  o.s.b.t.m.w.SpringBootMockServletContext - Initializing Spring TestDispatcherServlet ''
2025-03-03 21:35:07,522 [Test worker] INFO  o.s.t.w.s.TestDispatcherServlet - Initializing Servlet ''
2025-03-03 21:35:07,523 [Test worker] INFO  o.s.t.w.s.TestDispatcherServlet - Completed initialization in 0 ms
2025-03-03 21:35:07,536 [Test worker] INFO  o.j.t.i.r.TravelCalculatePremiumControllerTest - Started TravelCalculatePremiumControllerTest in 0.638 seconds (process running for 1.835)
2025-03-03 21:35:07,600 [Test worker] INFO  o.j.t.i.r.l.EventLoggerTravelCalculatePremiumRequest - REQUEST: {"personFirstName":"","personLastName":"","agreementDateFrom":"2020-01-23","agreementDateTo":"2019-04-23","selectedRisks":[]}
2025-03-03 21:35:07,608 [Test worker] INFO  o.j.t.i.r.l.EventLoggerTravelCalculatePremiumRequest - REQUEST: {"personFirstName":"John","personLastName":"Doe","agreementDateFrom":"2020-01-23","agreementDateTo":"2020-04-23","selectedRisks":["TRAVEL_MEDICAL","TRAVEL_CANCELLATION","TRAVEL_LOSS_BAGGAGE"]}
2025-03-03 21:35:07,612 [Test worker] INFO  o.j.t.i.r.l.EventLoggerTravelCalculatePremiumRequest - REQUEST: {"personFirstName":"John","personLastName":"Doe","agreementDateFrom":null,"agreementDateTo":"2028-04-23","selectedRisks":["TRAVEL_MEDICAL","TRAVEL_CANCELLATION","TRAVEL_LOSS_BAGGAGE"]}
2025-03-03 21:35:07,617 [Test worker] INFO  o.j.t.i.r.l.EventLoggerTravelCalculatePremiumRequest - REQUEST: {"personFirstName":"John","personLastName":"Doe","agreementDateFrom":"2028-01-23","agreementDateTo":"2028-04-23","selectedRisks":["TRAVEL_MEDICAL","TRAVEL_CANCELLATION","TRAVEL_LOSS_BAGGAGE"]}
2025-03-03 21:35:07,621 [Test worker] INFO  o.j.t.i.r.l.EventLoggerTravelCalculatePremiumResponse - RESPONSE: {"errors":null,"personFirstName":"John","personLastName":"Doe","agreementDateFrom":"2028-01-23","agreementDateTo":"2028-04-23","agreementPrice":91}
2025-03-03 21:35:07,621 [Test worker] INFO  o.j.t.i.r.l.EventLoggerTravelCalculatePremiumRequest - Request processing time (ms): 4
2025-03-03 21:35:07,638 [Test worker] INFO  o.j.t.i.r.l.EventLoggerTravelCalculatePremiumRequest - REQUEST: {"personFirstName":"John","personLastName":"Doe","agreementDateFrom":"2028-04-23","agreementDateTo":"2028-01-23","selectedRisks":["TRAVEL_MEDICAL","TRAVEL_CANCELLATION","TRAVEL_LOSS_BAGGAGE"]}
2025-03-03 21:35:07,642 [Test worker] INFO  o.j.t.i.r.l.EventLoggerTravelCalculatePremiumRequest - REQUEST: {"personFirstName":"John","personLastName":"Doe","agreementDateFrom":"2028-01-23","agreementDateTo":null,"selectedRisks":["TRAVEL_MEDICAL","TRAVEL_CANCELLATION","TRAVEL_LOSS_BAGGAGE"]}
2025-03-03 21:35:07,646 [Test worker] INFO  o.j.t.i.r.l.EventLoggerTravelCalculatePremiumRequest - REQUEST: {"personFirstName":"","personLastName":"Doe","agreementDateFrom":"2021-01-23","agreementDateTo":"2028-04-23","selectedRisks":["TRAVEL_MEDICAL","TRAVEL_CANCELLATION","TRAVEL_LOSS_BAGGAGE"]}
2025-03-03 21:40:58,884 [Test worker] INFO  o.s.t.c.s.AnnotationConfigContextLoaderUtils - Could not detect default configuration classes for test class [org.javaguru.travel.insurance.rest.TravelCalculatePremiumControllerTest]: TravelCalculatePremiumControllerTest does not declare any static, non-private, non-final, nested classes annotated with @Configuration.
2025-03-03 21:40:58,944 [Test worker] INFO  o.s.b.t.c.SpringBootTestContextBootstrapper - Found @SpringBootConfiguration org.javaguru.travel.insurance.InsuranceApplication for test class org.javaguru.travel.insurance.rest.TravelCalculatePremiumControllerTest
2025-03-03 21:40:59,119 [Test worker] INFO  o.j.t.i.r.TravelCalculatePremiumControllerTest - Starting TravelCalculatePremiumControllerTest using Java 21.0.6 with PID 29542 (started by a--- in /Users/a---/Desktop/My files/intelliJ IDEA FILE/2025_virtual_internship/student_morozov_nikita)
2025-03-03 21:40:59,121 [Test worker] INFO  o.j.t.i.r.TravelCalculatePremiumControllerTest - No active profile set, falling back to 1 default profile: "default"
2025-03-03 21:40:59,625 [Test worker] INFO  o.s.b.t.m.w.SpringBootMockServletContext - Initializing Spring TestDispatcherServlet ''
2025-03-03 21:40:59,625 [Test worker] INFO  o.s.t.w.s.TestDispatcherServlet - Initializing Servlet ''
2025-03-03 21:40:59,627 [Test worker] INFO  o.s.t.w.s.TestDispatcherServlet - Completed initialization in 0 ms
2025-03-03 21:40:59,639 [Test worker] INFO  o.j.t.i.r.TravelCalculatePremiumControllerTest - Started TravelCalculatePremiumControllerTest in 0.628 seconds (process running for 2.024)
2025-03-03 21:40:59,714 [Test worker] INFO  o.j.t.i.r.l.EventLoggerTravelCalculatePremiumRequest - REQUEST: {"personFirstName":"","personLastName":"","agreementDateFrom":"2020-01-23","agreementDateTo":"2019-04-23","selectedRisks":[]}
2025-03-03 21:40:59,721 [Test worker] INFO  o.j.t.i.r.l.EventLoggerTravelCalculatePremiumRequest - REQUEST: {"personFirstName":"John","personLastName":"Doe","agreementDateFrom":"2020-01-23","agreementDateTo":"2020-04-23","selectedRisks":["TRAVEL_MEDICAL","TRAVEL_CANCELLATION","TRAVEL_LOSS_BAGGAGE"]}
2025-03-03 21:40:59,730 [Test worker] INFO  o.j.t.i.r.l.EventLoggerTravelCalculatePremiumRequest - REQUEST: {"personFirstName":"John","personLastName":"Doe","agreementDateFrom":null,"agreementDateTo":"2028-04-23","selectedRisks":["TRAVEL_MEDICAL","TRAVEL_CANCELLATION","TRAVEL_LOSS_BAGGAGE"]}
2025-03-03 21:40:59,735 [Test worker] INFO  o.j.t.i.r.l.EventLoggerTravelCalculatePremiumRequest - REQUEST: {"personFirstName":"John","personLastName":"Doe","agreementDateFrom":"2028-01-23","agreementDateTo":"2028-04-23","selectedRisks":["TRAVEL_MEDICAL","TRAVEL_CANCELLATION","TRAVEL_LOSS_BAGGAGE"]}
2025-03-03 21:40:59,742 [Test worker] INFO  o.j.t.i.r.l.EventLoggerTravelCalculatePremiumResponse - RESPONSE: {"errors":null,"personFirstName":"John","personLastName":"Doe","agreementDateFrom":"2028-01-23","agreementDateTo":"2028-04-23","agreementPrice":91}
2025-03-03 21:40:59,742 [Test worker] INFO  o.j.t.i.r.l.EventLoggerTravelCalculatePremiumRequest - Request processing time (ms): 7
2025-03-03 21:40:59,766 [Test worker] INFO  o.j.t.i.r.l.EventLoggerTravelCalculatePremiumRequest - REQUEST: {"personFirstName":"John","personLastName":"Doe","agreementDateFrom":"2028-04-23","agreementDateTo":"2028-01-23","selectedRisks":["TRAVEL_MEDICAL","TRAVEL_CANCELLATION","TRAVEL_LOSS_BAGGAGE"]}
2025-03-03 21:40:59,770 [Test worker] INFO  o.j.t.i.r.l.EventLoggerTravelCalculatePremiumRequest - REQUEST: {"personFirstName":"John","personLastName":"Doe","agreementDateFrom":"2028-01-23","agreementDateTo":null,"selectedRisks":["TRAVEL_MEDICAL","TRAVEL_CANCELLATION","TRAVEL_LOSS_BAGGAGE"]}
2025-03-03 21:40:59,783 [Test worker] INFO  o.j.t.i.r.l.EventLoggerTravelCalculatePremiumRequest - REQUEST: {"personFirstName":"","personLastName":"Doe","agreementDateFrom":"2021-01-23","agreementDateTo":"2028-04-23","selectedRisks":["TRAVEL_MEDICAL","TRAVEL_CANCELLATION","TRAVEL_LOSS_BAGGAGE"]}
2025-03-03 21:42:34,527 [Test worker] INFO  o.s.t.c.s.AnnotationConfigContextLoaderUtils - Could not detect default configuration classes for test class [org.javaguru.travel.insurance.rest.TravelCalculatePremiumControllerTest]: TravelCalculatePremiumControllerTest does not declare any static, non-private, non-final, nested classes annotated with @Configuration.
2025-03-03 21:42:34,577 [Test worker] INFO  o.s.b.t.c.SpringBootTestContextBootstrapper - Found @SpringBootConfiguration org.javaguru.travel.insurance.InsuranceApplication for test class org.javaguru.travel.insurance.rest.TravelCalculatePremiumControllerTest
2025-03-03 21:42:34,734 [Test worker] INFO  o.j.t.i.r.TravelCalculatePremiumControllerTest - Starting TravelCalculatePremiumControllerTest using Java 21.0.6 with PID 29582 (started by a--- in /Users/a---/Desktop/My files/intelliJ IDEA FILE/2025_virtual_internship/student_morozov_nikita)
2025-03-03 21:42:34,735 [Test worker] INFO  o.j.t.i.r.TravelCalculatePremiumControllerTest - No active profile set, falling back to 1 default profile: "default"
2025-03-03 21:42:35,232 [Test worker] INFO  o.s.b.t.m.w.SpringBootMockServletContext - Initializing Spring TestDispatcherServlet ''
2025-03-03 21:42:35,232 [Test worker] INFO  o.s.t.w.s.TestDispatcherServlet - Initializing Servlet ''
2025-03-03 21:42:35,233 [Test worker] INFO  o.s.t.w.s.TestDispatcherServlet - Completed initialization in 1 ms
2025-03-03 21:42:35,250 [Test worker] INFO  o.j.t.i.r.TravelCalculatePremiumControllerTest - Started TravelCalculatePremiumControllerTest in 0.617 seconds (process running for 1.791)
2025-03-03 21:42:35,324 [Test worker] INFO  o.j.t.i.r.l.EventLoggerTravelCalculatePremiumRequest - REQUEST: {"personFirstName":"","personLastName":"","agreementDateFrom":"2020-01-23","agreementDateTo":"2019-04-23","selectedRisks":[]}
2025-03-03 21:42:35,332 [Test worker] INFO  o.j.t.i.r.l.EventLoggerTravelCalculatePremiumRequest - REQUEST: {"personFirstName":"John","personLastName":"Doe","agreementDateFrom":"2020-01-23","agreementDateTo":"2020-04-23","selectedRisks":["TRAVEL_MEDICAL","TRAVEL_CANCELLATION","TRAVEL_LOSS_BAGGAGE"]}
2025-03-03 21:42:35,338 [Test worker] INFO  o.j.t.i.r.l.EventLoggerTravelCalculatePremiumRequest - REQUEST: {"personFirstName":"John","personLastName":"Doe","agreementDateFrom":null,"agreementDateTo":"2028-04-23","selectedRisks":["TRAVEL_MEDICAL","TRAVEL_CANCELLATION","TRAVEL_LOSS_BAGGAGE"]}
2025-03-03 21:42:35,344 [Test worker] INFO  o.j.t.i.r.l.EventLoggerTravelCalculatePremiumRequest - REQUEST: {"personFirstName":"John","personLastName":"Doe","agreementDateFrom":"2028-01-23","agreementDateTo":"2028-04-23","selectedRisks":["TRAVEL_MEDICAL","TRAVEL_CANCELLATION","TRAVEL_LOSS_BAGGAGE"]}
2025-03-03 21:42:35,351 [Test worker] INFO  o.j.t.i.r.l.EventLoggerTravelCalculatePremiumResponse - RESPONSE: {"errors":null,"personFirstName":"John","personLastName":"Doe","agreementDateFrom":"2028-01-23","agreementDateTo":"2028-04-23","agreementPrice":91}
2025-03-03 21:42:35,351 [Test worker] INFO  o.j.t.i.r.l.EventLoggerTravelCalculatePremiumRequest - Request processing time (ms): 7
2025-03-03 21:42:35,372 [Test worker] INFO  o.j.t.i.r.l.EventLoggerTravelCalculatePremiumRequest - REQUEST: {"personFirstName":"John","personLastName":"Doe","agreementDateFrom":"2028-04-23","agreementDateTo":"2028-01-23","selectedRisks":["TRAVEL_MEDICAL","TRAVEL_CANCELLATION","TRAVEL_LOSS_BAGGAGE"]}
2025-03-03 21:42:35,378 [Test worker] INFO  o.j.t.i.r.l.EventLoggerTravelCalculatePremiumRequest - REQUEST: {"personFirstName":"John","personLastName":"Doe","agreementDateFrom":"2028-01-23","agreementDateTo":null,"selectedRisks":["TRAVEL_MEDICAL","TRAVEL_CANCELLATION","TRAVEL_LOSS_BAGGAGE"]}
2025-03-03 21:42:35,384 [Test worker] INFO  o.j.t.i.r.l.EventLoggerTravelCalculatePremiumRequest - REQUEST: {"personFirstName":"","personLastName":"Doe","agreementDateFrom":"2021-01-23","agreementDateTo":"2028-04-23","selectedRisks":["TRAVEL_MEDICAL","TRAVEL_CANCELLATION","TRAVEL_LOSS_BAGGAGE"]}
2025-03-03 22:41:53,873 [Test worker] INFO  o.s.t.c.s.AnnotationConfigContextLoaderUtils - Could not detect default configuration classes for test class [org.javaguru.travel.insurance.rest.TravelCalculatePremiumControllerTest]: TravelCalculatePremiumControllerTest does not declare any static, non-private, non-final, nested classes annotated with @Configuration.
2025-03-03 22:41:53,949 [Test worker] INFO  o.s.b.t.c.SpringBootTestContextBootstrapper - Found @SpringBootConfiguration org.javaguru.travel.insurance.InsuranceApplication for test class org.javaguru.travel.insurance.rest.TravelCalculatePremiumControllerTest
2025-03-03 22:41:54,142 [Test worker] INFO  o.j.t.i.r.TravelCalculatePremiumControllerTest - Starting TravelCalculatePremiumControllerTest using Java 21.0.6 with PID 30708 (started by a--- in /Users/a---/Desktop/My files/intelliJ IDEA FILE/2025_virtual_internship/student_morozov_nikita)
2025-03-03 22:41:54,143 [Test worker] INFO  o.j.t.i.r.TravelCalculatePremiumControllerTest - No active profile set, falling back to 1 default profile: "default"
2025-03-03 22:41:54,689 [Test worker] INFO  o.s.b.t.m.w.SpringBootMockServletContext - Initializing Spring TestDispatcherServlet ''
2025-03-03 22:41:54,689 [Test worker] INFO  o.s.t.w.s.TestDispatcherServlet - Initializing Servlet ''
2025-03-03 22:41:54,690 [Test worker] INFO  o.s.t.w.s.TestDispatcherServlet - Completed initialization in 0 ms
2025-03-03 22:41:54,703 [Test worker] INFO  o.j.t.i.r.TravelCalculatePremiumControllerTest - Started TravelCalculatePremiumControllerTest in 0.69 seconds (process running for 2.152)
2025-03-03 22:41:54,776 [Test worker] INFO  o.j.t.i.r.l.EventLoggerTravelCalculatePremiumRequest - REQUEST: {"personFirstName":"","personLastName":"","agreementDateFrom":"2020-01-23","agreementDateTo":"2019-04-23","selectedRisks":[]}
2025-03-03 22:41:54,778 [Test worker] INFO  o.j.t.i.r.l.EventLoggerTravelCalculatePremiumResponse - RESPONSE: {"errors":[{"errorCode":"ERROR_CODE_6","description":"Both DateFrom and DateTo must be in the future!"},{"errorCode":"ERROR_CODE_5","description":"DateTo must not be less DateFrom!"},{"errorCode":"ERROR_CODE_1","description":"Field personFirstName is empty!"},{"errorCode":"ERROR_CODE_2","description":"Field personLastName is empty!"},{"errorCode":"ERROR_CODE_7","description":"Must not be empty!"}],"personFirstName":null,"personLastName":null,"agreementDateFrom":null,"agreementDateTo":null,"agreementPrice":null}
2025-03-03 22:41:54,779 [Test worker] INFO  o.j.t.i.r.l.EventLoggerTravelCalculatePremiumRequest - Request processing time (ms): 11
2025-03-03 22:41:54,804 [Test worker] INFO  o.j.t.i.r.l.EventLoggerTravelCalculatePremiumRequest - REQUEST: {"personFirstName":"John","personLastName":"Doe","agreementDateFrom":"2020-01-23","agreementDateTo":"2020-04-23","selectedRisks":["TRAVEL_MEDICAL","TRAVEL_CANCELLATION","TRAVEL_LOSS_BAGGAGE"]}
2025-03-03 22:41:54,804 [Test worker] INFO  o.j.t.i.r.l.EventLoggerTravelCalculatePremiumResponse - RESPONSE: {"errors":[{"errorCode":"ERROR_CODE_6","description":"Both DateFrom and DateTo must be in the future!"}],"personFirstName":null,"personLastName":null,"agreementDateFrom":null,"agreementDateTo":null,"agreementPrice":null}
2025-03-03 22:41:54,804 [Test worker] INFO  o.j.t.i.r.l.EventLoggerTravelCalculatePremiumRequest - Request processing time (ms): 0
2025-03-03 22:41:54,809 [Test worker] INFO  o.j.t.i.r.l.EventLoggerTravelCalculatePremiumRequest - REQUEST: {"personFirstName":"John","personLastName":"Doe","agreementDateFrom":null,"agreementDateTo":"2028-04-23","selectedRisks":["TRAVEL_MEDICAL","TRAVEL_CANCELLATION","TRAVEL_LOSS_BAGGAGE"]}
2025-03-03 22:41:54,810 [Test worker] INFO  o.j.t.i.r.l.EventLoggerTravelCalculatePremiumResponse - RESPONSE: {"errors":[{"errorCode":"ERROR_CODE_3","description":"DateFrom must not be null!"}],"personFirstName":null,"personLastName":null,"agreementDateFrom":null,"agreementDateTo":null,"agreementPrice":null}
2025-03-03 22:41:54,810 [Test worker] INFO  o.j.t.i.r.l.EventLoggerTravelCalculatePremiumRequest - Request processing time (ms): 0
2025-03-03 22:41:54,814 [Test worker] INFO  o.j.t.i.r.l.EventLoggerTravelCalculatePremiumRequest - REQUEST: {"personFirstName":"John","personLastName":"Doe","agreementDateFrom":"2028-01-23","agreementDateTo":"2028-04-23","selectedRisks":["TRAVEL_MEDICAL","TRAVEL_CANCELLATION","TRAVEL_LOSS_BAGGAGE"]}
2025-03-03 22:41:54,819 [Test worker] INFO  o.j.t.i.r.l.EventLoggerTravelCalculatePremiumResponse - RESPONSE: {"errors":null,"personFirstName":"John","personLastName":"Doe","agreementDateFrom":"2028-01-23","agreementDateTo":"2028-04-23","agreementPrice":91}
2025-03-03 22:41:54,820 [Test worker] INFO  o.j.t.i.r.l.EventLoggerTravelCalculatePremiumRequest - Request processing time (ms): 5
2025-03-03 22:41:54,829 [Test worker] INFO  o.j.t.i.r.l.EventLoggerTravelCalculatePremiumRequest - REQUEST: {"personFirstName":"John","personLastName":"Doe","agreementDateFrom":"2028-04-23","agreementDateTo":"2028-01-23","selectedRisks":["TRAVEL_MEDICAL","TRAVEL_CANCELLATION","TRAVEL_LOSS_BAGGAGE"]}
2025-03-03 22:41:54,830 [Test worker] INFO  o.j.t.i.r.l.EventLoggerTravelCalculatePremiumResponse - RESPONSE: {"errors":[{"errorCode":"ERROR_CODE_5","description":"DateTo must not be less DateFrom!"}],"personFirstName":null,"personLastName":null,"agreementDateFrom":null,"agreementDateTo":null,"agreementPrice":null}
2025-03-03 22:41:54,830 [Test worker] INFO  o.j.t.i.r.l.EventLoggerTravelCalculatePremiumRequest - Request processing time (ms): 0
2025-03-03 22:41:54,840 [Test worker] INFO  o.j.t.i.r.l.EventLoggerTravelCalculatePremiumRequest - REQUEST: {"personFirstName":"John","personLastName":"Doe","agreementDateFrom":"2028-01-23","agreementDateTo":null,"selectedRisks":["TRAVEL_MEDICAL","TRAVEL_CANCELLATION","TRAVEL_LOSS_BAGGAGE"]}
2025-03-03 22:41:54,842 [Test worker] INFO  o.j.t.i.r.l.EventLoggerTravelCalculatePremiumResponse - RESPONSE: {"errors":[{"errorCode":"ERROR_CODE_4","description":"DateTo must not be null!"}],"personFirstName":null,"personLastName":null,"agreementDateFrom":null,"agreementDateTo":null,"agreementPrice":null}
2025-03-03 22:41:54,842 [Test worker] INFO  o.j.t.i.r.l.EventLoggerTravelCalculatePremiumRequest - Request processing time (ms): 1
2025-03-03 22:41:54,856 [Test worker] INFO  o.j.t.i.r.l.EventLoggerTravelCalculatePremiumRequest - REQUEST: {"personFirstName":"","personLastName":"Doe","agreementDateFrom":"2021-01-23","agreementDateTo":"2028-04-23","selectedRisks":["TRAVEL_MEDICAL","TRAVEL_CANCELLATION","TRAVEL_LOSS_BAGGAGE"]}
2025-03-03 22:41:54,856 [Test worker] INFO  o.j.t.i.r.l.EventLoggerTravelCalculatePremiumResponse - RESPONSE: {"errors":[{"errorCode":"ERROR_CODE_6","description":"Both DateFrom and DateTo must be in the future!"},{"errorCode":"ERROR_CODE_1","description":"Field personFirstName is empty!"}],"personFirstName":null,"personLastName":null,"agreementDateFrom":null,"agreementDateTo":null,"agreementPrice":null}
2025-03-03 22:41:54,856 [Test worker] INFO  o.j.t.i.r.l.EventLoggerTravelCalculatePremiumRequest - Request processing time (ms): 0
2025-03-03 22:48:24,059 [Test worker] INFO  o.s.t.c.s.AnnotationConfigContextLoaderUtils - Could not detect default configuration classes for test class [org.javaguru.travel.insurance.rest.TravelCalculatePremiumControllerTest]: TravelCalculatePremiumControllerTest does not declare any static, non-private, non-final, nested classes annotated with @Configuration.
2025-03-03 22:48:24,121 [Test worker] INFO  o.s.b.t.c.SpringBootTestContextBootstrapper - Found @SpringBootConfiguration org.javaguru.travel.insurance.InsuranceApplication for test class org.javaguru.travel.insurance.rest.TravelCalculatePremiumControllerTest
2025-03-03 22:48:24,303 [Test worker] INFO  o.j.t.i.r.TravelCalculatePremiumControllerTest - Starting TravelCalculatePremiumControllerTest using Java 21.0.6 with PID 30886 (started by a--- in /Users/a---/Desktop/My files/intelliJ IDEA FILE/2025_virtual_internship/student_morozov_nikita)
2025-03-03 22:48:24,303 [Test worker] INFO  o.j.t.i.r.TravelCalculatePremiumControllerTest - No active profile set, falling back to 1 default profile: "default"
2025-03-03 22:48:24,839 [Test worker] INFO  o.s.b.t.m.w.SpringBootMockServletContext - Initializing Spring TestDispatcherServlet ''
2025-03-03 22:48:24,839 [Test worker] INFO  o.s.t.w.s.TestDispatcherServlet - Initializing Servlet ''
2025-03-03 22:48:24,840 [Test worker] INFO  o.s.t.w.s.TestDispatcherServlet - Completed initialization in 0 ms
2025-03-03 22:48:24,858 [Test worker] INFO  o.j.t.i.r.TravelCalculatePremiumControllerTest - Started TravelCalculatePremiumControllerTest in 0.658 seconds (process running for 1.376)
2025-03-03 22:48:25,338 [Test worker] INFO  o.j.t.i.r.l.EventLoggerTravelCalculatePremiumRequest - REQUEST: {"personFirstName":"","personLastName":"","agreementDateFrom":"2020-01-23","agreementDateTo":"2019-04-23","selectedRisks":[]}
2025-03-03 22:48:25,341 [Test worker] INFO  o.j.t.i.r.l.EventLoggerTravelCalculatePremiumResponse - RESPONSE: {"errors":[{"errorCode":"ERROR_CODE_6","description":"Both DateFrom and DateTo must be in the future!"},{"errorCode":"ERROR_CODE_5","description":"DateTo must not be less DateFrom!"},{"errorCode":"ERROR_CODE_1","description":"Field personFirstName is empty!"},{"errorCode":"ERROR_CODE_2","description":"Field personLastName is empty!"},{"errorCode":"ERROR_CODE_7","description":"Must not be empty!"}],"personFirstName":null,"personLastName":null,"agreementDateFrom":null,"agreementDateTo":null,"agreementPrice":null}
2025-03-03 22:48:25,341 [Test worker] INFO  o.j.t.i.r.l.EventLoggerTravelCalculatePremiumRequest - Request processing time (ms): 9
2025-03-03 22:48:25,362 [Test worker] INFO  o.j.t.i.r.l.EventLoggerTravelCalculatePremiumRequest - REQUEST: {"personFirstName":"John","personLastName":"Doe","agreementDateFrom":"2020-01-23","agreementDateTo":"2020-04-23","selectedRisks":["TRAVEL_MEDICAL","TRAVEL_CANCELLATION","TRAVEL_LOSS_BAGGAGE"]}
2025-03-03 22:48:25,362 [Test worker] INFO  o.j.t.i.r.l.EventLoggerTravelCalculatePremiumResponse - RESPONSE: {"errors":[{"errorCode":"ERROR_CODE_6","description":"Both DateFrom and DateTo must be in the future!"}],"personFirstName":null,"personLastName":null,"agreementDateFrom":null,"agreementDateTo":null,"agreementPrice":null}
2025-03-03 22:48:25,363 [Test worker] INFO  o.j.t.i.r.l.EventLoggerTravelCalculatePremiumRequest - Request processing time (ms): 0
2025-03-03 22:48:25,367 [Test worker] INFO  o.j.t.i.r.l.EventLoggerTravelCalculatePremiumRequest - REQUEST: {"personFirstName":"John","personLastName":"Doe","agreementDateFrom":null,"agreementDateTo":"2028-04-23","selectedRisks":["TRAVEL_MEDICAL","TRAVEL_CANCELLATION","TRAVEL_LOSS_BAGGAGE"]}
2025-03-03 22:48:25,368 [Test worker] INFO  o.j.t.i.r.l.EventLoggerTravelCalculatePremiumResponse - RESPONSE: {"errors":[{"errorCode":"ERROR_CODE_3","description":"DateFrom must not be null!"}],"personFirstName":null,"personLastName":null,"agreementDateFrom":null,"agreementDateTo":null,"agreementPrice":null}
2025-03-03 22:48:25,368 [Test worker] INFO  o.j.t.i.r.l.EventLoggerTravelCalculatePremiumRequest - Request processing time (ms): 0
2025-03-03 22:48:25,372 [Test worker] INFO  o.j.t.i.r.l.EventLoggerTravelCalculatePremiumRequest - REQUEST: {"personFirstName":"John","personLastName":"Doe","agreementDateFrom":"2028-01-23","agreementDateTo":"2028-04-23","selectedRisks":["TRAVEL_MEDICAL","TRAVEL_CANCELLATION","TRAVEL_LOSS_BAGGAGE"]}
2025-03-03 22:48:25,375 [Test worker] INFO  o.j.t.i.r.l.EventLoggerTravelCalculatePremiumResponse - RESPONSE: {"errors":null,"personFirstName":"John","personLastName":"Doe","agreementDateFrom":"2028-01-23","agreementDateTo":"2028-04-23","agreementPrice":91}
2025-03-03 22:48:25,375 [Test worker] INFO  o.j.t.i.r.l.EventLoggerTravelCalculatePremiumRequest - Request processing time (ms): 3
2025-03-03 22:48:25,382 [Test worker] INFO  o.j.t.i.r.l.EventLoggerTravelCalculatePremiumRequest - REQUEST: {"personFirstName":"John","personLastName":"Doe","agreementDateFrom":"2028-04-23","agreementDateTo":"2028-01-23","selectedRisks":["TRAVEL_MEDICAL","TRAVEL_CANCELLATION","TRAVEL_LOSS_BAGGAGE"]}
2025-03-03 22:48:25,382 [Test worker] INFO  o.j.t.i.r.l.EventLoggerTravelCalculatePremiumResponse - RESPONSE: {"errors":[{"errorCode":"ERROR_CODE_5","description":"DateTo must not be less DateFrom!"}],"personFirstName":null,"personLastName":null,"agreementDateFrom":null,"agreementDateTo":null,"agreementPrice":null}
2025-03-03 22:48:25,383 [Test worker] INFO  o.j.t.i.r.l.EventLoggerTravelCalculatePremiumRequest - Request processing time (ms): 0
2025-03-03 22:48:25,386 [Test worker] INFO  o.j.t.i.r.l.EventLoggerTravelCalculatePremiumRequest - REQUEST: {"personFirstName":"John","personLastName":"Doe","agreementDateFrom":"2028-01-23","agreementDateTo":null,"selectedRisks":["TRAVEL_MEDICAL","TRAVEL_CANCELLATION","TRAVEL_LOSS_BAGGAGE"]}
2025-03-03 22:48:25,386 [Test worker] INFO  o.j.t.i.r.l.EventLoggerTravelCalculatePremiumResponse - RESPONSE: {"errors":[{"errorCode":"ERROR_CODE_4","description":"DateTo must not be null!"}],"personFirstName":null,"personLastName":null,"agreementDateFrom":null,"agreementDateTo":null,"agreementPrice":null}
2025-03-03 22:48:25,387 [Test worker] INFO  o.j.t.i.r.l.EventLoggerTravelCalculatePremiumRequest - Request processing time (ms): 0
2025-03-03 22:48:25,391 [Test worker] INFO  o.j.t.i.r.l.EventLoggerTravelCalculatePremiumRequest - REQUEST: {"personFirstName":"","personLastName":"Doe","agreementDateFrom":"2021-01-23","agreementDateTo":"2028-04-23","selectedRisks":["TRAVEL_MEDICAL","TRAVEL_CANCELLATION","TRAVEL_LOSS_BAGGAGE"]}
2025-03-03 22:48:25,392 [Test worker] INFO  o.j.t.i.r.l.EventLoggerTravelCalculatePremiumResponse - RESPONSE: {"errors":[{"errorCode":"ERROR_CODE_6","description":"Both DateFrom and DateTo must be in the future!"},{"errorCode":"ERROR_CODE_1","description":"Field personFirstName is empty!"}],"personFirstName":null,"personLastName":null,"agreementDateFrom":null,"agreementDateTo":null,"agreementPrice":null}
2025-03-03 22:48:25,392 [Test worker] INFO  o.j.t.i.r.l.EventLoggerTravelCalculatePremiumRequest - Request processing time (ms): 0
2025-03-03 22:59:31,973 [Test worker] INFO  o.s.t.c.s.AnnotationConfigContextLoaderUtils - Could not detect default configuration classes for test class [org.javaguru.travel.insurance.rest.TravelCalculatePremiumControllerTest]: TravelCalculatePremiumControllerTest does not declare any static, non-private, non-final, nested classes annotated with @Configuration.
2025-03-03 22:59:32,031 [Test worker] INFO  o.s.b.t.c.SpringBootTestContextBootstrapper - Found @SpringBootConfiguration org.javaguru.travel.insurance.InsuranceApplication for test class org.javaguru.travel.insurance.rest.TravelCalculatePremiumControllerTest
2025-03-03 22:59:32,215 [Test worker] INFO  o.j.t.i.r.TravelCalculatePremiumControllerTest - Starting TravelCalculatePremiumControllerTest using Java 21.0.6 with PID 31029 (started by a--- in /Users/a---/Desktop/My files/intelliJ IDEA FILE/2025_virtual_internship/student_morozov_nikita)
2025-03-03 22:59:32,216 [Test worker] INFO  o.j.t.i.r.TravelCalculatePremiumControllerTest - No active profile set, falling back to 1 default profile: "default"
2025-03-03 22:59:32,709 [Test worker] INFO  o.s.b.t.m.w.SpringBootMockServletContext - Initializing Spring TestDispatcherServlet ''
2025-03-03 22:59:32,709 [Test worker] INFO  o.s.t.w.s.TestDispatcherServlet - Initializing Servlet ''
2025-03-03 22:59:32,710 [Test worker] INFO  o.s.t.w.s.TestDispatcherServlet - Completed initialization in 0 ms
2025-03-03 22:59:32,720 [Test worker] INFO  o.j.t.i.r.TravelCalculatePremiumControllerTest - Started TravelCalculatePremiumControllerTest in 0.624 seconds (process running for 2.074)
2025-03-03 22:59:32,786 [Test worker] INFO  o.j.t.i.r.l.EventLoggerTravelCalculatePremiumRequest - REQUEST: {"personFirstName":"","personLastName":"","agreementDateFrom":"2020-01-23","agreementDateTo":"2019-04-23","selectedRisks":[]}
2025-03-03 22:59:32,789 [Test worker] INFO  o.j.t.i.r.l.EventLoggerTravelCalculatePremiumResponse - RESPONSE: {"errors":[{"errorCode":"ERROR_CODE_6","description":"Both DateFrom and DateTo must be in the future!"},{"errorCode":"ERROR_CODE_5","description":"DateTo must not be less DateFrom!"},{"errorCode":"ERROR_CODE_1","description":"Field personFirstName is empty!"},{"errorCode":"ERROR_CODE_2","description":"Field personLastName is empty!"},{"errorCode":"ERROR_CODE_7","description":"Must not be empty!"}],"personFirstName":null,"personLastName":null,"agreementDateFrom":null,"agreementDateTo":null,"agreementPrice":null}
2025-03-03 22:59:32,789 [Test worker] INFO  o.j.t.i.r.l.EventLoggerTravelCalculatePremiumRequest - Request processing time (ms): 8
2025-03-03 22:59:32,807 [Test worker] INFO  o.j.t.i.r.l.EventLoggerTravelCalculatePremiumRequest - REQUEST: {"personFirstName":"John","personLastName":"Doe","agreementDateFrom":"2020-01-23","agreementDateTo":"2020-04-23","selectedRisks":["TRAVEL_MEDICAL","TRAVEL_CANCELLATION","TRAVEL_LOSS_BAGGAGE"]}
2025-03-03 22:59:32,807 [Test worker] INFO  o.j.t.i.r.l.EventLoggerTravelCalculatePremiumResponse - RESPONSE: {"errors":[{"errorCode":"ERROR_CODE_6","description":"Both DateFrom and DateTo must be in the future!"}],"personFirstName":null,"personLastName":null,"agreementDateFrom":null,"agreementDateTo":null,"agreementPrice":null}
2025-03-03 22:59:32,807 [Test worker] INFO  o.j.t.i.r.l.EventLoggerTravelCalculatePremiumRequest - Request processing time (ms): 0
2025-03-03 22:59:32,813 [Test worker] INFO  o.j.t.i.r.l.EventLoggerTravelCalculatePremiumRequest - REQUEST: {"personFirstName":"John","personLastName":"Doe","agreementDateFrom":null,"agreementDateTo":"2028-04-23","selectedRisks":["TRAVEL_MEDICAL","TRAVEL_CANCELLATION","TRAVEL_LOSS_BAGGAGE"]}
2025-03-03 22:59:32,813 [Test worker] INFO  o.j.t.i.r.l.EventLoggerTravelCalculatePremiumResponse - RESPONSE: {"errors":[{"errorCode":"ERROR_CODE_3","description":"DateFrom must not be null!"}],"personFirstName":null,"personLastName":null,"agreementDateFrom":null,"agreementDateTo":null,"agreementPrice":null}
2025-03-03 22:59:32,813 [Test worker] INFO  o.j.t.i.r.l.EventLoggerTravelCalculatePremiumRequest - Request processing time (ms): 0
2025-03-03 22:59:32,818 [Test worker] INFO  o.j.t.i.r.l.EventLoggerTravelCalculatePremiumRequest - REQUEST: {"personFirstName":"John","personLastName":"Doe","agreementDateFrom":"2028-01-23","agreementDateTo":"2028-04-23","selectedRisks":["TRAVEL_MEDICAL","TRAVEL_CANCELLATION","TRAVEL_LOSS_BAGGAGE"]}
2025-03-03 22:59:32,821 [Test worker] INFO  o.j.t.i.r.l.EventLoggerTravelCalculatePremiumResponse - RESPONSE: {"errors":null,"personFirstName":"John","personLastName":"Doe","agreementDateFrom":"2028-01-23","agreementDateTo":"2028-04-23","agreementPrice":91}
2025-03-03 22:59:32,821 [Test worker] INFO  o.j.t.i.r.l.EventLoggerTravelCalculatePremiumRequest - Request processing time (ms): 3
2025-03-03 22:59:32,827 [Test worker] INFO  o.j.t.i.r.l.EventLoggerTravelCalculatePremiumRequest - REQUEST: {"personFirstName":"John","personLastName":"Doe","agreementDateFrom":"2028-04-23","agreementDateTo":"2028-01-23","selectedRisks":["TRAVEL_MEDICAL","TRAVEL_CANCELLATION","TRAVEL_LOSS_BAGGAGE"]}
2025-03-03 22:59:32,828 [Test worker] INFO  o.j.t.i.r.l.EventLoggerTravelCalculatePremiumResponse - RESPONSE: {"errors":[{"errorCode":"ERROR_CODE_5","description":"DateTo must not be less DateFrom!"}],"personFirstName":null,"personLastName":null,"agreementDateFrom":null,"agreementDateTo":null,"agreementPrice":null}
2025-03-03 22:59:32,828 [Test worker] INFO  o.j.t.i.r.l.EventLoggerTravelCalculatePremiumRequest - Request processing time (ms): 0
2025-03-03 22:59:32,832 [Test worker] INFO  o.j.t.i.r.l.EventLoggerTravelCalculatePremiumRequest - REQUEST: {"personFirstName":"John","personLastName":"Doe","agreementDateFrom":"2028-01-23","agreementDateTo":null,"selectedRisks":["TRAVEL_MEDICAL","TRAVEL_CANCELLATION","TRAVEL_LOSS_BAGGAGE"]}
2025-03-03 22:59:32,832 [Test worker] INFO  o.j.t.i.r.l.EventLoggerTravelCalculatePremiumResponse - RESPONSE: {"errors":[{"errorCode":"ERROR_CODE_4","description":"DateTo must not be null!"}],"personFirstName":null,"personLastName":null,"agreementDateFrom":null,"agreementDateTo":null,"agreementPrice":null}
2025-03-03 22:59:32,832 [Test worker] INFO  o.j.t.i.r.l.EventLoggerTravelCalculatePremiumRequest - Request processing time (ms): 0
2025-03-03 22:59:32,837 [Test worker] INFO  o.j.t.i.r.l.EventLoggerTravelCalculatePremiumRequest - REQUEST: {"personFirstName":"","personLastName":"Doe","agreementDateFrom":"2021-01-23","agreementDateTo":"2028-04-23","selectedRisks":["TRAVEL_MEDICAL","TRAVEL_CANCELLATION","TRAVEL_LOSS_BAGGAGE"]}
2025-03-03 22:59:32,837 [Test worker] INFO  o.j.t.i.r.l.EventLoggerTravelCalculatePremiumResponse - RESPONSE: {"errors":[{"errorCode":"ERROR_CODE_6","description":"Both DateFrom and DateTo must be in the future!"},{"errorCode":"ERROR_CODE_1","description":"Field personFirstName is empty!"}],"personFirstName":null,"personLastName":null,"agreementDateFrom":null,"agreementDateTo":null,"agreementPrice":null}
2025-03-03 22:59:32,837 [Test worker] INFO  o.j.t.i.r.l.EventLoggerTravelCalculatePremiumRequest - Request processing time (ms): 0
2025-03-03 23:52:22,462 [Test worker] INFO  o.s.t.c.s.AnnotationConfigContextLoaderUtils - Could not detect default configuration classes for test class [org.javaguru.travel.insurance.rest.TravelCalculatePremiumControllerTest]: TravelCalculatePremiumControllerTest does not declare any static, non-private, non-final, nested classes annotated with @Configuration.
2025-03-03 23:52:22,521 [Test worker] INFO  o.s.b.t.c.SpringBootTestContextBootstrapper - Found @SpringBootConfiguration org.javaguru.travel.insurance.InsuranceApplication for test class org.javaguru.travel.insurance.rest.TravelCalculatePremiumControllerTest
2025-03-03 23:52:22,688 [Test worker] INFO  o.j.t.i.r.TravelCalculatePremiumControllerTest - Starting TravelCalculatePremiumControllerTest using Java 21.0.6 with PID 31466 (started by a--- in /Users/a---/Desktop/My files/intelliJ IDEA FILE/2025_virtual_internship/student_morozov_nikita)
2025-03-03 23:52:22,689 [Test worker] INFO  o.j.t.i.r.TravelCalculatePremiumControllerTest - No active profile set, falling back to 1 default profile: "default"
2025-03-03 23:52:23,178 [Test worker] INFO  o.s.b.t.m.w.SpringBootMockServletContext - Initializing Spring TestDispatcherServlet ''
2025-03-03 23:52:23,178 [Test worker] INFO  o.s.t.w.s.TestDispatcherServlet - Initializing Servlet ''
2025-03-03 23:52:23,179 [Test worker] INFO  o.s.t.w.s.TestDispatcherServlet - Completed initialization in 0 ms
2025-03-03 23:52:23,190 [Test worker] INFO  o.j.t.i.r.TravelCalculatePremiumControllerTest - Started TravelCalculatePremiumControllerTest in 0.607 seconds (process running for 1.965)
2025-03-03 23:52:23,252 [Test worker] INFO  o.j.t.i.r.l.EventLoggerTravelCalculatePremiumRequest - REQUEST: {"personFirstName":"","personLastName":"","agreementDateFrom":"2020-01-23","agreementDateTo":"2019-04-23","selectedRisks":[]}
2025-03-03 23:52:23,255 [Test worker] INFO  o.j.t.i.r.l.EventLoggerTravelCalculatePremiumResponse - RESPONSE: {"errors":[{"errorCode":"ERROR_CODE_6","description":"Both DateFrom and DateTo must be in the future!"},{"errorCode":"ERROR_CODE_5","description":"DateTo must not be less DateFrom!"},{"errorCode":"ERROR_CODE_1","description":"Field personFirstName is empty!"},{"errorCode":"ERROR_CODE_2","description":"Field personLastName is empty!"},{"errorCode":"ERROR_CODE_7","description":"Must not be empty!"}],"personFirstName":null,"personLastName":null,"agreementDateFrom":null,"agreementDateTo":null,"agreementPrice":null}
2025-03-03 23:52:23,255 [Test worker] INFO  o.j.t.i.r.l.EventLoggerTravelCalculatePremiumRequest - Request processing time (ms): 8
2025-03-03 23:52:23,273 [Test worker] INFO  o.j.t.i.r.l.EventLoggerTravelCalculatePremiumRequest - REQUEST: {"personFirstName":"John","personLastName":"Doe","agreementDateFrom":"2020-01-23","agreementDateTo":"2020-04-23","selectedRisks":["TRAVEL_MEDICAL","TRAVEL_CANCELLATION","TRAVEL_LOSS_BAGGAGE"]}
2025-03-03 23:52:23,273 [Test worker] INFO  o.j.t.i.r.l.EventLoggerTravelCalculatePremiumResponse - RESPONSE: {"errors":[{"errorCode":"ERROR_CODE_6","description":"Both DateFrom and DateTo must be in the future!"}],"personFirstName":null,"personLastName":null,"agreementDateFrom":null,"agreementDateTo":null,"agreementPrice":null}
2025-03-03 23:52:23,273 [Test worker] INFO  o.j.t.i.r.l.EventLoggerTravelCalculatePremiumRequest - Request processing time (ms): 0
2025-03-03 23:52:23,277 [Test worker] INFO  o.j.t.i.r.l.EventLoggerTravelCalculatePremiumRequest - REQUEST: {"personFirstName":"John","personLastName":"Doe","agreementDateFrom":null,"agreementDateTo":"2028-04-23","selectedRisks":["TRAVEL_MEDICAL","TRAVEL_CANCELLATION","TRAVEL_LOSS_BAGGAGE"]}
2025-03-03 23:52:23,278 [Test worker] INFO  o.j.t.i.r.l.EventLoggerTravelCalculatePremiumResponse - RESPONSE: {"errors":[{"errorCode":"ERROR_CODE_3","description":"DateFrom must not be null!"}],"personFirstName":null,"personLastName":null,"agreementDateFrom":null,"agreementDateTo":null,"agreementPrice":null}
2025-03-03 23:52:23,278 [Test worker] INFO  o.j.t.i.r.l.EventLoggerTravelCalculatePremiumRequest - Request processing time (ms): 0
2025-03-03 23:52:23,283 [Test worker] INFO  o.j.t.i.r.l.EventLoggerTravelCalculatePremiumRequest - REQUEST: {"personFirstName":"John","personLastName":"Doe","agreementDateFrom":"2028-01-23","agreementDateTo":"2028-04-23","selectedRisks":["TRAVEL_MEDICAL","TRAVEL_CANCELLATION","TRAVEL_LOSS_BAGGAGE"]}
2025-03-03 23:52:23,286 [Test worker] INFO  o.j.t.i.r.l.EventLoggerTravelCalculatePremiumResponse - RESPONSE: {"errors":null,"personFirstName":"John","personLastName":"Doe","agreementDateFrom":"2028-01-23","agreementDateTo":"2028-04-23","agreementPrice":91}
2025-03-03 23:52:23,286 [Test worker] INFO  o.j.t.i.r.l.EventLoggerTravelCalculatePremiumRequest - Request processing time (ms): 3
2025-03-03 23:52:23,292 [Test worker] INFO  o.j.t.i.r.l.EventLoggerTravelCalculatePremiumRequest - REQUEST: {"personFirstName":"John","personLastName":"Doe","agreementDateFrom":"2028-04-23","agreementDateTo":"2028-01-23","selectedRisks":["TRAVEL_MEDICAL","TRAVEL_CANCELLATION","TRAVEL_LOSS_BAGGAGE"]}
2025-03-03 23:52:23,292 [Test worker] INFO  o.j.t.i.r.l.EventLoggerTravelCalculatePremiumResponse - RESPONSE: {"errors":[{"errorCode":"ERROR_CODE_5","description":"DateTo must not be less DateFrom!"}],"personFirstName":null,"personLastName":null,"agreementDateFrom":null,"agreementDateTo":null,"agreementPrice":null}
2025-03-03 23:52:23,293 [Test worker] INFO  o.j.t.i.r.l.EventLoggerTravelCalculatePremiumRequest - Request processing time (ms): 0
2025-03-03 23:52:23,297 [Test worker] INFO  o.j.t.i.r.l.EventLoggerTravelCalculatePremiumRequest - REQUEST: {"personFirstName":"John","personLastName":"Doe","agreementDateFrom":"2028-01-23","agreementDateTo":null,"selectedRisks":["TRAVEL_MEDICAL","TRAVEL_CANCELLATION","TRAVEL_LOSS_BAGGAGE"]}
2025-03-03 23:52:23,298 [Test worker] INFO  o.j.t.i.r.l.EventLoggerTravelCalculatePremiumResponse - RESPONSE: {"errors":[{"errorCode":"ERROR_CODE_4","description":"DateTo must not be null!"}],"personFirstName":null,"personLastName":null,"agreementDateFrom":null,"agreementDateTo":null,"agreementPrice":null}
2025-03-03 23:52:23,298 [Test worker] INFO  o.j.t.i.r.l.EventLoggerTravelCalculatePremiumRequest - Request processing time (ms): 0
2025-03-03 23:52:23,302 [Test worker] INFO  o.j.t.i.r.l.EventLoggerTravelCalculatePremiumRequest - REQUEST: {"personFirstName":"","personLastName":"Doe","agreementDateFrom":"2021-01-23","agreementDateTo":"2028-04-23","selectedRisks":["TRAVEL_MEDICAL","TRAVEL_CANCELLATION","TRAVEL_LOSS_BAGGAGE"]}
2025-03-03 23:52:23,303 [Test worker] INFO  o.j.t.i.r.l.EventLoggerTravelCalculatePremiumResponse - RESPONSE: {"errors":[{"errorCode":"ERROR_CODE_6","description":"Both DateFrom and DateTo must be in the future!"},{"errorCode":"ERROR_CODE_1","description":"Field personFirstName is empty!"}],"personFirstName":null,"personLastName":null,"agreementDateFrom":null,"agreementDateTo":null,"agreementPrice":null}
2025-03-03 23:52:23,303 [Test worker] INFO  o.j.t.i.r.l.EventLoggerTravelCalculatePremiumRequest - Request processing time (ms): 0
