2025-02-25 17:18:39,518 [Test worker] INFO  o.s.t.c.s.AnnotationConfigContextLoaderUtils - Could not detect default configuration classes for test class [org.javaguru.travel.insurance.rest.TravelCalculatePremiumControllerTest]: TravelCalculatePremiumControllerTest does not declare any static, non-private, non-final, nested classes annotated with @Configuration.
2025-02-25 17:18:39,576 [Test worker] INFO  o.s.b.t.c.SpringBootTestContextBootstrapper - Found @SpringBootConfiguration org.javaguru.travel.insurance.InsuranceApplication for test class org.javaguru.travel.insurance.rest.TravelCalculatePremiumControllerTest
2025-02-25 17:18:39,731 [Test worker] INFO  o.j.t.i.r.TravelCalculatePremiumControllerTest - Starting TravelCalculatePremiumControllerTest using Java 21.0.6 with PID 98848 (started by a--- in /Users/a---/Desktop/My files/intelliJ IDEA FILE/2025_virtual_internship/student_morozov_nikita)
2025-02-25 17:18:39,731 [Test worker] INFO  o.j.t.i.r.TravelCalculatePremiumControllerTest - No active profile set, falling back to 1 default profile: "default"
2025-02-25 17:18:40,202 [Test worker] INFO  o.s.b.t.m.w.SpringBootMockServletContext - Initializing Spring TestDispatcherServlet ''
2025-02-25 17:18:40,202 [Test worker] INFO  o.s.t.w.s.TestDispatcherServlet - Initializing Servlet ''
2025-02-25 17:18:40,203 [Test worker] INFO  o.s.t.w.s.TestDispatcherServlet - Completed initialization in 0 ms
2025-02-25 17:18:40,212 [Test worker] INFO  o.j.t.i.r.TravelCalculatePremiumControllerTest - Started TravelCalculatePremiumControllerTest in 0.578 seconds (process running for 1.817)
2025-02-25 17:18:40,270 [Test worker] INFO  o.j.t.i.r.LoggerTravelCalculatePremiumRequest - REQUEST: {"personFirstName":"John","personLastName":"","agreementDateFrom":"2028-01-23","agreementDateTo":"2028-04-23"}
2025-02-25 17:18:40,273 [Test worker] INFO  o.j.t.i.r.LoggerTravelCalculatePremiumResponse - RESPONSE: {"errors":[{"field":"PersonLastName","message":"Must not be empty!"}],"personFirstName":null,"personLastName":null,"agreementDateFrom":null,"agreementDateTo":null,"agreementPrice":null}
2025-02-25 17:18:40,274 [Test worker] INFO  o.j.t.i.r.LoggerTravelCalculatePremiumRequest - Request processing time (ms): 8
2025-02-25 17:18:40,291 [Test worker] INFO  o.j.t.i.r.LoggerTravelCalculatePremiumRequest - REQUEST: {"personFirstName":"John","personLastName":"Doe","agreementDateFrom":"2020-01-23","agreementDateTo":"2020-04-23"}
2025-02-25 17:18:40,291 [Test worker] INFO  o.j.t.i.r.LoggerTravelCalculatePremiumResponse - RESPONSE: {"errors":[{"field":"InvalidDate","message":"Both DateFrom and DateTo must be in the future"}],"personFirstName":null,"personLastName":null,"agreementDateFrom":null,"agreementDateTo":null,"agreementPrice":null}
2025-02-25 17:18:40,291 [Test worker] INFO  o.j.t.i.r.LoggerTravelCalculatePremiumRequest - Request processing time (ms): 0
2025-02-25 17:18:40,296 [Test worker] INFO  o.j.t.i.r.LoggerTravelCalculatePremiumRequest - REQUEST: {"personFirstName":"John","personLastName":"Doe","agreementDateFrom":null,"agreementDateTo":"2028-04-23"}
2025-02-25 17:18:40,296 [Test worker] INFO  o.j.t.i.r.LoggerTravelCalculatePremiumResponse - RESPONSE: {"errors":[{"field":"DateFrom","message":"DateFrom must not be null"}],"personFirstName":null,"personLastName":null,"agreementDateFrom":null,"agreementDateTo":null,"agreementPrice":null}
2025-02-25 17:18:40,296 [Test worker] INFO  o.j.t.i.r.LoggerTravelCalculatePremiumRequest - Request processing time (ms): 0
2025-02-25 17:18:40,300 [Test worker] INFO  o.j.t.i.r.LoggerTravelCalculatePremiumRequest - REQUEST: {"personFirstName":"John","personLastName":"Doe","agreementDateFrom":"2028-01-23","agreementDateTo":"2028-04-23"}
2025-02-25 17:18:40,303 [Test worker] INFO  o.j.t.i.r.LoggerTravelCalculatePremiumResponse - RESPONSE: {"errors":null,"personFirstName":"John","personLastName":"Doe","agreementDateFrom":"2028-01-23","agreementDateTo":"2028-04-23","agreementPrice":91}
2025-02-25 17:18:40,303 [Test worker] INFO  o.j.t.i.r.LoggerTravelCalculatePremiumRequest - Request processing time (ms): 2
2025-02-25 17:18:40,309 [Test worker] INFO  o.j.t.i.r.LoggerTravelCalculatePremiumRequest - REQUEST: {"personFirstName":"John","personLastName":"Doe","agreementDateFrom":"2028-04-23","agreementDateTo":"2028-01-23"}
2025-02-25 17:18:40,309 [Test worker] INFO  o.j.t.i.r.LoggerTravelCalculatePremiumResponse - RESPONSE: {"errors":[{"field":"DateToLessDateFrom","message":"DateTo must not be less DateFrom"}],"personFirstName":null,"personLastName":null,"agreementDateFrom":null,"agreementDateTo":null,"agreementPrice":null}
2025-02-25 17:18:40,309 [Test worker] INFO  o.j.t.i.r.LoggerTravelCalculatePremiumRequest - Request processing time (ms): 0
2025-02-25 17:18:40,313 [Test worker] INFO  o.j.t.i.r.LoggerTravelCalculatePremiumRequest - REQUEST: {"personFirstName":"John","personLastName":"Doe","agreementDateFrom":"2028-01-23","agreementDateTo":null}
2025-02-25 17:18:40,313 [Test worker] INFO  o.j.t.i.r.LoggerTravelCalculatePremiumResponse - RESPONSE: {"errors":[{"field":"DateTo","message":"DateTo must not be null"}],"personFirstName":null,"personLastName":null,"agreementDateFrom":null,"agreementDateTo":null,"agreementPrice":null}
2025-02-25 17:18:40,313 [Test worker] INFO  o.j.t.i.r.LoggerTravelCalculatePremiumRequest - Request processing time (ms): 0
2025-02-25 17:18:40,317 [Test worker] INFO  o.j.t.i.r.LoggerTravelCalculatePremiumRequest - REQUEST: {"personFirstName":"","personLastName":"Doe","agreementDateFrom":"2028-01-23","agreementDateTo":"2028-04-23"}
2025-02-25 17:18:40,317 [Test worker] INFO  o.j.t.i.r.LoggerTravelCalculatePremiumResponse - RESPONSE: {"errors":[{"field":"PersonFirstName","message":"Must not be empty!"}],"personFirstName":null,"personLastName":null,"agreementDateFrom":null,"agreementDateTo":null,"agreementPrice":null}
2025-02-25 17:18:40,317 [Test worker] INFO  o.j.t.i.r.LoggerTravelCalculatePremiumRequest - Request processing time (ms): 0
