2025-02-25 17:17:12,851 [Test worker] INFO  o.j.t.i.r.LoggerTravelCalculatePremiumRequest - REQUEST: {"personFirstName":"John","personLastName":"","agreementDateFrom":"2028-01-23","agreementDateTo":"2028-04-23"}
2025-02-25 17:17:12,855 [Test worker] INFO  o.j.t.i.r.LoggerTravelCalculatePremiumResponse - RESPONSE: {"errors":[{"field":"PersonLastName","message":"Must not be empty!"}],"personFirstName":null,"personLastName":null,"agreementDateFrom":null,"agreementDateTo":null,"agreementPrice":null}
2025-02-25 17:17:12,855 [Test worker] INFO  o.j.t.i.r.LoggerTravelCalculatePremiumRequest - Request processing time (ms): 11
2025-02-25 17:17:12,878 [Test worker] INFO  o.j.t.i.r.LoggerTravelCalculatePremiumRequest - REQUEST: {"personFirstName":"John","personLastName":"Doe","agreementDateFrom":"2020-01-23","agreementDateTo":"2020-04-23"}
2025-02-25 17:17:12,878 [Test worker] INFO  o.j.t.i.r.LoggerTravelCalculatePremiumResponse - RESPONSE: {"errors":[{"field":"InvalidDate","message":"Both DateFrom and DateTo must be in the future"}],"personFirstName":null,"personLastName":null,"agreementDateFrom":null,"agreementDateTo":null,"agreementPrice":null}
2025-02-25 17:17:12,878 [Test worker] INFO  o.j.t.i.r.LoggerTravelCalculatePremiumRequest - Request processing time (ms): 0
2025-02-25 17:17:12,883 [Test worker] INFO  o.j.t.i.r.LoggerTravelCalculatePremiumRequest - REQUEST: {"personFirstName":"John","personLastName":"Doe","agreementDateFrom":null,"agreementDateTo":"2028-04-23"}
2025-02-25 17:17:12,883 [Test worker] INFO  o.j.t.i.r.LoggerTravelCalculatePremiumResponse - RESPONSE: {"errors":[{"field":"DateFrom","message":"DateFrom must not be null"}],"personFirstName":null,"personLastName":null,"agreementDateFrom":null,"agreementDateTo":null,"agreementPrice":null}
2025-02-25 17:17:12,883 [Test worker] INFO  o.j.t.i.r.LoggerTravelCalculatePremiumRequest - Request processing time (ms): 0
2025-02-25 17:17:12,887 [Test worker] INFO  o.j.t.i.r.LoggerTravelCalculatePremiumRequest - REQUEST: {"personFirstName":"John","personLastName":"Doe","agreementDateFrom":"2028-01-23","agreementDateTo":"2028-04-23"}
2025-02-25 17:17:12,890 [Test worker] INFO  o.j.t.i.r.LoggerTravelCalculatePremiumResponse - RESPONSE: {"errors":null,"personFirstName":"John","personLastName":"Doe","agreementDateFrom":"2028-01-23","agreementDateTo":"2028-04-23","agreementPrice":91}
2025-02-25 17:17:12,890 [Test worker] INFO  o.j.t.i.r.LoggerTravelCalculatePremiumRequest - Request processing time (ms): 2
2025-02-25 17:17:12,896 [Test worker] INFO  o.j.t.i.r.LoggerTravelCalculatePremiumRequest - REQUEST: {"personFirstName":"John","personLastName":"Doe","agreementDateFrom":"2028-04-23","agreementDateTo":"2028-01-23"}
2025-02-25 17:17:12,896 [Test worker] INFO  o.j.t.i.r.LoggerTravelCalculatePremiumResponse - RESPONSE: {"errors":[{"field":"DateToLessDateFrom","message":"DateTo must not be less DateFrom"}],"personFirstName":null,"personLastName":null,"agreementDateFrom":null,"agreementDateTo":null,"agreementPrice":null}
2025-02-25 17:17:12,896 [Test worker] INFO  o.j.t.i.r.LoggerTravelCalculatePremiumRequest - Request processing time (ms): 0
2025-02-25 17:17:12,900 [Test worker] INFO  o.j.t.i.r.LoggerTravelCalculatePremiumRequest - REQUEST: {"personFirstName":"John","personLastName":"Doe","agreementDateFrom":"2028-01-23","agreementDateTo":null}
2025-02-25 17:17:12,901 [Test worker] INFO  o.j.t.i.r.LoggerTravelCalculatePremiumResponse - RESPONSE: {"errors":[{"field":"DateTo","message":"DateTo must not be null"}],"personFirstName":null,"personLastName":null,"agreementDateFrom":null,"agreementDateTo":null,"agreementPrice":null}
2025-02-25 17:17:12,901 [Test worker] INFO  o.j.t.i.r.LoggerTravelCalculatePremiumRequest - Request processing time (ms): 0
2025-02-25 17:17:12,905 [Test worker] INFO  o.j.t.i.r.LoggerTravelCalculatePremiumRequest - REQUEST: {"personFirstName":"","personLastName":"Doe","agreementDateFrom":"2028-01-23","agreementDateTo":"2028-04-23"}
2025-02-25 17:17:12,905 [Test worker] INFO  o.j.t.i.r.LoggerTravelCalculatePremiumResponse - RESPONSE: {"errors":[{"field":"PersonFirstName","message":"Must not be empty!"}],"personFirstName":null,"personLastName":null,"agreementDateFrom":null,"agreementDateTo":null,"agreementPrice":null}
2025-02-25 17:17:12,905 [Test worker] INFO  o.j.t.i.r.LoggerTravelCalculatePremiumRequest - Request processing time (ms): 0
2025-02-25 17:17:29,656 [Test worker] INFO  o.j.t.i.r.LoggerTravelCalculatePremiumRequest - REQUEST: {"personFirstName":"John","personLastName":"","agreementDateFrom":"2028-01-23","agreementDateTo":"2028-04-23"}
2025-02-25 17:17:29,660 [Test worker] INFO  o.j.t.i.r.LoggerTravelCalculatePremiumResponse - RESPONSE: {"errors":[{"field":"PersonLastName","message":"Must not be empty!"}],"personFirstName":null,"personLastName":null,"agreementDateFrom":null,"agreementDateTo":null,"agreementPrice":null}
2025-02-25 17:17:29,660 [Test worker] INFO  o.j.t.i.r.LoggerTravelCalculatePremiumRequest - Request processing time (ms): 8
2025-02-25 17:17:29,678 [Test worker] INFO  o.j.t.i.r.LoggerTravelCalculatePremiumRequest - REQUEST: {"personFirstName":"John","personLastName":"Doe","agreementDateFrom":"2020-01-23","agreementDateTo":"2020-04-23"}
2025-02-25 17:17:29,678 [Test worker] INFO  o.j.t.i.r.LoggerTravelCalculatePremiumResponse - RESPONSE: {"errors":[{"field":"InvalidDate","message":"Both DateFrom and DateTo must be in the future"}],"personFirstName":null,"personLastName":null,"agreementDateFrom":null,"agreementDateTo":null,"agreementPrice":null}
2025-02-25 17:17:29,678 [Test worker] INFO  o.j.t.i.r.LoggerTravelCalculatePremiumRequest - Request processing time (ms): 0
2025-02-25 17:17:29,683 [Test worker] INFO  o.j.t.i.r.LoggerTravelCalculatePremiumRequest - REQUEST: {"personFirstName":"John","personLastName":"Doe","agreementDateFrom":null,"agreementDateTo":"2028-04-23"}
2025-02-25 17:17:29,683 [Test worker] INFO  o.j.t.i.r.LoggerTravelCalculatePremiumResponse - RESPONSE: {"errors":[{"field":"DateFrom","message":"DateFrom must not be null"}],"personFirstName":null,"personLastName":null,"agreementDateFrom":null,"agreementDateTo":null,"agreementPrice":null}
2025-02-25 17:17:29,684 [Test worker] INFO  o.j.t.i.r.LoggerTravelCalculatePremiumRequest - Request processing time (ms): 0
2025-02-25 17:17:29,689 [Test worker] INFO  o.j.t.i.r.LoggerTravelCalculatePremiumRequest - REQUEST: {"personFirstName":"John","personLastName":"Doe","agreementDateFrom":"2028-01-23","agreementDateTo":"2028-04-23"}
2025-02-25 17:17:29,692 [Test worker] INFO  o.j.t.i.r.LoggerTravelCalculatePremiumResponse - RESPONSE: {"errors":null,"personFirstName":"John","personLastName":"Doe","agreementDateFrom":"2028-01-23","agreementDateTo":"2028-04-23","agreementPrice":91}
2025-02-25 17:17:29,692 [Test worker] INFO  o.j.t.i.r.LoggerTravelCalculatePremiumRequest - Request processing time (ms): 3
2025-02-25 17:17:29,700 [Test worker] INFO  o.j.t.i.r.LoggerTravelCalculatePremiumRequest - REQUEST: {"personFirstName":"John","personLastName":"Doe","agreementDateFrom":"2028-04-23","agreementDateTo":"2028-01-23"}
2025-02-25 17:17:29,700 [Test worker] INFO  o.j.t.i.r.LoggerTravelCalculatePremiumResponse - RESPONSE: {"errors":[{"field":"DateToLessDateFrom","message":"DateTo must not be less DateFrom"}],"personFirstName":null,"personLastName":null,"agreementDateFrom":null,"agreementDateTo":null,"agreementPrice":null}
2025-02-25 17:17:29,700 [Test worker] INFO  o.j.t.i.r.LoggerTravelCalculatePremiumRequest - Request processing time (ms): 0
2025-02-25 17:17:29,706 [Test worker] INFO  o.j.t.i.r.LoggerTravelCalculatePremiumRequest - REQUEST: {"personFirstName":"John","personLastName":"Doe","agreementDateFrom":"2028-01-23","agreementDateTo":null}
2025-02-25 17:17:29,706 [Test worker] INFO  o.j.t.i.r.LoggerTravelCalculatePremiumResponse - RESPONSE: {"errors":[{"field":"DateTo","message":"DateTo must not be null"}],"personFirstName":null,"personLastName":null,"agreementDateFrom":null,"agreementDateTo":null,"agreementPrice":null}
2025-02-25 17:17:29,706 [Test worker] INFO  o.j.t.i.r.LoggerTravelCalculatePremiumRequest - Request processing time (ms): 0
2025-02-25 17:17:29,712 [Test worker] INFO  o.j.t.i.r.LoggerTravelCalculatePremiumRequest - REQUEST: {"personFirstName":"","personLastName":"Doe","agreementDateFrom":"2028-01-23","agreementDateTo":"2028-04-23"}
2025-02-25 17:17:29,712 [Test worker] INFO  o.j.t.i.r.LoggerTravelCalculatePremiumResponse - RESPONSE: {"errors":[{"field":"PersonFirstName","message":"Must not be empty!"}],"personFirstName":null,"personLastName":null,"agreementDateFrom":null,"agreementDateTo":null,"agreementPrice":null}
2025-02-25 17:17:29,712 [Test worker] INFO  o.j.t.i.r.LoggerTravelCalculatePremiumRequest - Request processing time (ms): 0
2025-02-25 17:18:40,270 [Test worker] INFO  o.j.t.i.r.LoggerTravelCalculatePremiumRequest - REQUEST: {"personFirstName":"John","personLastName":"","agreementDateFrom":"2028-01-23","agreementDateTo":"2028-04-23"}
2025-02-25 17:18:40,273 [Test worker] INFO  o.j.t.i.r.LoggerTravelCalculatePremiumResponse - RESPONSE: {"errors":[{"field":"PersonLastName","message":"Must not be empty!"}],"personFirstName":null,"personLastName":null,"agreementDateFrom":null,"agreementDateTo":null,"agreementPrice":null}
2025-02-25 17:18:40,274 [Test worker] INFO  o.j.t.i.r.LoggerTravelCalculatePremiumRequest - Request processing time (ms): 8
2025-02-25 17:18:40,291 [Test worker] INFO  o.j.t.i.r.LoggerTravelCalculatePremiumRequest - REQUEST: {"personFirstName":"John","personLastName":"Doe","agreementDateFrom":"2020-01-23","agreementDateTo":"2020-04-23"}
2025-02-25 17:18:40,291 [Test worker] INFO  o.j.t.i.r.LoggerTravelCalculatePremiumResponse - RESPONSE: {"errors":[{"field":"InvalidDate","message":"Both DateFrom and DateTo must be in the future"}],"personFirstName":null,"personLastName":null,"agreementDateFrom":null,"agreementDateTo":null,"agreementPrice":null}
2025-02-25 17:18:40,291 [Test worker] INFO  o.j.t.i.r.LoggerTravelCalculatePremiumRequest - Request processing time (ms): 0
2025-02-25 17:18:40,296 [Test worker] INFO  o.j.t.i.r.LoggerTravelCalculatePremiumRequest - REQUEST: {"personFirstName":"John","personLastName":"Doe","agreementDateFrom":null,"agreementDateTo":"2028-04-23"}
2025-02-25 17:18:40,296 [Test worker] INFO  o.j.t.i.r.LoggerTravelCalculatePremiumResponse - RESPONSE: {"errors":[{"field":"DateFrom","message":"DateFrom must not be null"}],"personFirstName":null,"personLastName":null,"agreementDateFrom":null,"agreementDateTo":null,"agreementPrice":null}
2025-02-25 17:18:40,296 [Test worker] INFO  o.j.t.i.r.LoggerTravelCalculatePremiumRequest - Request processing time (ms): 0
2025-02-25 17:18:40,300 [Test worker] INFO  o.j.t.i.r.LoggerTravelCalculatePremiumRequest - REQUEST: {"personFirstName":"John","personLastName":"Doe","agreementDateFrom":"2028-01-23","agreementDateTo":"2028-04-23"}
2025-02-25 17:18:40,303 [Test worker] INFO  o.j.t.i.r.LoggerTravelCalculatePremiumResponse - RESPONSE: {"errors":null,"personFirstName":"John","personLastName":"Doe","agreementDateFrom":"2028-01-23","agreementDateTo":"2028-04-23","agreementPrice":91}
2025-02-25 17:18:40,303 [Test worker] INFO  o.j.t.i.r.LoggerTravelCalculatePremiumRequest - Request processing time (ms): 2
2025-02-25 17:18:40,309 [Test worker] INFO  o.j.t.i.r.LoggerTravelCalculatePremiumRequest - REQUEST: {"personFirstName":"John","personLastName":"Doe","agreementDateFrom":"2028-04-23","agreementDateTo":"2028-01-23"}
2025-02-25 17:18:40,309 [Test worker] INFO  o.j.t.i.r.LoggerTravelCalculatePremiumResponse - RESPONSE: {"errors":[{"field":"DateToLessDateFrom","message":"DateTo must not be less DateFrom"}],"personFirstName":null,"personLastName":null,"agreementDateFrom":null,"agreementDateTo":null,"agreementPrice":null}
2025-02-25 17:18:40,309 [Test worker] INFO  o.j.t.i.r.LoggerTravelCalculatePremiumRequest - Request processing time (ms): 0
2025-02-25 17:18:40,313 [Test worker] INFO  o.j.t.i.r.LoggerTravelCalculatePremiumRequest - REQUEST: {"personFirstName":"John","personLastName":"Doe","agreementDateFrom":"2028-01-23","agreementDateTo":null}
2025-02-25 17:18:40,313 [Test worker] INFO  o.j.t.i.r.LoggerTravelCalculatePremiumResponse - RESPONSE: {"errors":[{"field":"DateTo","message":"DateTo must not be null"}],"personFirstName":null,"personLastName":null,"agreementDateFrom":null,"agreementDateTo":null,"agreementPrice":null}
2025-02-25 17:18:40,313 [Test worker] INFO  o.j.t.i.r.LoggerTravelCalculatePremiumRequest - Request processing time (ms): 0
2025-02-25 17:18:40,317 [Test worker] INFO  o.j.t.i.r.LoggerTravelCalculatePremiumRequest - REQUEST: {"personFirstName":"","personLastName":"Doe","agreementDateFrom":"2028-01-23","agreementDateTo":"2028-04-23"}
2025-02-25 17:18:40,317 [Test worker] INFO  o.j.t.i.r.LoggerTravelCalculatePremiumResponse - RESPONSE: {"errors":[{"field":"PersonFirstName","message":"Must not be empty!"}],"personFirstName":null,"personLastName":null,"agreementDateFrom":null,"agreementDateTo":null,"agreementPrice":null}
2025-02-25 17:18:40,317 [Test worker] INFO  o.j.t.i.r.LoggerTravelCalculatePremiumRequest - Request processing time (ms): 0
