2025-03-04 01:11:09,637 [Test worker] INFO  o.s.t.c.s.AnnotationConfigContextLoaderUtils - Could not detect default configuration classes for test class [org.javaguru.travel.insurance.rest.TravelCalculatePremiumControllerTest]: TravelCalculatePremiumControllerTest does not declare any static, non-private, non-final, nested classes annotated with @Configuration.
2025-03-04 01:11:09,699 [Test worker] INFO  o.s.b.t.c.SpringBootTestContextBootstrapper - Found @SpringBootConfiguration org.javaguru.travel.insurance.InsuranceApplication for test class org.javaguru.travel.insurance.rest.TravelCalculatePremiumControllerTest
2025-03-04 01:11:09,866 [Test worker] INFO  o.j.t.i.r.TravelCalculatePremiumControllerTest - Starting TravelCalculatePremiumControllerTest using Java 21.0.6 with PID 33788 (started by a--- in /Users/a---/Desktop/My files/intelliJ IDEA FILE/2025_virtual_internship/student_morozov_nikita)
2025-03-04 01:11:09,866 [Test worker] INFO  o.j.t.i.r.TravelCalculatePremiumControllerTest - No active profile set, falling back to 1 default profile: "default"
2025-03-04 01:11:10,348 [Test worker] INFO  o.s.b.t.m.w.SpringBootMockServletContext - Initializing Spring TestDispatcherServlet ''
2025-03-04 01:11:10,348 [Test worker] INFO  o.s.t.w.s.TestDispatcherServlet - Initializing Servlet ''
2025-03-04 01:11:10,349 [Test worker] INFO  o.s.t.w.s.TestDispatcherServlet - Completed initialization in 1 ms
2025-03-04 01:11:10,359 [Test worker] INFO  o.j.t.i.r.TravelCalculatePremiumControllerTest - Started TravelCalculatePremiumControllerTest in 0.604 seconds (process running for 1.971)
2025-03-04 01:11:10,421 [Test worker] INFO  o.j.t.i.r.l.EventLoggerTravelCalculatePremiumRequest - REQUEST: {"personFirstName":"","personLastName":"","agreementDateFrom":"2020-01-23","agreementDateTo":"2019-04-23","selectedRisks":[]}
2025-03-04 01:11:10,424 [Test worker] INFO  o.j.t.i.r.l.EventLoggerTravelCalculatePremiumResponse - RESPONSE: {"errors":[{"errorCode":"ERROR_CODE_6","description":"Both DateFrom and DateTo must be in the future!"},{"errorCode":"ERROR_CODE_5","description":"DateTo must not be less DateFrom!"},{"errorCode":"ERROR_CODE_1","description":"Field personFirstName is empty!"},{"errorCode":"ERROR_CODE_2","description":"Field personLastName is empty!"},{"errorCode":"ERROR_CODE_7","description":"Must not be empty!"}],"personFirstName":null,"personLastName":null,"agreementDateFrom":null,"agreementDateTo":null,"agreementPrice":null}
2025-03-04 01:11:10,424 [Test worker] INFO  o.j.t.i.r.l.EventLoggerTravelCalculatePremiumRequest - Request processing time (ms): 9
2025-03-04 01:11:10,442 [Test worker] INFO  o.j.t.i.r.l.EventLoggerTravelCalculatePremiumRequest - REQUEST: {"personFirstName":"John","personLastName":"Doe","agreementDateFrom":"2020-01-23","agreementDateTo":"2020-04-23","selectedRisks":["TRAVEL_MEDICAL","TRAVEL_CANCELLATION","TRAVEL_LOSS_BAGGAGE"]}
2025-03-04 01:11:10,442 [Test worker] INFO  o.j.t.i.r.l.EventLoggerTravelCalculatePremiumResponse - RESPONSE: {"errors":[{"errorCode":"ERROR_CODE_6","description":"Both DateFrom and DateTo must be in the future!"}],"personFirstName":null,"personLastName":null,"agreementDateFrom":null,"agreementDateTo":null,"agreementPrice":null}
2025-03-04 01:11:10,442 [Test worker] INFO  o.j.t.i.r.l.EventLoggerTravelCalculatePremiumRequest - Request processing time (ms): 0
2025-03-04 01:11:10,447 [Test worker] INFO  o.j.t.i.r.l.EventLoggerTravelCalculatePremiumRequest - REQUEST: {"personFirstName":"John","personLastName":"Doe","agreementDateFrom":null,"agreementDateTo":"2028-04-23","selectedRisks":["TRAVEL_MEDICAL","TRAVEL_CANCELLATION","TRAVEL_LOSS_BAGGAGE"]}
2025-03-04 01:11:10,447 [Test worker] INFO  o.j.t.i.r.l.EventLoggerTravelCalculatePremiumResponse - RESPONSE: {"errors":[{"errorCode":"ERROR_CODE_3","description":"DateFrom must not be null!"}],"personFirstName":null,"personLastName":null,"agreementDateFrom":null,"agreementDateTo":null,"agreementPrice":null}
2025-03-04 01:11:10,447 [Test worker] INFO  o.j.t.i.r.l.EventLoggerTravelCalculatePremiumRequest - Request processing time (ms): 0
2025-03-04 01:11:10,451 [Test worker] INFO  o.j.t.i.r.l.EventLoggerTravelCalculatePremiumRequest - REQUEST: {"personFirstName":"John","personLastName":"Doe","agreementDateFrom":"2028-01-23","agreementDateTo":"2028-04-23","selectedRisks":["TRAVEL_MEDICAL","TRAVEL_CANCELLATION","TRAVEL_LOSS_BAGGAGE"]}
2025-03-04 01:11:10,454 [Test worker] INFO  o.j.t.i.r.l.EventLoggerTravelCalculatePremiumResponse - RESPONSE: {"errors":null,"personFirstName":"John","personLastName":"Doe","agreementDateFrom":"2028-01-23","agreementDateTo":"2028-04-23","agreementPrice":91}
2025-03-04 01:11:10,454 [Test worker] INFO  o.j.t.i.r.l.EventLoggerTravelCalculatePremiumRequest - Request processing time (ms): 3
2025-03-04 01:11:10,460 [Test worker] INFO  o.j.t.i.r.l.EventLoggerTravelCalculatePremiumRequest - REQUEST: {"personFirstName":"John","personLastName":"Doe","agreementDateFrom":"2028-04-23","agreementDateTo":"2028-01-23","selectedRisks":["TRAVEL_MEDICAL","TRAVEL_CANCELLATION","TRAVEL_LOSS_BAGGAGE"]}
2025-03-04 01:11:10,460 [Test worker] INFO  o.j.t.i.r.l.EventLoggerTravelCalculatePremiumResponse - RESPONSE: {"errors":[{"errorCode":"ERROR_CODE_5","description":"DateTo must not be less DateFrom!"}],"personFirstName":null,"personLastName":null,"agreementDateFrom":null,"agreementDateTo":null,"agreementPrice":null}
2025-03-04 01:11:10,460 [Test worker] INFO  o.j.t.i.r.l.EventLoggerTravelCalculatePremiumRequest - Request processing time (ms): 0
2025-03-04 01:11:10,464 [Test worker] INFO  o.j.t.i.r.l.EventLoggerTravelCalculatePremiumRequest - REQUEST: {"personFirstName":"John","personLastName":"Doe","agreementDateFrom":"2028-01-23","agreementDateTo":null,"selectedRisks":["TRAVEL_MEDICAL","TRAVEL_CANCELLATION","TRAVEL_LOSS_BAGGAGE"]}
2025-03-04 01:11:10,465 [Test worker] INFO  o.j.t.i.r.l.EventLoggerTravelCalculatePremiumResponse - RESPONSE: {"errors":[{"errorCode":"ERROR_CODE_4","description":"DateTo must not be null!"}],"personFirstName":null,"personLastName":null,"agreementDateFrom":null,"agreementDateTo":null,"agreementPrice":null}
2025-03-04 01:11:10,465 [Test worker] INFO  o.j.t.i.r.l.EventLoggerTravelCalculatePremiumRequest - Request processing time (ms): 0
2025-03-04 01:11:10,469 [Test worker] INFO  o.j.t.i.r.l.EventLoggerTravelCalculatePremiumRequest - REQUEST: {"personFirstName":"","personLastName":"Doe","agreementDateFrom":"2021-01-23","agreementDateTo":"2028-04-23","selectedRisks":["TRAVEL_MEDICAL","TRAVEL_CANCELLATION","TRAVEL_LOSS_BAGGAGE"]}
2025-03-04 01:11:10,469 [Test worker] INFO  o.j.t.i.r.l.EventLoggerTravelCalculatePremiumResponse - RESPONSE: {"errors":[{"errorCode":"ERROR_CODE_6","description":"Both DateFrom and DateTo must be in the future!"},{"errorCode":"ERROR_CODE_1","description":"Field personFirstName is empty!"}],"personFirstName":null,"personLastName":null,"agreementDateFrom":null,"agreementDateTo":null,"agreementPrice":null}
2025-03-04 01:11:10,469 [Test worker] INFO  o.j.t.i.r.l.EventLoggerTravelCalculatePremiumRequest - Request processing time (ms): 0
2025-03-04 01:23:01,951 [Test worker] INFO  o.s.t.c.s.AnnotationConfigContextLoaderUtils - Could not detect default configuration classes for test class [org.javaguru.travel.insurance.rest.TravelCalculatePremiumControllerTest]: TravelCalculatePremiumControllerTest does not declare any static, non-private, non-final, nested classes annotated with @Configuration.
2025-03-04 01:23:02,010 [Test worker] INFO  o.s.b.t.c.SpringBootTestContextBootstrapper - Found @SpringBootConfiguration org.javaguru.travel.insurance.InsuranceApplication for test class org.javaguru.travel.insurance.rest.TravelCalculatePremiumControllerTest
2025-03-04 01:23:02,203 [Test worker] INFO  o.j.t.i.r.TravelCalculatePremiumControllerTest - Starting TravelCalculatePremiumControllerTest using Java 21.0.6 with PID 33881 (started by a--- in /Users/a---/Desktop/My files/intelliJ IDEA FILE/2025_virtual_internship/student_morozov_nikita)
2025-03-04 01:23:02,204 [Test worker] INFO  o.j.t.i.r.TravelCalculatePremiumControllerTest - No active profile set, falling back to 1 default profile: "default"
2025-03-04 01:23:02,749 [Test worker] INFO  o.s.b.t.m.w.SpringBootMockServletContext - Initializing Spring TestDispatcherServlet ''
2025-03-04 01:23:02,749 [Test worker] INFO  o.s.t.w.s.TestDispatcherServlet - Initializing Servlet ''
2025-03-04 01:23:02,750 [Test worker] INFO  o.s.t.w.s.TestDispatcherServlet - Completed initialization in 1 ms
2025-03-04 01:23:02,762 [Test worker] INFO  o.j.t.i.r.TravelCalculatePremiumControllerTest - Started TravelCalculatePremiumControllerTest in 0.666 seconds (process running for 2.181)
2025-03-04 01:23:02,828 [Test worker] INFO  o.j.t.i.r.l.EventLoggerTravelCalculatePremiumRequest - REQUEST: {"personFirstName":"","personLastName":"","agreementDateFrom":"2020-01-23","agreementDateTo":"2019-04-23","selectedRisks":[]}
2025-03-04 01:23:02,831 [Test worker] INFO  o.j.t.i.r.l.EventLoggerTravelCalculatePremiumResponse - RESPONSE: {"errors":[{"errorCode":"ERROR_CODE_6","description":"Both DateFrom and DateTo must be in the future!"},{"errorCode":"ERROR_CODE_5","description":"DateTo must not be less DateFrom!"},{"errorCode":"ERROR_CODE_1","description":"Field personFirstName is empty!"},{"errorCode":"ERROR_CODE_2","description":"Field personLastName is empty!"},{"errorCode":"ERROR_CODE_7","description":"Must not be empty!"}],"personFirstName":null,"personLastName":null,"agreementDateFrom":null,"agreementDateTo":null,"agreementPrice":null}
2025-03-04 01:23:02,831 [Test worker] INFO  o.j.t.i.r.l.EventLoggerTravelCalculatePremiumRequest - Request processing time (ms): 8
2025-03-04 01:23:02,848 [Test worker] INFO  o.j.t.i.r.l.EventLoggerTravelCalculatePremiumRequest - REQUEST: {"personFirstName":"John","personLastName":"Doe","agreementDateFrom":"2020-01-23","agreementDateTo":"2020-04-23","selectedRisks":["TRAVEL_MEDICAL","TRAVEL_CANCELLATION","TRAVEL_LOSS_BAGGAGE"]}
2025-03-04 01:23:02,848 [Test worker] INFO  o.j.t.i.r.l.EventLoggerTravelCalculatePremiumResponse - RESPONSE: {"errors":[{"errorCode":"ERROR_CODE_6","description":"Both DateFrom and DateTo must be in the future!"}],"personFirstName":null,"personLastName":null,"agreementDateFrom":null,"agreementDateTo":null,"agreementPrice":null}
2025-03-04 01:23:02,848 [Test worker] INFO  o.j.t.i.r.l.EventLoggerTravelCalculatePremiumRequest - Request processing time (ms): 0
2025-03-04 01:23:02,853 [Test worker] INFO  o.j.t.i.r.l.EventLoggerTravelCalculatePremiumRequest - REQUEST: {"personFirstName":"John","personLastName":"Doe","agreementDateFrom":null,"agreementDateTo":"2028-04-23","selectedRisks":["TRAVEL_MEDICAL","TRAVEL_CANCELLATION","TRAVEL_LOSS_BAGGAGE"]}
2025-03-04 01:23:02,854 [Test worker] INFO  o.j.t.i.r.l.EventLoggerTravelCalculatePremiumResponse - RESPONSE: {"errors":[{"errorCode":"ERROR_CODE_3","description":"DateFrom must not be null!"}],"personFirstName":null,"personLastName":null,"agreementDateFrom":null,"agreementDateTo":null,"agreementPrice":null}
2025-03-04 01:23:02,854 [Test worker] INFO  o.j.t.i.r.l.EventLoggerTravelCalculatePremiumRequest - Request processing time (ms): 0
2025-03-04 01:23:02,858 [Test worker] INFO  o.j.t.i.r.l.EventLoggerTravelCalculatePremiumRequest - REQUEST: {"personFirstName":"John","personLastName":"Doe","agreementDateFrom":"2028-01-23","agreementDateTo":"2028-04-23","selectedRisks":["TRAVEL_MEDICAL","TRAVEL_CANCELLATION","TRAVEL_LOSS_BAGGAGE"]}
2025-03-04 01:23:02,861 [Test worker] INFO  o.j.t.i.r.l.EventLoggerTravelCalculatePremiumResponse - RESPONSE: {"errors":null,"personFirstName":"John","personLastName":"Doe","agreementDateFrom":"2028-01-23","agreementDateTo":"2028-04-23","agreementPrice":91}
2025-03-04 01:23:02,861 [Test worker] INFO  o.j.t.i.r.l.EventLoggerTravelCalculatePremiumRequest - Request processing time (ms): 3
2025-03-04 01:23:02,869 [Test worker] INFO  o.j.t.i.r.l.EventLoggerTravelCalculatePremiumRequest - REQUEST: {"personFirstName":"John","personLastName":"Doe","agreementDateFrom":"2028-04-23","agreementDateTo":"2028-01-23","selectedRisks":["TRAVEL_MEDICAL","TRAVEL_CANCELLATION","TRAVEL_LOSS_BAGGAGE"]}
2025-03-04 01:23:02,869 [Test worker] INFO  o.j.t.i.r.l.EventLoggerTravelCalculatePremiumResponse - RESPONSE: {"errors":[{"errorCode":"ERROR_CODE_5","description":"DateTo must not be less DateFrom!"}],"personFirstName":null,"personLastName":null,"agreementDateFrom":null,"agreementDateTo":null,"agreementPrice":null}
2025-03-04 01:23:02,869 [Test worker] INFO  o.j.t.i.r.l.EventLoggerTravelCalculatePremiumRequest - Request processing time (ms): 0
2025-03-04 01:23:02,874 [Test worker] INFO  o.j.t.i.r.l.EventLoggerTravelCalculatePremiumRequest - REQUEST: {"personFirstName":"John","personLastName":"Doe","agreementDateFrom":"2028-01-23","agreementDateTo":null,"selectedRisks":["TRAVEL_MEDICAL","TRAVEL_CANCELLATION","TRAVEL_LOSS_BAGGAGE"]}
2025-03-04 01:23:02,875 [Test worker] INFO  o.j.t.i.r.l.EventLoggerTravelCalculatePremiumResponse - RESPONSE: {"errors":[{"errorCode":"ERROR_CODE_4","description":"DateTo must not be null!"}],"personFirstName":null,"personLastName":null,"agreementDateFrom":null,"agreementDateTo":null,"agreementPrice":null}
2025-03-04 01:23:02,875 [Test worker] INFO  o.j.t.i.r.l.EventLoggerTravelCalculatePremiumRequest - Request processing time (ms): 0
2025-03-04 01:23:02,882 [Test worker] INFO  o.j.t.i.r.l.EventLoggerTravelCalculatePremiumRequest - REQUEST: {"personFirstName":"","personLastName":"Doe","agreementDateFrom":"2021-01-23","agreementDateTo":"2028-04-23","selectedRisks":["TRAVEL_MEDICAL","TRAVEL_CANCELLATION","TRAVEL_LOSS_BAGGAGE"]}
2025-03-04 01:23:02,883 [Test worker] INFO  o.j.t.i.r.l.EventLoggerTravelCalculatePremiumResponse - RESPONSE: {"errors":[{"errorCode":"ERROR_CODE_6","description":"Both DateFrom and DateTo must be in the future!"},{"errorCode":"ERROR_CODE_1","description":"Field personFirstName is empty!"}],"personFirstName":null,"personLastName":null,"agreementDateFrom":null,"agreementDateTo":null,"agreementPrice":null}
2025-03-04 01:23:02,883 [Test worker] INFO  o.j.t.i.r.l.EventLoggerTravelCalculatePremiumRequest - Request processing time (ms): 1
2025-03-04 01:55:49,148 [Test worker] INFO  o.s.t.c.s.AnnotationConfigContextLoaderUtils - Could not detect default configuration classes for test class [org.javaguru.travel.insurance.rest.TravelCalculatePremiumControllerTest]: TravelCalculatePremiumControllerTest does not declare any static, non-private, non-final, nested classes annotated with @Configuration.
2025-03-04 01:55:49,215 [Test worker] INFO  o.s.b.t.c.SpringBootTestContextBootstrapper - Found @SpringBootConfiguration org.javaguru.travel.insurance.InsuranceApplication for test class org.javaguru.travel.insurance.rest.TravelCalculatePremiumControllerTest
2025-03-04 01:55:49,379 [Test worker] INFO  o.j.t.i.r.TravelCalculatePremiumControllerTest - Starting TravelCalculatePremiumControllerTest using Java 21.0.6 with PID 34649 (started by a--- in /Users/a---/Desktop/My files/intelliJ IDEA FILE/2025_virtual_internship/student_morozov_nikita)
2025-03-04 01:55:49,379 [Test worker] INFO  o.j.t.i.r.TravelCalculatePremiumControllerTest - No active profile set, falling back to 1 default profile: "default"
2025-03-04 01:55:49,883 [Test worker] INFO  o.s.b.t.m.w.SpringBootMockServletContext - Initializing Spring TestDispatcherServlet ''
2025-03-04 01:55:49,883 [Test worker] INFO  o.s.t.w.s.TestDispatcherServlet - Initializing Servlet ''
2025-03-04 01:55:49,884 [Test worker] INFO  o.s.t.w.s.TestDispatcherServlet - Completed initialization in 0 ms
2025-03-04 01:55:49,895 [Test worker] INFO  o.j.t.i.r.TravelCalculatePremiumControllerTest - Started TravelCalculatePremiumControllerTest in 0.617 seconds (process running for 2.043)
2025-03-04 01:55:49,955 [Test worker] INFO  o.j.t.i.r.l.EventLoggerTravelCalculatePremiumRequest - REQUEST: {"personFirstName":"","personLastName":"","agreementDateFrom":"2020-01-23","agreementDateTo":"2019-04-23","selectedRisks":[]}
2025-03-04 01:55:49,960 [Test worker] INFO  o.j.t.i.r.l.EventLoggerTravelCalculatePremiumResponse - RESPONSE: {"errors":[{"errorCode":"ERROR_CODE_6","description":"Both DateFrom and DateTo must be in the future!"},{"errorCode":"ERROR_CODE_5","description":"DateTo must not be less DateFrom!"},{"errorCode":"ERROR_CODE_1","description":"Field personFirstName is empty!"},{"errorCode":"ERROR_CODE_2","description":"Field personLastName is empty!"},{"errorCode":"ERROR_CODE_7","description":"Must not be empty!"}],"personFirstName":null,"personLastName":null,"agreementDateFrom":null,"agreementDateTo":null,"agreementPrice":null}
2025-03-04 01:55:49,960 [Test worker] INFO  o.j.t.i.r.l.EventLoggerTravelCalculatePremiumRequest - Request processing time (ms): 9
2025-03-04 01:55:49,980 [Test worker] INFO  o.j.t.i.r.l.EventLoggerTravelCalculatePremiumRequest - REQUEST: {"personFirstName":"John","personLastName":"Doe","agreementDateFrom":"2020-01-23","agreementDateTo":"2020-04-23","selectedRisks":["TRAVEL_MEDICAL","TRAVEL_CANCELLATION","TRAVEL_LOSS_BAGGAGE"]}
2025-03-04 01:55:49,980 [Test worker] INFO  o.j.t.i.r.l.EventLoggerTravelCalculatePremiumResponse - RESPONSE: {"errors":[{"errorCode":"ERROR_CODE_6","description":"Both DateFrom and DateTo must be in the future!"}],"personFirstName":null,"personLastName":null,"agreementDateFrom":null,"agreementDateTo":null,"agreementPrice":null}
2025-03-04 01:55:49,981 [Test worker] INFO  o.j.t.i.r.l.EventLoggerTravelCalculatePremiumRequest - Request processing time (ms): 0
2025-03-04 01:55:49,985 [Test worker] INFO  o.j.t.i.r.l.EventLoggerTravelCalculatePremiumRequest - REQUEST: {"personFirstName":"John","personLastName":"Doe","agreementDateFrom":null,"agreementDateTo":"2028-04-23","selectedRisks":["TRAVEL_MEDICAL","TRAVEL_CANCELLATION","TRAVEL_LOSS_BAGGAGE"]}
2025-03-04 01:55:49,985 [Test worker] INFO  o.j.t.i.r.l.EventLoggerTravelCalculatePremiumResponse - RESPONSE: {"errors":[{"errorCode":"ERROR_CODE_3","description":"DateFrom must not be null!"}],"personFirstName":null,"personLastName":null,"agreementDateFrom":null,"agreementDateTo":null,"agreementPrice":null}
2025-03-04 01:55:49,985 [Test worker] INFO  o.j.t.i.r.l.EventLoggerTravelCalculatePremiumRequest - Request processing time (ms): 0
2025-03-04 01:55:49,990 [Test worker] INFO  o.j.t.i.r.l.EventLoggerTravelCalculatePremiumRequest - REQUEST: {"personFirstName":"John","personLastName":"Doe","agreementDateFrom":"2028-01-23","agreementDateTo":"2028-04-23","selectedRisks":["TRAVEL_MEDICAL","TRAVEL_CANCELLATION","TRAVEL_LOSS_BAGGAGE"]}
2025-03-04 01:55:49,994 [Test worker] INFO  o.j.t.i.r.l.EventLoggerTravelCalculatePremiumResponse - RESPONSE: {"errors":null,"personFirstName":"John","personLastName":"Doe","agreementDateFrom":"2028-01-23","agreementDateTo":"2028-04-23","agreementPrice":91}
2025-03-04 01:55:49,995 [Test worker] INFO  o.j.t.i.r.l.EventLoggerTravelCalculatePremiumRequest - Request processing time (ms): 4
2025-03-04 01:55:50,002 [Test worker] INFO  o.j.t.i.r.l.EventLoggerTravelCalculatePremiumRequest - REQUEST: {"personFirstName":"John","personLastName":"Doe","agreementDateFrom":"2028-04-23","agreementDateTo":"2028-01-23","selectedRisks":["TRAVEL_MEDICAL","TRAVEL_CANCELLATION","TRAVEL_LOSS_BAGGAGE"]}
2025-03-04 01:55:50,002 [Test worker] INFO  o.j.t.i.r.l.EventLoggerTravelCalculatePremiumResponse - RESPONSE: {"errors":[{"errorCode":"ERROR_CODE_5","description":"DateTo must not be less DateFrom!"}],"personFirstName":null,"personLastName":null,"agreementDateFrom":null,"agreementDateTo":null,"agreementPrice":null}
2025-03-04 01:55:50,003 [Test worker] INFO  o.j.t.i.r.l.EventLoggerTravelCalculatePremiumRequest - Request processing time (ms): 0
2025-03-04 01:55:50,008 [Test worker] INFO  o.j.t.i.r.l.EventLoggerTravelCalculatePremiumRequest - REQUEST: {"personFirstName":"John","personLastName":"Doe","agreementDateFrom":"2028-01-23","agreementDateTo":null,"selectedRisks":["TRAVEL_MEDICAL","TRAVEL_CANCELLATION","TRAVEL_LOSS_BAGGAGE"]}
2025-03-04 01:55:50,008 [Test worker] INFO  o.j.t.i.r.l.EventLoggerTravelCalculatePremiumResponse - RESPONSE: {"errors":[{"errorCode":"ERROR_CODE_4","description":"DateTo must not be null!"}],"personFirstName":null,"personLastName":null,"agreementDateFrom":null,"agreementDateTo":null,"agreementPrice":null}
2025-03-04 01:55:50,008 [Test worker] INFO  o.j.t.i.r.l.EventLoggerTravelCalculatePremiumRequest - Request processing time (ms): 0
2025-03-04 01:55:50,012 [Test worker] INFO  o.j.t.i.r.l.EventLoggerTravelCalculatePremiumRequest - REQUEST: {"personFirstName":"","personLastName":"Doe","agreementDateFrom":"2021-01-23","agreementDateTo":"2028-04-23","selectedRisks":["TRAVEL_MEDICAL","TRAVEL_CANCELLATION","TRAVEL_LOSS_BAGGAGE"]}
2025-03-04 01:55:50,013 [Test worker] INFO  o.j.t.i.r.l.EventLoggerTravelCalculatePremiumResponse - RESPONSE: {"errors":[{"errorCode":"ERROR_CODE_6","description":"Both DateFrom and DateTo must be in the future!"},{"errorCode":"ERROR_CODE_1","description":"Field personFirstName is empty!"}],"personFirstName":null,"personLastName":null,"agreementDateFrom":null,"agreementDateTo":null,"agreementPrice":null}
2025-03-04 01:55:50,013 [Test worker] INFO  o.j.t.i.r.l.EventLoggerTravelCalculatePremiumRequest - Request processing time (ms): 0
2025-03-04 02:10:57,761 [Test worker] INFO  o.s.t.c.s.AnnotationConfigContextLoaderUtils - Could not detect default configuration classes for test class [org.javaguru.travel.insurance.rest.TravelCalculatePremiumControllerTest]: TravelCalculatePremiumControllerTest does not declare any static, non-private, non-final, nested classes annotated with @Configuration.
2025-03-04 02:10:57,824 [Test worker] INFO  o.s.b.t.c.SpringBootTestContextBootstrapper - Found @SpringBootConfiguration org.javaguru.travel.insurance.InsuranceApplication for test class org.javaguru.travel.insurance.rest.TravelCalculatePremiumControllerTest
2025-03-04 02:10:57,976 [Test worker] INFO  o.j.t.i.r.TravelCalculatePremiumControllerTest - Starting TravelCalculatePremiumControllerTest using Java 21.0.6 with PID 34817 (started by a--- in /Users/a---/Desktop/My files/intelliJ IDEA FILE/2025_virtual_internship/student_morozov_nikita)
2025-03-04 02:10:57,976 [Test worker] INFO  o.j.t.i.r.TravelCalculatePremiumControllerTest - No active profile set, falling back to 1 default profile: "default"
2025-03-04 02:10:58,466 [Test worker] INFO  o.s.b.t.m.w.SpringBootMockServletContext - Initializing Spring TestDispatcherServlet ''
2025-03-04 02:10:58,467 [Test worker] INFO  o.s.t.w.s.TestDispatcherServlet - Initializing Servlet ''
2025-03-04 02:10:58,468 [Test worker] INFO  o.s.t.w.s.TestDispatcherServlet - Completed initialization in 0 ms
2025-03-04 02:10:58,478 [Test worker] INFO  o.j.t.i.r.TravelCalculatePremiumControllerTest - Started TravelCalculatePremiumControllerTest in 0.602 seconds (process running for 1.919)
2025-03-04 02:10:58,546 [Test worker] INFO  o.j.t.i.r.l.EventLoggerTravelCalculatePremiumRequest - REQUEST: {"personFirstName":"","personLastName":"","agreementDateFrom":"2020-01-23","agreementDateTo":"2019-04-23","selectedRisks":[]}
2025-03-04 02:10:58,551 [Test worker] INFO  o.j.t.i.r.l.EventLoggerTravelCalculatePremiumResponse - RESPONSE: {"errors":[{"errorCode":"ERROR_CODE_6","description":"Both DateFrom and DateTo must be in the future!"},{"errorCode":"ERROR_CODE_5","description":"DateTo must not be less DateFrom!"},{"errorCode":"ERROR_CODE_1","description":"Field personFirstName is empty!"},{"errorCode":"ERROR_CODE_2","description":"Field personLastName is empty!"},{"errorCode":"ERROR_CODE_7","description":"Must not be empty!"}],"personFirstName":null,"personLastName":null,"agreementDateFrom":null,"agreementDateTo":null,"agreementPrice":null}
2025-03-04 02:10:58,552 [Test worker] INFO  o.j.t.i.r.l.EventLoggerTravelCalculatePremiumRequest - Request processing time (ms): 13
2025-03-04 02:10:58,573 [Test worker] INFO  o.j.t.i.r.l.EventLoggerTravelCalculatePremiumRequest - REQUEST: {"personFirstName":"John","personLastName":"Doe","agreementDateFrom":"2020-01-23","agreementDateTo":"2020-04-23","selectedRisks":["TRAVEL_MEDICAL","TRAVEL_CANCELLATION","TRAVEL_LOSS_BAGGAGE"]}
2025-03-04 02:10:58,573 [Test worker] INFO  o.j.t.i.r.l.EventLoggerTravelCalculatePremiumResponse - RESPONSE: {"errors":[{"errorCode":"ERROR_CODE_6","description":"Both DateFrom and DateTo must be in the future!"}],"personFirstName":null,"personLastName":null,"agreementDateFrom":null,"agreementDateTo":null,"agreementPrice":null}
2025-03-04 02:10:58,573 [Test worker] INFO  o.j.t.i.r.l.EventLoggerTravelCalculatePremiumRequest - Request processing time (ms): 0
2025-03-04 02:10:58,578 [Test worker] INFO  o.j.t.i.r.l.EventLoggerTravelCalculatePremiumRequest - REQUEST: {"personFirstName":"John","personLastName":"Doe","agreementDateFrom":null,"agreementDateTo":"2028-04-23","selectedRisks":["TRAVEL_MEDICAL","TRAVEL_CANCELLATION","TRAVEL_LOSS_BAGGAGE"]}
2025-03-04 02:10:58,578 [Test worker] INFO  o.j.t.i.r.l.EventLoggerTravelCalculatePremiumResponse - RESPONSE: {"errors":[{"errorCode":"ERROR_CODE_3","description":"DateFrom must not be null!"}],"personFirstName":null,"personLastName":null,"agreementDateFrom":null,"agreementDateTo":null,"agreementPrice":null}
2025-03-04 02:10:58,578 [Test worker] INFO  o.j.t.i.r.l.EventLoggerTravelCalculatePremiumRequest - Request processing time (ms): 0
2025-03-04 02:10:58,582 [Test worker] INFO  o.j.t.i.r.l.EventLoggerTravelCalculatePremiumRequest - REQUEST: {"personFirstName":"John","personLastName":"Doe","agreementDateFrom":"2028-01-23","agreementDateTo":"2028-04-23","selectedRisks":["TRAVEL_MEDICAL","TRAVEL_CANCELLATION","TRAVEL_LOSS_BAGGAGE"]}
2025-03-04 02:10:58,587 [Test worker] INFO  o.j.t.i.r.l.EventLoggerTravelCalculatePremiumResponse - RESPONSE: {"errors":null,"personFirstName":"John","personLastName":"Doe","agreementDateFrom":"2028-01-23","agreementDateTo":"2028-04-23","agreementPrice":91}
2025-03-04 02:10:58,587 [Test worker] INFO  o.j.t.i.r.l.EventLoggerTravelCalculatePremiumRequest - Request processing time (ms): 4
2025-03-04 02:10:58,593 [Test worker] INFO  o.j.t.i.r.l.EventLoggerTravelCalculatePremiumRequest - REQUEST: {"personFirstName":"John","personLastName":"Doe","agreementDateFrom":"2028-04-23","agreementDateTo":"2028-01-23","selectedRisks":["TRAVEL_MEDICAL","TRAVEL_CANCELLATION","TRAVEL_LOSS_BAGGAGE"]}
2025-03-04 02:10:58,593 [Test worker] INFO  o.j.t.i.r.l.EventLoggerTravelCalculatePremiumResponse - RESPONSE: {"errors":[{"errorCode":"ERROR_CODE_5","description":"DateTo must not be less DateFrom!"}],"personFirstName":null,"personLastName":null,"agreementDateFrom":null,"agreementDateTo":null,"agreementPrice":null}
2025-03-04 02:10:58,593 [Test worker] INFO  o.j.t.i.r.l.EventLoggerTravelCalculatePremiumRequest - Request processing time (ms): 0
2025-03-04 02:10:58,597 [Test worker] INFO  o.j.t.i.r.l.EventLoggerTravelCalculatePremiumRequest - REQUEST: {"personFirstName":"John","personLastName":"Doe","agreementDateFrom":"2028-01-23","agreementDateTo":null,"selectedRisks":["TRAVEL_MEDICAL","TRAVEL_CANCELLATION","TRAVEL_LOSS_BAGGAGE"]}
2025-03-04 02:10:58,597 [Test worker] INFO  o.j.t.i.r.l.EventLoggerTravelCalculatePremiumResponse - RESPONSE: {"errors":[{"errorCode":"ERROR_CODE_4","description":"DateTo must not be null!"}],"personFirstName":null,"personLastName":null,"agreementDateFrom":null,"agreementDateTo":null,"agreementPrice":null}
2025-03-04 02:10:58,597 [Test worker] INFO  o.j.t.i.r.l.EventLoggerTravelCalculatePremiumRequest - Request processing time (ms): 0
2025-03-04 02:10:58,603 [Test worker] INFO  o.j.t.i.r.l.EventLoggerTravelCalculatePremiumRequest - REQUEST: {"personFirstName":"","personLastName":"Doe","agreementDateFrom":"2021-01-23","agreementDateTo":"2028-04-23","selectedRisks":["TRAVEL_MEDICAL","TRAVEL_CANCELLATION","TRAVEL_LOSS_BAGGAGE"]}
2025-03-04 02:10:58,603 [Test worker] INFO  o.j.t.i.r.l.EventLoggerTravelCalculatePremiumResponse - RESPONSE: {"errors":[{"errorCode":"ERROR_CODE_6","description":"Both DateFrom and DateTo must be in the future!"},{"errorCode":"ERROR_CODE_1","description":"Field personFirstName is empty!"}],"personFirstName":null,"personLastName":null,"agreementDateFrom":null,"agreementDateTo":null,"agreementPrice":null}
2025-03-04 02:10:58,603 [Test worker] INFO  o.j.t.i.r.l.EventLoggerTravelCalculatePremiumRequest - Request processing time (ms): 0
2025-03-04 13:43:42,711 [main] INFO  o.j.t.insurance.InsuranceApplication - Starting InsuranceApplication using Java 21.0.6 with PID 39187 (/Users/a---/Desktop/My files/intelliJ IDEA FILE/MyProject/student_morozov_nikita/build/classes/java/main started by a--- in /Users/a---/Desktop/My files/intelliJ IDEA FILE/MyProject)
2025-03-04 13:43:42,714 [main] INFO  o.j.t.insurance.InsuranceApplication - No active profile set, falling back to 1 default profile: "default"
2025-03-04 13:43:43,148 [main] INFO  o.s.b.w.e.tomcat.TomcatWebServer - Tomcat initialized with port 8080 (http)
2025-03-04 13:43:43,153 [main] INFO  o.a.coyote.http11.Http11NioProtocol - Initializing ProtocolHandler ["http-nio-8080"]
2025-03-04 13:43:43,153 [main] INFO  o.a.catalina.core.StandardService - Starting service [Tomcat]
2025-03-04 13:43:43,153 [main] INFO  o.a.catalina.core.StandardEngine - Starting Servlet engine: [Apache Tomcat/10.1.20]
2025-03-04 13:43:43,172 [main] INFO  o.a.c.c.C.[Tomcat].[localhost].[/] - Initializing Spring embedded WebApplicationContext
2025-03-04 13:43:43,172 [main] INFO  o.s.b.w.s.c.ServletWebServerApplicationContext - Root WebApplicationContext: initialization completed in 438 ms
2025-03-04 13:43:43,312 [main] INFO  o.a.coyote.http11.Http11NioProtocol - Starting ProtocolHandler ["http-nio-8080"]
2025-03-04 13:43:43,318 [main] INFO  o.s.b.w.e.tomcat.TomcatWebServer - Tomcat started on port 8080 (http) with context path ''
2025-03-04 13:43:43,322 [main] INFO  o.j.t.insurance.InsuranceApplication - Started InsuranceApplication in 0.74 seconds (process running for 1.292)
