2025-03-04 02:16:21,508 [Test worker] INFO  o.s.t.c.s.AnnotationConfigContextLoaderUtils - Could not detect default configuration classes for test class [org.javaguru.travel.insurance.rest.TravelCalculatePremiumControllerTest]: TravelCalculatePremiumControllerTest does not declare any static, non-private, non-final, nested classes annotated with @Configuration.
2025-03-04 02:16:21,571 [Test worker] INFO  o.s.b.t.c.SpringBootTestContextBootstrapper - Found @SpringBootConfiguration org.javaguru.travel.insurance.InsuranceApplication for test class org.javaguru.travel.insurance.rest.TravelCalculatePremiumControllerTest
2025-03-04 02:16:21,751 [Test worker] INFO  o.j.t.i.r.TravelCalculatePremiumControllerTest - Starting TravelCalculatePremiumControllerTest using Java 21.0.6 with PID 34869 (started by a--- in /Users/a---/Desktop/My files/intelliJ IDEA FILE/2025_virtual_internship/student_morozov_nikita)
2025-03-04 02:16:21,752 [Test worker] INFO  o.j.t.i.r.TravelCalculatePremiumControllerTest - No active profile set, falling back to 1 default profile: "default"
2025-03-04 02:16:22,236 [Test worker] INFO  o.s.b.t.m.w.SpringBootMockServletContext - Initializing Spring TestDispatcherServlet ''
2025-03-04 02:16:22,236 [Test worker] INFO  o.s.t.w.s.TestDispatcherServlet - Initializing Servlet ''
2025-03-04 02:16:22,237 [Test worker] INFO  o.s.t.w.s.TestDispatcherServlet - Completed initialization in 1 ms
2025-03-04 02:16:22,248 [Test worker] INFO  o.j.t.i.r.TravelCalculatePremiumControllerTest - Started TravelCalculatePremiumControllerTest in 0.615 seconds (process running for 1.937)
2025-03-04 02:16:22,310 [Test worker] INFO  o.j.t.i.r.l.EventLoggerTravelCalculatePremiumRequest - REQUEST: {"personFirstName":"","personLastName":"","agreementDateFrom":"2020-01-23","agreementDateTo":"2019-04-23","selectedRisks":[]}
2025-03-04 02:16:22,313 [Test worker] INFO  o.j.t.i.r.l.EventLoggerTravelCalculatePremiumResponse - RESPONSE: {"errors":[{"errorCode":"ERROR_CODE_6","description":"Both DateFrom and DateTo must be in the future!"},{"errorCode":"ERROR_CODE_5","description":"DateTo must not be less DateFrom!"},{"errorCode":"ERROR_CODE_1","description":"Field personFirstName is empty!"},{"errorCode":"ERROR_CODE_2","description":"Field personLastName is empty!"},{"errorCode":"ERROR_CODE_7","description":"Must not be empty!"}],"personFirstName":null,"personLastName":null,"agreementDateFrom":null,"agreementDateTo":null,"agreementPrice":null}
2025-03-04 02:16:22,313 [Test worker] INFO  o.j.t.i.r.l.EventLoggerTravelCalculatePremiumRequest - Request processing time (ms): 8
2025-03-04 02:16:22,330 [Test worker] INFO  o.j.t.i.r.l.EventLoggerTravelCalculatePremiumRequest - REQUEST: {"personFirstName":"John","personLastName":"Doe","agreementDateFrom":"2020-01-23","agreementDateTo":"2020-04-23","selectedRisks":["TRAVEL_MEDICAL","TRAVEL_CANCELLATION","TRAVEL_LOSS_BAGGAGE"]}
2025-03-04 02:16:22,331 [Test worker] INFO  o.j.t.i.r.l.EventLoggerTravelCalculatePremiumResponse - RESPONSE: {"errors":[{"errorCode":"ERROR_CODE_6","description":"Both DateFrom and DateTo must be in the future!"}],"personFirstName":null,"personLastName":null,"agreementDateFrom":null,"agreementDateTo":null,"agreementPrice":null}
2025-03-04 02:16:22,331 [Test worker] INFO  o.j.t.i.r.l.EventLoggerTravelCalculatePremiumRequest - Request processing time (ms): 0
2025-03-04 02:16:22,335 [Test worker] INFO  o.j.t.i.r.l.EventLoggerTravelCalculatePremiumRequest - REQUEST: {"personFirstName":"John","personLastName":"Doe","agreementDateFrom":null,"agreementDateTo":"2028-04-23","selectedRisks":["TRAVEL_MEDICAL","TRAVEL_CANCELLATION","TRAVEL_LOSS_BAGGAGE"]}
2025-03-04 02:16:22,335 [Test worker] INFO  o.j.t.i.r.l.EventLoggerTravelCalculatePremiumResponse - RESPONSE: {"errors":[{"errorCode":"ERROR_CODE_3","description":"DateFrom must not be null!"}],"personFirstName":null,"personLastName":null,"agreementDateFrom":null,"agreementDateTo":null,"agreementPrice":null}
2025-03-04 02:16:22,335 [Test worker] INFO  o.j.t.i.r.l.EventLoggerTravelCalculatePremiumRequest - Request processing time (ms): 0
2025-03-04 02:16:22,339 [Test worker] INFO  o.j.t.i.r.l.EventLoggerTravelCalculatePremiumRequest - REQUEST: {"personFirstName":"John","personLastName":"Doe","agreementDateFrom":"2028-01-23","agreementDateTo":"2028-04-23","selectedRisks":["TRAVEL_MEDICAL","TRAVEL_CANCELLATION","TRAVEL_LOSS_BAGGAGE"]}
2025-03-04 02:16:22,342 [Test worker] INFO  o.j.t.i.r.l.EventLoggerTravelCalculatePremiumResponse - RESPONSE: {"errors":null,"personFirstName":"John","personLastName":"Doe","agreementDateFrom":"2028-01-23","agreementDateTo":"2028-04-23","agreementPrice":91}
2025-03-04 02:16:22,342 [Test worker] INFO  o.j.t.i.r.l.EventLoggerTravelCalculatePremiumRequest - Request processing time (ms): 2
2025-03-04 02:16:22,349 [Test worker] INFO  o.j.t.i.r.l.EventLoggerTravelCalculatePremiumRequest - REQUEST: {"personFirstName":"John","personLastName":"Doe","agreementDateFrom":"2028-04-23","agreementDateTo":"2028-01-23","selectedRisks":["TRAVEL_MEDICAL","TRAVEL_CANCELLATION","TRAVEL_LOSS_BAGGAGE"]}
2025-03-04 02:16:22,350 [Test worker] INFO  o.j.t.i.r.l.EventLoggerTravelCalculatePremiumResponse - RESPONSE: {"errors":[{"errorCode":"ERROR_CODE_5","description":"DateTo must not be less DateFrom!"}],"personFirstName":null,"personLastName":null,"agreementDateFrom":null,"agreementDateTo":null,"agreementPrice":null}
2025-03-04 02:16:22,350 [Test worker] INFO  o.j.t.i.r.l.EventLoggerTravelCalculatePremiumRequest - Request processing time (ms): 0
2025-03-04 02:16:22,354 [Test worker] INFO  o.j.t.i.r.l.EventLoggerTravelCalculatePremiumRequest - REQUEST: {"personFirstName":"John","personLastName":"Doe","agreementDateFrom":"2028-01-23","agreementDateTo":null,"selectedRisks":["TRAVEL_MEDICAL","TRAVEL_CANCELLATION","TRAVEL_LOSS_BAGGAGE"]}
2025-03-04 02:16:22,354 [Test worker] INFO  o.j.t.i.r.l.EventLoggerTravelCalculatePremiumResponse - RESPONSE: {"errors":[{"errorCode":"ERROR_CODE_4","description":"DateTo must not be null!"}],"personFirstName":null,"personLastName":null,"agreementDateFrom":null,"agreementDateTo":null,"agreementPrice":null}
2025-03-04 02:16:22,355 [Test worker] INFO  o.j.t.i.r.l.EventLoggerTravelCalculatePremiumRequest - Request processing time (ms): 0
2025-03-04 02:16:22,360 [Test worker] INFO  o.j.t.i.r.l.EventLoggerTravelCalculatePremiumRequest - REQUEST: {"personFirstName":"","personLastName":"Doe","agreementDateFrom":"2021-01-23","agreementDateTo":"2028-04-23","selectedRisks":["TRAVEL_MEDICAL","TRAVEL_CANCELLATION","TRAVEL_LOSS_BAGGAGE"]}
2025-03-04 02:16:22,360 [Test worker] INFO  o.j.t.i.r.l.EventLoggerTravelCalculatePremiumResponse - RESPONSE: {"errors":[{"errorCode":"ERROR_CODE_6","description":"Both DateFrom and DateTo must be in the future!"},{"errorCode":"ERROR_CODE_1","description":"Field personFirstName is empty!"}],"personFirstName":null,"personLastName":null,"agreementDateFrom":null,"agreementDateTo":null,"agreementPrice":null}
2025-03-04 02:16:22,360 [Test worker] INFO  o.j.t.i.r.l.EventLoggerTravelCalculatePremiumRequest - Request processing time (ms): 0
2025-03-04 02:16:50,476 [Test worker] INFO  o.s.t.c.s.AnnotationConfigContextLoaderUtils - Could not detect default configuration classes for test class [org.javaguru.travel.insurance.rest.TravelCalculatePremiumControllerTest]: TravelCalculatePremiumControllerTest does not declare any static, non-private, non-final, nested classes annotated with @Configuration.
2025-03-04 02:16:50,547 [Test worker] INFO  o.s.b.t.c.SpringBootTestContextBootstrapper - Found @SpringBootConfiguration org.javaguru.travel.insurance.InsuranceApplication for test class org.javaguru.travel.insurance.rest.TravelCalculatePremiumControllerTest
2025-03-04 02:16:50,704 [Test worker] INFO  o.j.t.i.r.TravelCalculatePremiumControllerTest - Starting TravelCalculatePremiumControllerTest using Java 21.0.6 with PID 34892 (started by a--- in /Users/a---/Desktop/My files/intelliJ IDEA FILE/2025_virtual_internship/student_morozov_nikita)
2025-03-04 02:16:50,705 [Test worker] INFO  o.j.t.i.r.TravelCalculatePremiumControllerTest - No active profile set, falling back to 1 default profile: "default"
2025-03-04 02:16:51,189 [Test worker] INFO  o.s.b.t.m.w.SpringBootMockServletContext - Initializing Spring TestDispatcherServlet ''
2025-03-04 02:16:51,190 [Test worker] INFO  o.s.t.w.s.TestDispatcherServlet - Initializing Servlet ''
2025-03-04 02:16:51,191 [Test worker] INFO  o.s.t.w.s.TestDispatcherServlet - Completed initialization in 0 ms
2025-03-04 02:16:51,201 [Test worker] INFO  o.j.t.i.r.TravelCalculatePremiumControllerTest - Started TravelCalculatePremiumControllerTest in 0.595 seconds (process running for 2.275)
2025-03-04 02:16:51,266 [Test worker] INFO  o.j.t.i.r.l.EventLoggerTravelCalculatePremiumRequest - REQUEST: {"personFirstName":"","personLastName":"","agreementDateFrom":"2020-01-23","agreementDateTo":"2019-04-23","selectedRisks":[]}
2025-03-04 02:16:51,270 [Test worker] INFO  o.j.t.i.r.l.EventLoggerTravelCalculatePremiumResponse - RESPONSE: {"errors":[{"errorCode":"ERROR_CODE_6","description":"Both DateFrom and DateTo must be in the future!"},{"errorCode":"ERROR_CODE_5","description":"DateTo must not be less DateFrom!"},{"errorCode":"ERROR_CODE_1","description":"Field personFirstName is empty!"},{"errorCode":"ERROR_CODE_2","description":"Field personLastName is empty!"},{"errorCode":"ERROR_CODE_7","description":"Must not be empty!"}],"personFirstName":null,"personLastName":null,"agreementDateFrom":null,"agreementDateTo":null,"agreementPrice":null}
2025-03-04 02:16:51,270 [Test worker] INFO  o.j.t.i.r.l.EventLoggerTravelCalculatePremiumRequest - Request processing time (ms): 13
2025-03-04 02:16:51,295 [Test worker] INFO  o.j.t.i.r.l.EventLoggerTravelCalculatePremiumRequest - REQUEST: {"personFirstName":"John","personLastName":"Doe","agreementDateFrom":"2020-01-23","agreementDateTo":"2020-04-23","selectedRisks":["TRAVEL_MEDICAL","TRAVEL_CANCELLATION","TRAVEL_LOSS_BAGGAGE"]}
2025-03-04 02:16:51,296 [Test worker] INFO  o.j.t.i.r.l.EventLoggerTravelCalculatePremiumResponse - RESPONSE: {"errors":[{"errorCode":"ERROR_CODE_6","description":"Both DateFrom and DateTo must be in the future!"}],"personFirstName":null,"personLastName":null,"agreementDateFrom":null,"agreementDateTo":null,"agreementPrice":null}
2025-03-04 02:16:51,296 [Test worker] INFO  o.j.t.i.r.l.EventLoggerTravelCalculatePremiumRequest - Request processing time (ms): 0
2025-03-04 02:16:51,303 [Test worker] INFO  o.j.t.i.r.l.EventLoggerTravelCalculatePremiumRequest - REQUEST: {"personFirstName":"John","personLastName":"Doe","agreementDateFrom":null,"agreementDateTo":"2028-04-23","selectedRisks":["TRAVEL_MEDICAL","TRAVEL_CANCELLATION","TRAVEL_LOSS_BAGGAGE"]}
2025-03-04 02:16:51,303 [Test worker] INFO  o.j.t.i.r.l.EventLoggerTravelCalculatePremiumResponse - RESPONSE: {"errors":[{"errorCode":"ERROR_CODE_3","description":"DateFrom must not be null!"}],"personFirstName":null,"personLastName":null,"agreementDateFrom":null,"agreementDateTo":null,"agreementPrice":null}
2025-03-04 02:16:51,304 [Test worker] INFO  o.j.t.i.r.l.EventLoggerTravelCalculatePremiumRequest - Request processing time (ms): 1
2025-03-04 02:16:51,309 [Test worker] INFO  o.j.t.i.r.l.EventLoggerTravelCalculatePremiumRequest - REQUEST: {"personFirstName":"John","personLastName":"Doe","agreementDateFrom":"2028-01-23","agreementDateTo":"2028-04-23","selectedRisks":["TRAVEL_MEDICAL","TRAVEL_CANCELLATION","TRAVEL_LOSS_BAGGAGE"]}
2025-03-04 02:16:51,313 [Test worker] INFO  o.j.t.i.r.l.EventLoggerTravelCalculatePremiumResponse - RESPONSE: {"errors":null,"personFirstName":"John","personLastName":"Doe","agreementDateFrom":"2028-01-23","agreementDateTo":"2028-04-23","agreementPrice":91}
2025-03-04 02:16:51,313 [Test worker] INFO  o.j.t.i.r.l.EventLoggerTravelCalculatePremiumRequest - Request processing time (ms): 3
2025-03-04 02:16:51,323 [Test worker] INFO  o.j.t.i.r.l.EventLoggerTravelCalculatePremiumRequest - REQUEST: {"personFirstName":"John","personLastName":"Doe","agreementDateFrom":"2028-04-23","agreementDateTo":"2028-01-23","selectedRisks":["TRAVEL_MEDICAL","TRAVEL_CANCELLATION","TRAVEL_LOSS_BAGGAGE"]}
2025-03-04 02:16:51,323 [Test worker] INFO  o.j.t.i.r.l.EventLoggerTravelCalculatePremiumResponse - RESPONSE: {"errors":[{"errorCode":"ERROR_CODE_5","description":"DateTo must not be less DateFrom!"}],"personFirstName":null,"personLastName":null,"agreementDateFrom":null,"agreementDateTo":null,"agreementPrice":null}
2025-03-04 02:16:51,324 [Test worker] INFO  o.j.t.i.r.l.EventLoggerTravelCalculatePremiumRequest - Request processing time (ms): 1
2025-03-04 02:16:51,329 [Test worker] INFO  o.j.t.i.r.l.EventLoggerTravelCalculatePremiumRequest - REQUEST: {"personFirstName":"John","personLastName":"Doe","agreementDateFrom":"2028-01-23","agreementDateTo":null,"selectedRisks":["TRAVEL_MEDICAL","TRAVEL_CANCELLATION","TRAVEL_LOSS_BAGGAGE"]}
2025-03-04 02:16:51,330 [Test worker] INFO  o.j.t.i.r.l.EventLoggerTravelCalculatePremiumResponse - RESPONSE: {"errors":[{"errorCode":"ERROR_CODE_4","description":"DateTo must not be null!"}],"personFirstName":null,"personLastName":null,"agreementDateFrom":null,"agreementDateTo":null,"agreementPrice":null}
2025-03-04 02:16:51,330 [Test worker] INFO  o.j.t.i.r.l.EventLoggerTravelCalculatePremiumRequest - Request processing time (ms): 0
2025-03-04 02:16:51,335 [Test worker] INFO  o.j.t.i.r.l.EventLoggerTravelCalculatePremiumRequest - REQUEST: {"personFirstName":"","personLastName":"Doe","agreementDateFrom":"2021-01-23","agreementDateTo":"2028-04-23","selectedRisks":["TRAVEL_MEDICAL","TRAVEL_CANCELLATION","TRAVEL_LOSS_BAGGAGE"]}
2025-03-04 02:16:51,336 [Test worker] INFO  o.j.t.i.r.l.EventLoggerTravelCalculatePremiumResponse - RESPONSE: {"errors":[{"errorCode":"ERROR_CODE_6","description":"Both DateFrom and DateTo must be in the future!"},{"errorCode":"ERROR_CODE_1","description":"Field personFirstName is empty!"}],"personFirstName":null,"personLastName":null,"agreementDateFrom":null,"agreementDateTo":null,"agreementPrice":null}
2025-03-04 02:16:51,337 [Test worker] INFO  o.j.t.i.r.l.EventLoggerTravelCalculatePremiumRequest - Request processing time (ms): 1
2025-03-04 02:17:36,200 [Test worker] INFO  o.s.t.c.s.AnnotationConfigContextLoaderUtils - Could not detect default configuration classes for test class [org.javaguru.travel.insurance.rest.TravelCalculatePremiumControllerTest]: TravelCalculatePremiumControllerTest does not declare any static, non-private, non-final, nested classes annotated with @Configuration.
2025-03-04 02:17:36,272 [Test worker] INFO  o.s.b.t.c.SpringBootTestContextBootstrapper - Found @SpringBootConfiguration org.javaguru.travel.insurance.InsuranceApplication for test class org.javaguru.travel.insurance.rest.TravelCalculatePremiumControllerTest
2025-03-04 02:17:36,441 [Test worker] INFO  o.j.t.i.r.TravelCalculatePremiumControllerTest - Starting TravelCalculatePremiumControllerTest using Java 21.0.6 with PID 34904 (started by a--- in /Users/a---/Desktop/My files/intelliJ IDEA FILE/2025_virtual_internship/student_morozov_nikita)
2025-03-04 02:17:36,442 [Test worker] INFO  o.j.t.i.r.TravelCalculatePremiumControllerTest - No active profile set, falling back to 1 default profile: "default"
2025-03-04 02:17:36,941 [Test worker] INFO  o.s.b.t.m.w.SpringBootMockServletContext - Initializing Spring TestDispatcherServlet ''
2025-03-04 02:17:36,941 [Test worker] INFO  o.s.t.w.s.TestDispatcherServlet - Initializing Servlet ''
2025-03-04 02:17:36,942 [Test worker] INFO  o.s.t.w.s.TestDispatcherServlet - Completed initialization in 0 ms
2025-03-04 02:17:36,953 [Test worker] INFO  o.j.t.i.r.TravelCalculatePremiumControllerTest - Started TravelCalculatePremiumControllerTest in 0.619 seconds (process running for 1.919)
2025-03-04 02:17:37,021 [Test worker] INFO  o.j.t.i.r.l.EventLoggerTravelCalculatePremiumRequest - REQUEST: {"personFirstName":"","personLastName":"","agreementDateFrom":"2020-01-23","agreementDateTo":"2019-04-23","selectedRisks":[]}
2025-03-04 02:17:37,026 [Test worker] INFO  o.j.t.i.r.l.EventLoggerTravelCalculatePremiumResponse - RESPONSE: {"errors":[{"errorCode":"ERROR_CODE_6","description":"Both DateFrom and DateTo must be in the future!"},{"errorCode":"ERROR_CODE_5","description":"DateTo must not be less DateFrom!"},{"errorCode":"ERROR_CODE_1","description":"Field personFirstName is empty!"},{"errorCode":"ERROR_CODE_2","description":"Field personLastName is empty!"},{"errorCode":"ERROR_CODE_7","description":"Must not be empty!"}],"personFirstName":null,"personLastName":null,"agreementDateFrom":null,"agreementDateTo":null,"agreementPrice":null}
2025-03-04 02:17:37,026 [Test worker] INFO  o.j.t.i.r.l.EventLoggerTravelCalculatePremiumRequest - Request processing time (ms): 14
2025-03-04 02:17:37,045 [Test worker] INFO  o.j.t.i.r.l.EventLoggerTravelCalculatePremiumRequest - REQUEST: {"personFirstName":"John","personLastName":"Doe","agreementDateFrom":"2020-01-23","agreementDateTo":"2020-04-23","selectedRisks":["TRAVEL_MEDICAL","TRAVEL_CANCELLATION","TRAVEL_LOSS_BAGGAGE"]}
2025-03-04 02:17:37,046 [Test worker] INFO  o.j.t.i.r.l.EventLoggerTravelCalculatePremiumResponse - RESPONSE: {"errors":[{"errorCode":"ERROR_CODE_6","description":"Both DateFrom and DateTo must be in the future!"}],"personFirstName":null,"personLastName":null,"agreementDateFrom":null,"agreementDateTo":null,"agreementPrice":null}
2025-03-04 02:17:37,046 [Test worker] INFO  o.j.t.i.r.l.EventLoggerTravelCalculatePremiumRequest - Request processing time (ms): 1
2025-03-04 02:17:37,051 [Test worker] INFO  o.j.t.i.r.l.EventLoggerTravelCalculatePremiumRequest - REQUEST: {"personFirstName":"John","personLastName":"Doe","agreementDateFrom":null,"agreementDateTo":"2028-04-23","selectedRisks":["TRAVEL_MEDICAL","TRAVEL_CANCELLATION","TRAVEL_LOSS_BAGGAGE"]}
2025-03-04 02:17:37,051 [Test worker] INFO  o.j.t.i.r.l.EventLoggerTravelCalculatePremiumResponse - RESPONSE: {"errors":[{"errorCode":"ERROR_CODE_3","description":"DateFrom must not be null!"}],"personFirstName":null,"personLastName":null,"agreementDateFrom":null,"agreementDateTo":null,"agreementPrice":null}
2025-03-04 02:17:37,051 [Test worker] INFO  o.j.t.i.r.l.EventLoggerTravelCalculatePremiumRequest - Request processing time (ms): 0
2025-03-04 02:17:37,056 [Test worker] INFO  o.j.t.i.r.l.EventLoggerTravelCalculatePremiumRequest - REQUEST: {"personFirstName":"John","personLastName":"Doe","agreementDateFrom":"2028-01-23","agreementDateTo":"2028-04-23","selectedRisks":["TRAVEL_MEDICAL","TRAVEL_CANCELLATION","TRAVEL_LOSS_BAGGAGE"]}
2025-03-04 02:17:37,058 [Test worker] INFO  o.j.t.i.r.l.EventLoggerTravelCalculatePremiumResponse - RESPONSE: {"errors":null,"personFirstName":"John","personLastName":"Doe","agreementDateFrom":"2028-01-23","agreementDateTo":"2028-04-23","agreementPrice":91}
2025-03-04 02:17:37,059 [Test worker] INFO  o.j.t.i.r.l.EventLoggerTravelCalculatePremiumRequest - Request processing time (ms): 3
2025-03-04 02:17:37,064 [Test worker] INFO  o.j.t.i.r.l.EventLoggerTravelCalculatePremiumRequest - REQUEST: {"personFirstName":"John","personLastName":"Doe","agreementDateFrom":"2028-04-23","agreementDateTo":"2028-01-23","selectedRisks":["TRAVEL_MEDICAL","TRAVEL_CANCELLATION","TRAVEL_LOSS_BAGGAGE"]}
2025-03-04 02:17:37,065 [Test worker] INFO  o.j.t.i.r.l.EventLoggerTravelCalculatePremiumResponse - RESPONSE: {"errors":[{"errorCode":"ERROR_CODE_5","description":"DateTo must not be less DateFrom!"}],"personFirstName":null,"personLastName":null,"agreementDateFrom":null,"agreementDateTo":null,"agreementPrice":null}
2025-03-04 02:17:37,065 [Test worker] INFO  o.j.t.i.r.l.EventLoggerTravelCalculatePremiumRequest - Request processing time (ms): 0
2025-03-04 02:17:37,069 [Test worker] INFO  o.j.t.i.r.l.EventLoggerTravelCalculatePremiumRequest - REQUEST: {"personFirstName":"John","personLastName":"Doe","agreementDateFrom":"2028-01-23","agreementDateTo":null,"selectedRisks":["TRAVEL_MEDICAL","TRAVEL_CANCELLATION","TRAVEL_LOSS_BAGGAGE"]}
2025-03-04 02:17:37,069 [Test worker] INFO  o.j.t.i.r.l.EventLoggerTravelCalculatePremiumResponse - RESPONSE: {"errors":[{"errorCode":"ERROR_CODE_4","description":"DateTo must not be null!"}],"personFirstName":null,"personLastName":null,"agreementDateFrom":null,"agreementDateTo":null,"agreementPrice":null}
2025-03-04 02:17:37,070 [Test worker] INFO  o.j.t.i.r.l.EventLoggerTravelCalculatePremiumRequest - Request processing time (ms): 0
2025-03-04 02:17:37,074 [Test worker] INFO  o.j.t.i.r.l.EventLoggerTravelCalculatePremiumRequest - REQUEST: {"personFirstName":"","personLastName":"Doe","agreementDateFrom":"2021-01-23","agreementDateTo":"2028-04-23","selectedRisks":["TRAVEL_MEDICAL","TRAVEL_CANCELLATION","TRAVEL_LOSS_BAGGAGE"]}
2025-03-04 02:17:37,074 [Test worker] INFO  o.j.t.i.r.l.EventLoggerTravelCalculatePremiumResponse - RESPONSE: {"errors":[{"errorCode":"ERROR_CODE_6","description":"Both DateFrom and DateTo must be in the future!"},{"errorCode":"ERROR_CODE_1","description":"Field personFirstName is empty!"}],"personFirstName":null,"personLastName":null,"agreementDateFrom":null,"agreementDateTo":null,"agreementPrice":null}
2025-03-04 02:17:37,074 [Test worker] INFO  o.j.t.i.r.l.EventLoggerTravelCalculatePremiumRequest - Request processing time (ms): 0
2025-03-04 13:29:12,898 [Test worker] INFO  o.s.t.c.s.AnnotationConfigContextLoaderUtils - Could not detect default configuration classes for test class [org.javaguru.travel.insurance.rest.TravelCalculatePremiumControllerTest]: TravelCalculatePremiumControllerTest does not declare any static, non-private, non-final, nested classes annotated with @Configuration.
2025-03-04 13:29:12,946 [Test worker] INFO  o.s.b.t.c.SpringBootTestContextBootstrapper - Found @SpringBootConfiguration org.javaguru.travel.insurance.InsuranceApplication for test class org.javaguru.travel.insurance.rest.TravelCalculatePremiumControllerTest
2025-03-04 13:29:13,096 [Test worker] INFO  o.j.t.i.r.TravelCalculatePremiumControllerTest - Starting TravelCalculatePremiumControllerTest using Java 21.0.6 with PID 39057 (started by a--- in /Users/a---/Desktop/My files/intelliJ IDEA FILE/MyProject/student_morozov_nikita)
2025-03-04 13:29:13,096 [Test worker] INFO  o.j.t.i.r.TravelCalculatePremiumControllerTest - No active profile set, falling back to 1 default profile: "default"
2025-03-04 13:29:13,570 [Test worker] INFO  o.s.b.t.m.w.SpringBootMockServletContext - Initializing Spring TestDispatcherServlet ''
2025-03-04 13:29:13,570 [Test worker] INFO  o.s.t.w.s.TestDispatcherServlet - Initializing Servlet ''
2025-03-04 13:29:13,571 [Test worker] INFO  o.s.t.w.s.TestDispatcherServlet - Completed initialization in 0 ms
2025-03-04 13:29:13,584 [Test worker] INFO  o.j.t.i.r.TravelCalculatePremiumControllerTest - Started TravelCalculatePremiumControllerTest in 0.587 seconds (process running for 1.871)
2025-03-04 13:29:13,646 [Test worker] INFO  o.j.t.i.r.l.EventLoggerTravelCalculatePremiumRequest - REQUEST: {"personFirstName":"","personLastName":"","agreementDateFrom":"2020-01-23","agreementDateTo":"2019-04-23","selectedRisks":[]}
2025-03-04 13:29:13,649 [Test worker] INFO  o.j.t.i.r.l.EventLoggerTravelCalculatePremiumResponse - RESPONSE: {"errors":[{"errorCode":"ERROR_CODE_6","description":"Both DateFrom and DateTo must be in the future!"},{"errorCode":"ERROR_CODE_5","description":"DateTo must not be less DateFrom!"},{"errorCode":"ERROR_CODE_1","description":"Field personFirstName is empty!"},{"errorCode":"ERROR_CODE_2","description":"Field personLastName is empty!"},{"errorCode":"ERROR_CODE_7","description":"Must not be empty!"}],"personFirstName":null,"personLastName":null,"agreementDateFrom":null,"agreementDateTo":null,"agreementPrice":null}
2025-03-04 13:29:13,649 [Test worker] INFO  o.j.t.i.r.l.EventLoggerTravelCalculatePremiumRequest - Request processing time (ms): 8
2025-03-04 13:29:13,665 [Test worker] INFO  o.j.t.i.r.l.EventLoggerTravelCalculatePremiumRequest - REQUEST: {"personFirstName":"John","personLastName":"Doe","agreementDateFrom":"2020-01-23","agreementDateTo":"2020-04-23","selectedRisks":["TRAVEL_MEDICAL","TRAVEL_CANCELLATION","TRAVEL_LOSS_BAGGAGE"]}
2025-03-04 13:29:13,665 [Test worker] INFO  o.j.t.i.r.l.EventLoggerTravelCalculatePremiumResponse - RESPONSE: {"errors":[{"errorCode":"ERROR_CODE_6","description":"Both DateFrom and DateTo must be in the future!"}],"personFirstName":null,"personLastName":null,"agreementDateFrom":null,"agreementDateTo":null,"agreementPrice":null}
2025-03-04 13:29:13,666 [Test worker] INFO  o.j.t.i.r.l.EventLoggerTravelCalculatePremiumRequest - Request processing time (ms): 0
2025-03-04 13:29:13,669 [Test worker] INFO  o.j.t.i.r.l.EventLoggerTravelCalculatePremiumRequest - REQUEST: {"personFirstName":"John","personLastName":"Doe","agreementDateFrom":null,"agreementDateTo":"2028-04-23","selectedRisks":["TRAVEL_MEDICAL","TRAVEL_CANCELLATION","TRAVEL_LOSS_BAGGAGE"]}
2025-03-04 13:29:13,669 [Test worker] INFO  o.j.t.i.r.l.EventLoggerTravelCalculatePremiumResponse - RESPONSE: {"errors":[{"errorCode":"ERROR_CODE_3","description":"DateFrom must not be null!"}],"personFirstName":null,"personLastName":null,"agreementDateFrom":null,"agreementDateTo":null,"agreementPrice":null}
2025-03-04 13:29:13,669 [Test worker] INFO  o.j.t.i.r.l.EventLoggerTravelCalculatePremiumRequest - Request processing time (ms): 0
2025-03-04 13:29:13,672 [Test worker] INFO  o.j.t.i.r.l.EventLoggerTravelCalculatePremiumRequest - REQUEST: {"personFirstName":"John","personLastName":"Doe","agreementDateFrom":"2028-01-23","agreementDateTo":"2028-04-23","selectedRisks":["TRAVEL_MEDICAL","TRAVEL_CANCELLATION","TRAVEL_LOSS_BAGGAGE"]}
2025-03-04 13:29:13,675 [Test worker] INFO  o.j.t.i.r.l.EventLoggerTravelCalculatePremiumResponse - RESPONSE: {"errors":null,"personFirstName":"John","personLastName":"Doe","agreementDateFrom":"2028-01-23","agreementDateTo":"2028-04-23","agreementPrice":91}
2025-03-04 13:29:13,675 [Test worker] INFO  o.j.t.i.r.l.EventLoggerTravelCalculatePremiumRequest - Request processing time (ms): 3
2025-03-04 13:29:13,680 [Test worker] INFO  o.j.t.i.r.l.EventLoggerTravelCalculatePremiumRequest - REQUEST: {"personFirstName":"John","personLastName":"Doe","agreementDateFrom":"2028-04-23","agreementDateTo":"2028-01-23","selectedRisks":["TRAVEL_MEDICAL","TRAVEL_CANCELLATION","TRAVEL_LOSS_BAGGAGE"]}
2025-03-04 13:29:13,680 [Test worker] INFO  o.j.t.i.r.l.EventLoggerTravelCalculatePremiumResponse - RESPONSE: {"errors":[{"errorCode":"ERROR_CODE_5","description":"DateTo must not be less DateFrom!"}],"personFirstName":null,"personLastName":null,"agreementDateFrom":null,"agreementDateTo":null,"agreementPrice":null}
2025-03-04 13:29:13,680 [Test worker] INFO  o.j.t.i.r.l.EventLoggerTravelCalculatePremiumRequest - Request processing time (ms): 0
2025-03-04 13:29:13,684 [Test worker] INFO  o.j.t.i.r.l.EventLoggerTravelCalculatePremiumRequest - REQUEST: {"personFirstName":"John","personLastName":"Doe","agreementDateFrom":"2028-01-23","agreementDateTo":null,"selectedRisks":["TRAVEL_MEDICAL","TRAVEL_CANCELLATION","TRAVEL_LOSS_BAGGAGE"]}
2025-03-04 13:29:13,684 [Test worker] INFO  o.j.t.i.r.l.EventLoggerTravelCalculatePremiumResponse - RESPONSE: {"errors":[{"errorCode":"ERROR_CODE_4","description":"DateTo must not be null!"}],"personFirstName":null,"personLastName":null,"agreementDateFrom":null,"agreementDateTo":null,"agreementPrice":null}
2025-03-04 13:29:13,684 [Test worker] INFO  o.j.t.i.r.l.EventLoggerTravelCalculatePremiumRequest - Request processing time (ms): 0
2025-03-04 13:29:13,687 [Test worker] INFO  o.j.t.i.r.l.EventLoggerTravelCalculatePremiumRequest - REQUEST: {"personFirstName":"","personLastName":"Doe","agreementDateFrom":"2021-01-23","agreementDateTo":"2028-04-23","selectedRisks":["TRAVEL_MEDICAL","TRAVEL_CANCELLATION","TRAVEL_LOSS_BAGGAGE"]}
2025-03-04 13:29:13,688 [Test worker] INFO  o.j.t.i.r.l.EventLoggerTravelCalculatePremiumResponse - RESPONSE: {"errors":[{"errorCode":"ERROR_CODE_6","description":"Both DateFrom and DateTo must be in the future!"},{"errorCode":"ERROR_CODE_1","description":"Field personFirstName is empty!"}],"personFirstName":null,"personLastName":null,"agreementDateFrom":null,"agreementDateTo":null,"agreementPrice":null}
2025-03-04 13:29:13,688 [Test worker] INFO  o.j.t.i.r.l.EventLoggerTravelCalculatePremiumRequest - Request processing time (ms): 0
