2025-03-04 02:16:22,310 [Test worker] INFO  o.j.t.i.r.l.EventLoggerTravelCalculatePremiumRequest - REQUEST: {"personFirstName":"","personLastName":"","agreementDateFrom":"2020-01-23","agreementDateTo":"2019-04-23","selectedRisks":[]}
2025-03-04 02:16:22,313 [Test worker] INFO  o.j.t.i.r.l.EventLoggerTravelCalculatePremiumResponse - RESPONSE: {"errors":[{"errorCode":"ERROR_CODE_6","description":"Both DateFrom and DateTo must be in the future!"},{"errorCode":"ERROR_CODE_5","description":"DateTo must not be less DateFrom!"},{"errorCode":"ERROR_CODE_1","description":"Field personFirstName is empty!"},{"errorCode":"ERROR_CODE_2","description":"Field personLastName is empty!"},{"errorCode":"ERROR_CODE_7","description":"Must not be empty!"}],"personFirstName":null,"personLastName":null,"agreementDateFrom":null,"agreementDateTo":null,"agreementPrice":null}
2025-03-04 02:16:22,313 [Test worker] INFO  o.j.t.i.r.l.EventLoggerTravelCalculatePremiumRequest - Request processing time (ms): 8
2025-03-04 02:16:22,330 [Test worker] INFO  o.j.t.i.r.l.EventLoggerTravelCalculatePremiumRequest - REQUEST: {"personFirstName":"John","personLastName":"Doe","agreementDateFrom":"2020-01-23","agreementDateTo":"2020-04-23","selectedRisks":["TRAVEL_MEDICAL","TRAVEL_CANCELLATION","TRAVEL_LOSS_BAGGAGE"]}
2025-03-04 02:16:22,331 [Test worker] INFO  o.j.t.i.r.l.EventLoggerTravelCalculatePremiumResponse - RESPONSE: {"errors":[{"errorCode":"ERROR_CODE_6","description":"Both DateFrom and DateTo must be in the future!"}],"personFirstName":null,"personLastName":null,"agreementDateFrom":null,"agreementDateTo":null,"agreementPrice":null}
2025-03-04 02:16:22,331 [Test worker] INFO  o.j.t.i.r.l.EventLoggerTravelCalculatePremiumRequest - Request processing time (ms): 0
2025-03-04 02:16:22,335 [Test worker] INFO  o.j.t.i.r.l.EventLoggerTravelCalculatePremiumRequest - REQUEST: {"personFirstName":"John","personLastName":"Doe","agreementDateFrom":null,"agreementDateTo":"2028-04-23","selectedRisks":["TRAVEL_MEDICAL","TRAVEL_CANCELLATION","TRAVEL_LOSS_BAGGAGE"]}
2025-03-04 02:16:22,335 [Test worker] INFO  o.j.t.i.r.l.EventLoggerTravelCalculatePremiumResponse - RESPONSE: {"errors":[{"errorCode":"ERROR_CODE_3","description":"DateFrom must not be null!"}],"personFirstName":null,"personLastName":null,"agreementDateFrom":null,"agreementDateTo":null,"agreementPrice":null}
2025-03-04 02:16:22,335 [Test worker] INFO  o.j.t.i.r.l.EventLoggerTravelCalculatePremiumRequest - Request processing time (ms): 0
2025-03-04 02:16:22,339 [Test worker] INFO  o.j.t.i.r.l.EventLoggerTravelCalculatePremiumRequest - REQUEST: {"personFirstName":"John","personLastName":"Doe","agreementDateFrom":"2028-01-23","agreementDateTo":"2028-04-23","selectedRisks":["TRAVEL_MEDICAL","TRAVEL_CANCELLATION","TRAVEL_LOSS_BAGGAGE"]}
2025-03-04 02:16:22,342 [Test worker] INFO  o.j.t.i.r.l.EventLoggerTravelCalculatePremiumResponse - RESPONSE: {"errors":null,"personFirstName":"John","personLastName":"Doe","agreementDateFrom":"2028-01-23","agreementDateTo":"2028-04-23","agreementPrice":91}
2025-03-04 02:16:22,342 [Test worker] INFO  o.j.t.i.r.l.EventLoggerTravelCalculatePremiumRequest - Request processing time (ms): 2
2025-03-04 02:16:22,349 [Test worker] INFO  o.j.t.i.r.l.EventLoggerTravelCalculatePremiumRequest - REQUEST: {"personFirstName":"John","personLastName":"Doe","agreementDateFrom":"2028-04-23","agreementDateTo":"2028-01-23","selectedRisks":["TRAVEL_MEDICAL","TRAVEL_CANCELLATION","TRAVEL_LOSS_BAGGAGE"]}
2025-03-04 02:16:22,350 [Test worker] INFO  o.j.t.i.r.l.EventLoggerTravelCalculatePremiumResponse - RESPONSE: {"errors":[{"errorCode":"ERROR_CODE_5","description":"DateTo must not be less DateFrom!"}],"personFirstName":null,"personLastName":null,"agreementDateFrom":null,"agreementDateTo":null,"agreementPrice":null}
2025-03-04 02:16:22,350 [Test worker] INFO  o.j.t.i.r.l.EventLoggerTravelCalculatePremiumRequest - Request processing time (ms): 0
2025-03-04 02:16:22,354 [Test worker] INFO  o.j.t.i.r.l.EventLoggerTravelCalculatePremiumRequest - REQUEST: {"personFirstName":"John","personLastName":"Doe","agreementDateFrom":"2028-01-23","agreementDateTo":null,"selectedRisks":["TRAVEL_MEDICAL","TRAVEL_CANCELLATION","TRAVEL_LOSS_BAGGAGE"]}
2025-03-04 02:16:22,354 [Test worker] INFO  o.j.t.i.r.l.EventLoggerTravelCalculatePremiumResponse - RESPONSE: {"errors":[{"errorCode":"ERROR_CODE_4","description":"DateTo must not be null!"}],"personFirstName":null,"personLastName":null,"agreementDateFrom":null,"agreementDateTo":null,"agreementPrice":null}
2025-03-04 02:16:22,355 [Test worker] INFO  o.j.t.i.r.l.EventLoggerTravelCalculatePremiumRequest - Request processing time (ms): 0
2025-03-04 02:16:22,360 [Test worker] INFO  o.j.t.i.r.l.EventLoggerTravelCalculatePremiumRequest - REQUEST: {"personFirstName":"","personLastName":"Doe","agreementDateFrom":"2021-01-23","agreementDateTo":"2028-04-23","selectedRisks":["TRAVEL_MEDICAL","TRAVEL_CANCELLATION","TRAVEL_LOSS_BAGGAGE"]}
2025-03-04 02:16:22,360 [Test worker] INFO  o.j.t.i.r.l.EventLoggerTravelCalculatePremiumResponse - RESPONSE: {"errors":[{"errorCode":"ERROR_CODE_6","description":"Both DateFrom and DateTo must be in the future!"},{"errorCode":"ERROR_CODE_1","description":"Field personFirstName is empty!"}],"personFirstName":null,"personLastName":null,"agreementDateFrom":null,"agreementDateTo":null,"agreementPrice":null}
2025-03-04 02:16:22,360 [Test worker] INFO  o.j.t.i.r.l.EventLoggerTravelCalculatePremiumRequest - Request processing time (ms): 0
2025-03-04 02:16:51,266 [Test worker] INFO  o.j.t.i.r.l.EventLoggerTravelCalculatePremiumRequest - REQUEST: {"personFirstName":"","personLastName":"","agreementDateFrom":"2020-01-23","agreementDateTo":"2019-04-23","selectedRisks":[]}
2025-03-04 02:16:51,270 [Test worker] INFO  o.j.t.i.r.l.EventLoggerTravelCalculatePremiumResponse - RESPONSE: {"errors":[{"errorCode":"ERROR_CODE_6","description":"Both DateFrom and DateTo must be in the future!"},{"errorCode":"ERROR_CODE_5","description":"DateTo must not be less DateFrom!"},{"errorCode":"ERROR_CODE_1","description":"Field personFirstName is empty!"},{"errorCode":"ERROR_CODE_2","description":"Field personLastName is empty!"},{"errorCode":"ERROR_CODE_7","description":"Must not be empty!"}],"personFirstName":null,"personLastName":null,"agreementDateFrom":null,"agreementDateTo":null,"agreementPrice":null}
2025-03-04 02:16:51,270 [Test worker] INFO  o.j.t.i.r.l.EventLoggerTravelCalculatePremiumRequest - Request processing time (ms): 13
2025-03-04 02:16:51,295 [Test worker] INFO  o.j.t.i.r.l.EventLoggerTravelCalculatePremiumRequest - REQUEST: {"personFirstName":"John","personLastName":"Doe","agreementDateFrom":"2020-01-23","agreementDateTo":"2020-04-23","selectedRisks":["TRAVEL_MEDICAL","TRAVEL_CANCELLATION","TRAVEL_LOSS_BAGGAGE"]}
2025-03-04 02:16:51,296 [Test worker] INFO  o.j.t.i.r.l.EventLoggerTravelCalculatePremiumResponse - RESPONSE: {"errors":[{"errorCode":"ERROR_CODE_6","description":"Both DateFrom and DateTo must be in the future!"}],"personFirstName":null,"personLastName":null,"agreementDateFrom":null,"agreementDateTo":null,"agreementPrice":null}
2025-03-04 02:16:51,296 [Test worker] INFO  o.j.t.i.r.l.EventLoggerTravelCalculatePremiumRequest - Request processing time (ms): 0
2025-03-04 02:16:51,303 [Test worker] INFO  o.j.t.i.r.l.EventLoggerTravelCalculatePremiumRequest - REQUEST: {"personFirstName":"John","personLastName":"Doe","agreementDateFrom":null,"agreementDateTo":"2028-04-23","selectedRisks":["TRAVEL_MEDICAL","TRAVEL_CANCELLATION","TRAVEL_LOSS_BAGGAGE"]}
2025-03-04 02:16:51,303 [Test worker] INFO  o.j.t.i.r.l.EventLoggerTravelCalculatePremiumResponse - RESPONSE: {"errors":[{"errorCode":"ERROR_CODE_3","description":"DateFrom must not be null!"}],"personFirstName":null,"personLastName":null,"agreementDateFrom":null,"agreementDateTo":null,"agreementPrice":null}
2025-03-04 02:16:51,304 [Test worker] INFO  o.j.t.i.r.l.EventLoggerTravelCalculatePremiumRequest - Request processing time (ms): 1
2025-03-04 02:16:51,309 [Test worker] INFO  o.j.t.i.r.l.EventLoggerTravelCalculatePremiumRequest - REQUEST: {"personFirstName":"John","personLastName":"Doe","agreementDateFrom":"2028-01-23","agreementDateTo":"2028-04-23","selectedRisks":["TRAVEL_MEDICAL","TRAVEL_CANCELLATION","TRAVEL_LOSS_BAGGAGE"]}
2025-03-04 02:16:51,313 [Test worker] INFO  o.j.t.i.r.l.EventLoggerTravelCalculatePremiumResponse - RESPONSE: {"errors":null,"personFirstName":"John","personLastName":"Doe","agreementDateFrom":"2028-01-23","agreementDateTo":"2028-04-23","agreementPrice":91}
2025-03-04 02:16:51,313 [Test worker] INFO  o.j.t.i.r.l.EventLoggerTravelCalculatePremiumRequest - Request processing time (ms): 3
2025-03-04 02:16:51,323 [Test worker] INFO  o.j.t.i.r.l.EventLoggerTravelCalculatePremiumRequest - REQUEST: {"personFirstName":"John","personLastName":"Doe","agreementDateFrom":"2028-04-23","agreementDateTo":"2028-01-23","selectedRisks":["TRAVEL_MEDICAL","TRAVEL_CANCELLATION","TRAVEL_LOSS_BAGGAGE"]}
2025-03-04 02:16:51,323 [Test worker] INFO  o.j.t.i.r.l.EventLoggerTravelCalculatePremiumResponse - RESPONSE: {"errors":[{"errorCode":"ERROR_CODE_5","description":"DateTo must not be less DateFrom!"}],"personFirstName":null,"personLastName":null,"agreementDateFrom":null,"agreementDateTo":null,"agreementPrice":null}
2025-03-04 02:16:51,324 [Test worker] INFO  o.j.t.i.r.l.EventLoggerTravelCalculatePremiumRequest - Request processing time (ms): 1
2025-03-04 02:16:51,329 [Test worker] INFO  o.j.t.i.r.l.EventLoggerTravelCalculatePremiumRequest - REQUEST: {"personFirstName":"John","personLastName":"Doe","agreementDateFrom":"2028-01-23","agreementDateTo":null,"selectedRisks":["TRAVEL_MEDICAL","TRAVEL_CANCELLATION","TRAVEL_LOSS_BAGGAGE"]}
2025-03-04 02:16:51,330 [Test worker] INFO  o.j.t.i.r.l.EventLoggerTravelCalculatePremiumResponse - RESPONSE: {"errors":[{"errorCode":"ERROR_CODE_4","description":"DateTo must not be null!"}],"personFirstName":null,"personLastName":null,"agreementDateFrom":null,"agreementDateTo":null,"agreementPrice":null}
2025-03-04 02:16:51,330 [Test worker] INFO  o.j.t.i.r.l.EventLoggerTravelCalculatePremiumRequest - Request processing time (ms): 0
2025-03-04 02:16:51,335 [Test worker] INFO  o.j.t.i.r.l.EventLoggerTravelCalculatePremiumRequest - REQUEST: {"personFirstName":"","personLastName":"Doe","agreementDateFrom":"2021-01-23","agreementDateTo":"2028-04-23","selectedRisks":["TRAVEL_MEDICAL","TRAVEL_CANCELLATION","TRAVEL_LOSS_BAGGAGE"]}
2025-03-04 02:16:51,336 [Test worker] INFO  o.j.t.i.r.l.EventLoggerTravelCalculatePremiumResponse - RESPONSE: {"errors":[{"errorCode":"ERROR_CODE_6","description":"Both DateFrom and DateTo must be in the future!"},{"errorCode":"ERROR_CODE_1","description":"Field personFirstName is empty!"}],"personFirstName":null,"personLastName":null,"agreementDateFrom":null,"agreementDateTo":null,"agreementPrice":null}
2025-03-04 02:16:51,337 [Test worker] INFO  o.j.t.i.r.l.EventLoggerTravelCalculatePremiumRequest - Request processing time (ms): 1
2025-03-04 02:17:37,021 [Test worker] INFO  o.j.t.i.r.l.EventLoggerTravelCalculatePremiumRequest - REQUEST: {"personFirstName":"","personLastName":"","agreementDateFrom":"2020-01-23","agreementDateTo":"2019-04-23","selectedRisks":[]}
2025-03-04 02:17:37,026 [Test worker] INFO  o.j.t.i.r.l.EventLoggerTravelCalculatePremiumResponse - RESPONSE: {"errors":[{"errorCode":"ERROR_CODE_6","description":"Both DateFrom and DateTo must be in the future!"},{"errorCode":"ERROR_CODE_5","description":"DateTo must not be less DateFrom!"},{"errorCode":"ERROR_CODE_1","description":"Field personFirstName is empty!"},{"errorCode":"ERROR_CODE_2","description":"Field personLastName is empty!"},{"errorCode":"ERROR_CODE_7","description":"Must not be empty!"}],"personFirstName":null,"personLastName":null,"agreementDateFrom":null,"agreementDateTo":null,"agreementPrice":null}
2025-03-04 02:17:37,026 [Test worker] INFO  o.j.t.i.r.l.EventLoggerTravelCalculatePremiumRequest - Request processing time (ms): 14
2025-03-04 02:17:37,045 [Test worker] INFO  o.j.t.i.r.l.EventLoggerTravelCalculatePremiumRequest - REQUEST: {"personFirstName":"John","personLastName":"Doe","agreementDateFrom":"2020-01-23","agreementDateTo":"2020-04-23","selectedRisks":["TRAVEL_MEDICAL","TRAVEL_CANCELLATION","TRAVEL_LOSS_BAGGAGE"]}
2025-03-04 02:17:37,046 [Test worker] INFO  o.j.t.i.r.l.EventLoggerTravelCalculatePremiumResponse - RESPONSE: {"errors":[{"errorCode":"ERROR_CODE_6","description":"Both DateFrom and DateTo must be in the future!"}],"personFirstName":null,"personLastName":null,"agreementDateFrom":null,"agreementDateTo":null,"agreementPrice":null}
2025-03-04 02:17:37,046 [Test worker] INFO  o.j.t.i.r.l.EventLoggerTravelCalculatePremiumRequest - Request processing time (ms): 1
2025-03-04 02:17:37,051 [Test worker] INFO  o.j.t.i.r.l.EventLoggerTravelCalculatePremiumRequest - REQUEST: {"personFirstName":"John","personLastName":"Doe","agreementDateFrom":null,"agreementDateTo":"2028-04-23","selectedRisks":["TRAVEL_MEDICAL","TRAVEL_CANCELLATION","TRAVEL_LOSS_BAGGAGE"]}
2025-03-04 02:17:37,051 [Test worker] INFO  o.j.t.i.r.l.EventLoggerTravelCalculatePremiumResponse - RESPONSE: {"errors":[{"errorCode":"ERROR_CODE_3","description":"DateFrom must not be null!"}],"personFirstName":null,"personLastName":null,"agreementDateFrom":null,"agreementDateTo":null,"agreementPrice":null}
2025-03-04 02:17:37,051 [Test worker] INFO  o.j.t.i.r.l.EventLoggerTravelCalculatePremiumRequest - Request processing time (ms): 0
2025-03-04 02:17:37,056 [Test worker] INFO  o.j.t.i.r.l.EventLoggerTravelCalculatePremiumRequest - REQUEST: {"personFirstName":"John","personLastName":"Doe","agreementDateFrom":"2028-01-23","agreementDateTo":"2028-04-23","selectedRisks":["TRAVEL_MEDICAL","TRAVEL_CANCELLATION","TRAVEL_LOSS_BAGGAGE"]}
2025-03-04 02:17:37,058 [Test worker] INFO  o.j.t.i.r.l.EventLoggerTravelCalculatePremiumResponse - RESPONSE: {"errors":null,"personFirstName":"John","personLastName":"Doe","agreementDateFrom":"2028-01-23","agreementDateTo":"2028-04-23","agreementPrice":91}
2025-03-04 02:17:37,059 [Test worker] INFO  o.j.t.i.r.l.EventLoggerTravelCalculatePremiumRequest - Request processing time (ms): 3
2025-03-04 02:17:37,064 [Test worker] INFO  o.j.t.i.r.l.EventLoggerTravelCalculatePremiumRequest - REQUEST: {"personFirstName":"John","personLastName":"Doe","agreementDateFrom":"2028-04-23","agreementDateTo":"2028-01-23","selectedRisks":["TRAVEL_MEDICAL","TRAVEL_CANCELLATION","TRAVEL_LOSS_BAGGAGE"]}
2025-03-04 02:17:37,065 [Test worker] INFO  o.j.t.i.r.l.EventLoggerTravelCalculatePremiumResponse - RESPONSE: {"errors":[{"errorCode":"ERROR_CODE_5","description":"DateTo must not be less DateFrom!"}],"personFirstName":null,"personLastName":null,"agreementDateFrom":null,"agreementDateTo":null,"agreementPrice":null}
2025-03-04 02:17:37,065 [Test worker] INFO  o.j.t.i.r.l.EventLoggerTravelCalculatePremiumRequest - Request processing time (ms): 0
2025-03-04 02:17:37,069 [Test worker] INFO  o.j.t.i.r.l.EventLoggerTravelCalculatePremiumRequest - REQUEST: {"personFirstName":"John","personLastName":"Doe","agreementDateFrom":"2028-01-23","agreementDateTo":null,"selectedRisks":["TRAVEL_MEDICAL","TRAVEL_CANCELLATION","TRAVEL_LOSS_BAGGAGE"]}
2025-03-04 02:17:37,069 [Test worker] INFO  o.j.t.i.r.l.EventLoggerTravelCalculatePremiumResponse - RESPONSE: {"errors":[{"errorCode":"ERROR_CODE_4","description":"DateTo must not be null!"}],"personFirstName":null,"personLastName":null,"agreementDateFrom":null,"agreementDateTo":null,"agreementPrice":null}
2025-03-04 02:17:37,070 [Test worker] INFO  o.j.t.i.r.l.EventLoggerTravelCalculatePremiumRequest - Request processing time (ms): 0
2025-03-04 02:17:37,074 [Test worker] INFO  o.j.t.i.r.l.EventLoggerTravelCalculatePremiumRequest - REQUEST: {"personFirstName":"","personLastName":"Doe","agreementDateFrom":"2021-01-23","agreementDateTo":"2028-04-23","selectedRisks":["TRAVEL_MEDICAL","TRAVEL_CANCELLATION","TRAVEL_LOSS_BAGGAGE"]}
2025-03-04 02:17:37,074 [Test worker] INFO  o.j.t.i.r.l.EventLoggerTravelCalculatePremiumResponse - RESPONSE: {"errors":[{"errorCode":"ERROR_CODE_6","description":"Both DateFrom and DateTo must be in the future!"},{"errorCode":"ERROR_CODE_1","description":"Field personFirstName is empty!"}],"personFirstName":null,"personLastName":null,"agreementDateFrom":null,"agreementDateTo":null,"agreementPrice":null}
2025-03-04 02:17:37,074 [Test worker] INFO  o.j.t.i.r.l.EventLoggerTravelCalculatePremiumRequest - Request processing time (ms): 0
2025-03-04 13:29:13,646 [Test worker] INFO  o.j.t.i.r.l.EventLoggerTravelCalculatePremiumRequest - REQUEST: {"personFirstName":"","personLastName":"","agreementDateFrom":"2020-01-23","agreementDateTo":"2019-04-23","selectedRisks":[]}
2025-03-04 13:29:13,649 [Test worker] INFO  o.j.t.i.r.l.EventLoggerTravelCalculatePremiumResponse - RESPONSE: {"errors":[{"errorCode":"ERROR_CODE_6","description":"Both DateFrom and DateTo must be in the future!"},{"errorCode":"ERROR_CODE_5","description":"DateTo must not be less DateFrom!"},{"errorCode":"ERROR_CODE_1","description":"Field personFirstName is empty!"},{"errorCode":"ERROR_CODE_2","description":"Field personLastName is empty!"},{"errorCode":"ERROR_CODE_7","description":"Must not be empty!"}],"personFirstName":null,"personLastName":null,"agreementDateFrom":null,"agreementDateTo":null,"agreementPrice":null}
2025-03-04 13:29:13,649 [Test worker] INFO  o.j.t.i.r.l.EventLoggerTravelCalculatePremiumRequest - Request processing time (ms): 8
2025-03-04 13:29:13,665 [Test worker] INFO  o.j.t.i.r.l.EventLoggerTravelCalculatePremiumRequest - REQUEST: {"personFirstName":"John","personLastName":"Doe","agreementDateFrom":"2020-01-23","agreementDateTo":"2020-04-23","selectedRisks":["TRAVEL_MEDICAL","TRAVEL_CANCELLATION","TRAVEL_LOSS_BAGGAGE"]}
2025-03-04 13:29:13,665 [Test worker] INFO  o.j.t.i.r.l.EventLoggerTravelCalculatePremiumResponse - RESPONSE: {"errors":[{"errorCode":"ERROR_CODE_6","description":"Both DateFrom and DateTo must be in the future!"}],"personFirstName":null,"personLastName":null,"agreementDateFrom":null,"agreementDateTo":null,"agreementPrice":null}
2025-03-04 13:29:13,666 [Test worker] INFO  o.j.t.i.r.l.EventLoggerTravelCalculatePremiumRequest - Request processing time (ms): 0
2025-03-04 13:29:13,669 [Test worker] INFO  o.j.t.i.r.l.EventLoggerTravelCalculatePremiumRequest - REQUEST: {"personFirstName":"John","personLastName":"Doe","agreementDateFrom":null,"agreementDateTo":"2028-04-23","selectedRisks":["TRAVEL_MEDICAL","TRAVEL_CANCELLATION","TRAVEL_LOSS_BAGGAGE"]}
2025-03-04 13:29:13,669 [Test worker] INFO  o.j.t.i.r.l.EventLoggerTravelCalculatePremiumResponse - RESPONSE: {"errors":[{"errorCode":"ERROR_CODE_3","description":"DateFrom must not be null!"}],"personFirstName":null,"personLastName":null,"agreementDateFrom":null,"agreementDateTo":null,"agreementPrice":null}
2025-03-04 13:29:13,669 [Test worker] INFO  o.j.t.i.r.l.EventLoggerTravelCalculatePremiumRequest - Request processing time (ms): 0
2025-03-04 13:29:13,672 [Test worker] INFO  o.j.t.i.r.l.EventLoggerTravelCalculatePremiumRequest - REQUEST: {"personFirstName":"John","personLastName":"Doe","agreementDateFrom":"2028-01-23","agreementDateTo":"2028-04-23","selectedRisks":["TRAVEL_MEDICAL","TRAVEL_CANCELLATION","TRAVEL_LOSS_BAGGAGE"]}
2025-03-04 13:29:13,675 [Test worker] INFO  o.j.t.i.r.l.EventLoggerTravelCalculatePremiumResponse - RESPONSE: {"errors":null,"personFirstName":"John","personLastName":"Doe","agreementDateFrom":"2028-01-23","agreementDateTo":"2028-04-23","agreementPrice":91}
2025-03-04 13:29:13,675 [Test worker] INFO  o.j.t.i.r.l.EventLoggerTravelCalculatePremiumRequest - Request processing time (ms): 3
2025-03-04 13:29:13,680 [Test worker] INFO  o.j.t.i.r.l.EventLoggerTravelCalculatePremiumRequest - REQUEST: {"personFirstName":"John","personLastName":"Doe","agreementDateFrom":"2028-04-23","agreementDateTo":"2028-01-23","selectedRisks":["TRAVEL_MEDICAL","TRAVEL_CANCELLATION","TRAVEL_LOSS_BAGGAGE"]}
2025-03-04 13:29:13,680 [Test worker] INFO  o.j.t.i.r.l.EventLoggerTravelCalculatePremiumResponse - RESPONSE: {"errors":[{"errorCode":"ERROR_CODE_5","description":"DateTo must not be less DateFrom!"}],"personFirstName":null,"personLastName":null,"agreementDateFrom":null,"agreementDateTo":null,"agreementPrice":null}
2025-03-04 13:29:13,680 [Test worker] INFO  o.j.t.i.r.l.EventLoggerTravelCalculatePremiumRequest - Request processing time (ms): 0
2025-03-04 13:29:13,684 [Test worker] INFO  o.j.t.i.r.l.EventLoggerTravelCalculatePremiumRequest - REQUEST: {"personFirstName":"John","personLastName":"Doe","agreementDateFrom":"2028-01-23","agreementDateTo":null,"selectedRisks":["TRAVEL_MEDICAL","TRAVEL_CANCELLATION","TRAVEL_LOSS_BAGGAGE"]}
2025-03-04 13:29:13,684 [Test worker] INFO  o.j.t.i.r.l.EventLoggerTravelCalculatePremiumResponse - RESPONSE: {"errors":[{"errorCode":"ERROR_CODE_4","description":"DateTo must not be null!"}],"personFirstName":null,"personLastName":null,"agreementDateFrom":null,"agreementDateTo":null,"agreementPrice":null}
2025-03-04 13:29:13,684 [Test worker] INFO  o.j.t.i.r.l.EventLoggerTravelCalculatePremiumRequest - Request processing time (ms): 0
2025-03-04 13:29:13,687 [Test worker] INFO  o.j.t.i.r.l.EventLoggerTravelCalculatePremiumRequest - REQUEST: {"personFirstName":"","personLastName":"Doe","agreementDateFrom":"2021-01-23","agreementDateTo":"2028-04-23","selectedRisks":["TRAVEL_MEDICAL","TRAVEL_CANCELLATION","TRAVEL_LOSS_BAGGAGE"]}
2025-03-04 13:29:13,688 [Test worker] INFO  o.j.t.i.r.l.EventLoggerTravelCalculatePremiumResponse - RESPONSE: {"errors":[{"errorCode":"ERROR_CODE_6","description":"Both DateFrom and DateTo must be in the future!"},{"errorCode":"ERROR_CODE_1","description":"Field personFirstName is empty!"}],"personFirstName":null,"personLastName":null,"agreementDateFrom":null,"agreementDateTo":null,"agreementPrice":null}
2025-03-04 13:29:13,688 [Test worker] INFO  o.j.t.i.r.l.EventLoggerTravelCalculatePremiumRequest - Request processing time (ms): 0
2025-03-04 14:12:52,355 [Test worker] INFO  o.j.t.i.r.l.EventLoggerTravelCalculatePremiumRequest - REQUEST: {"personFirstName":"","personLastName":"","agreementDateFrom":"2020-01-23","agreementDateTo":"2019-04-23","selectedRisks":[]}
2025-03-04 14:12:52,359 [Test worker] INFO  o.j.t.i.r.l.EventLoggerTravelCalculatePremiumResponse - RESPONSE: {"errors":[{"errorCode":"ERROR_CODE_6","description":"Both DateFrom and DateTo must be in the future!"},{"errorCode":"ERROR_CODE_5","description":"DateTo must not be less DateFrom!"},{"errorCode":"ERROR_CODE_1","description":"Field personFirstName is empty!"},{"errorCode":"ERROR_CODE_2","description":"Field personLastName is empty!"},{"errorCode":"ERROR_CODE_7","description":"Must not be empty!"}],"personFirstName":null,"personLastName":null,"agreementDateFrom":null,"agreementDateTo":null,"agreementPrice":null}
2025-03-04 14:12:52,359 [Test worker] INFO  o.j.t.i.r.l.EventLoggerTravelCalculatePremiumRequest - Request processing time (ms): 11
2025-03-04 14:12:52,382 [Test worker] INFO  o.j.t.i.r.l.EventLoggerTravelCalculatePremiumRequest - REQUEST: {"personFirstName":"John","personLastName":"Doe","agreementDateFrom":"2020-01-23","agreementDateTo":"2020-04-23","selectedRisks":["TRAVEL_MEDICAL","TRAVEL_CANCELLATION","TRAVEL_LOSS_BAGGAGE"]}
2025-03-04 14:12:52,382 [Test worker] INFO  o.j.t.i.r.l.EventLoggerTravelCalculatePremiumResponse - RESPONSE: {"errors":[{"errorCode":"ERROR_CODE_6","description":"Both DateFrom and DateTo must be in the future!"}],"personFirstName":null,"personLastName":null,"agreementDateFrom":null,"agreementDateTo":null,"agreementPrice":null}
2025-03-04 14:12:52,382 [Test worker] INFO  o.j.t.i.r.l.EventLoggerTravelCalculatePremiumRequest - Request processing time (ms): 0
2025-03-04 14:12:52,390 [Test worker] INFO  o.j.t.i.r.l.EventLoggerTravelCalculatePremiumRequest - REQUEST: {"personFirstName":"John","personLastName":"Doe","agreementDateFrom":null,"agreementDateTo":"2028-04-23","selectedRisks":["TRAVEL_MEDICAL","TRAVEL_CANCELLATION","TRAVEL_LOSS_BAGGAGE"]}
2025-03-04 14:12:52,391 [Test worker] INFO  o.j.t.i.r.l.EventLoggerTravelCalculatePremiumResponse - RESPONSE: {"errors":[{"errorCode":"ERROR_CODE_3","description":"DateFrom must not be null!"}],"personFirstName":null,"personLastName":null,"agreementDateFrom":null,"agreementDateTo":null,"agreementPrice":null}
2025-03-04 14:12:52,391 [Test worker] INFO  o.j.t.i.r.l.EventLoggerTravelCalculatePremiumRequest - Request processing time (ms): 0
2025-03-04 14:12:52,397 [Test worker] INFO  o.j.t.i.r.l.EventLoggerTravelCalculatePremiumRequest - REQUEST: {"personFirstName":"John","personLastName":"Doe","agreementDateFrom":"2028-01-23","agreementDateTo":"2028-04-23","selectedRisks":["TRAVEL_MEDICAL","TRAVEL_CANCELLATION","TRAVEL_LOSS_BAGGAGE"]}
2025-03-04 14:12:52,401 [Test worker] INFO  o.j.t.i.r.l.EventLoggerTravelCalculatePremiumResponse - RESPONSE: {"errors":null,"personFirstName":"John","personLastName":"Doe","agreementDateFrom":"2028-01-23","agreementDateTo":"2028-04-23","agreementPrice":91}
2025-03-04 14:12:52,401 [Test worker] INFO  o.j.t.i.r.l.EventLoggerTravelCalculatePremiumRequest - Request processing time (ms): 3
2025-03-04 14:12:52,408 [Test worker] INFO  o.j.t.i.r.l.EventLoggerTravelCalculatePremiumRequest - REQUEST: {"personFirstName":"John","personLastName":"Doe","agreementDateFrom":"2028-04-23","agreementDateTo":"2028-01-23","selectedRisks":["TRAVEL_MEDICAL","TRAVEL_CANCELLATION","TRAVEL_LOSS_BAGGAGE"]}
2025-03-04 14:12:52,409 [Test worker] INFO  o.j.t.i.r.l.EventLoggerTravelCalculatePremiumResponse - RESPONSE: {"errors":[{"errorCode":"ERROR_CODE_5","description":"DateTo must not be less DateFrom!"}],"personFirstName":null,"personLastName":null,"agreementDateFrom":null,"agreementDateTo":null,"agreementPrice":null}
2025-03-04 14:12:52,409 [Test worker] INFO  o.j.t.i.r.l.EventLoggerTravelCalculatePremiumRequest - Request processing time (ms): 0
2025-03-04 14:12:52,415 [Test worker] INFO  o.j.t.i.r.l.EventLoggerTravelCalculatePremiumRequest - REQUEST: {"personFirstName":"John","personLastName":"Doe","agreementDateFrom":"2028-01-23","agreementDateTo":null,"selectedRisks":["TRAVEL_MEDICAL","TRAVEL_CANCELLATION","TRAVEL_LOSS_BAGGAGE"]}
2025-03-04 14:12:52,415 [Test worker] INFO  o.j.t.i.r.l.EventLoggerTravelCalculatePremiumResponse - RESPONSE: {"errors":[{"errorCode":"ERROR_CODE_4","description":"DateTo must not be null!"}],"personFirstName":null,"personLastName":null,"agreementDateFrom":null,"agreementDateTo":null,"agreementPrice":null}
2025-03-04 14:12:52,416 [Test worker] INFO  o.j.t.i.r.l.EventLoggerTravelCalculatePremiumRequest - Request processing time (ms): 0
2025-03-04 14:12:52,421 [Test worker] INFO  o.j.t.i.r.l.EventLoggerTravelCalculatePremiumRequest - REQUEST: {"personFirstName":"","personLastName":"Doe","agreementDateFrom":"2021-01-23","agreementDateTo":"2028-04-23","selectedRisks":["TRAVEL_MEDICAL","TRAVEL_CANCELLATION","TRAVEL_LOSS_BAGGAGE"]}
2025-03-04 14:12:52,422 [Test worker] INFO  o.j.t.i.r.l.EventLoggerTravelCalculatePremiumResponse - RESPONSE: {"errors":[{"errorCode":"ERROR_CODE_6","description":"Both DateFrom and DateTo must be in the future!"},{"errorCode":"ERROR_CODE_1","description":"Field personFirstName is empty!"}],"personFirstName":null,"personLastName":null,"agreementDateFrom":null,"agreementDateTo":null,"agreementPrice":null}
2025-03-04 14:12:52,422 [Test worker] INFO  o.j.t.i.r.l.EventLoggerTravelCalculatePremiumRequest - Request processing time (ms): 0
2025-03-04 17:16:15,705 [Test worker] INFO  o.j.t.i.r.l.EventLoggerTravelCalculatePremiumRequest - REQUEST: {"personFirstName":"","personLastName":"","agreementDateFrom":"2020-01-23","agreementDateTo":"2019-04-23","selectedRisks":[]}
2025-03-04 17:16:15,707 [Test worker] INFO  o.j.t.i.r.l.EventLoggerTravelCalculatePremiumResponse - RESPONSE: {"errors":[{"errorCode":"ERROR_CODE_6","description":"Both DateFrom and DateTo must be in the future!"},{"errorCode":"ERROR_CODE_5","description":"DateTo must not be less DateFrom!"},{"errorCode":"ERROR_CODE_1","description":"Field personFirstName is empty!"},{"errorCode":"ERROR_CODE_2","description":"Field personLastName is empty!"},{"errorCode":"ERROR_CODE_7","description":"Must not be empty!"}],"personFirstName":null,"personLastName":null,"agreementDateFrom":null,"agreementDateTo":null,"agreementPrice":null}
2025-03-04 17:16:15,708 [Test worker] INFO  o.j.t.i.r.l.EventLoggerTravelCalculatePremiumRequest - Request processing time (ms): 8
2025-03-04 17:16:15,727 [Test worker] INFO  o.j.t.i.r.l.EventLoggerTravelCalculatePremiumRequest - REQUEST: {"personFirstName":"John","personLastName":"Doe","agreementDateFrom":"2020-01-23","agreementDateTo":"2020-04-23","selectedRisks":["TRAVEL_MEDICAL","TRAVEL_CANCELLATION","TRAVEL_LOSS_BAGGAGE"]}
2025-03-04 17:16:15,727 [Test worker] INFO  o.j.t.i.r.l.EventLoggerTravelCalculatePremiumResponse - RESPONSE: {"errors":[{"errorCode":"ERROR_CODE_6","description":"Both DateFrom and DateTo must be in the future!"}],"personFirstName":null,"personLastName":null,"agreementDateFrom":null,"agreementDateTo":null,"agreementPrice":null}
2025-03-04 17:16:15,727 [Test worker] INFO  o.j.t.i.r.l.EventLoggerTravelCalculatePremiumRequest - Request processing time (ms): 0
2025-03-04 17:16:15,731 [Test worker] INFO  o.j.t.i.r.l.EventLoggerTravelCalculatePremiumRequest - REQUEST: {"personFirstName":"John","personLastName":"Doe","agreementDateFrom":null,"agreementDateTo":"2028-04-23","selectedRisks":["TRAVEL_MEDICAL","TRAVEL_CANCELLATION","TRAVEL_LOSS_BAGGAGE"]}
2025-03-04 17:16:15,732 [Test worker] INFO  o.j.t.i.r.l.EventLoggerTravelCalculatePremiumResponse - RESPONSE: {"errors":[{"errorCode":"ERROR_CODE_3","description":"DateFrom must not be null!"}],"personFirstName":null,"personLastName":null,"agreementDateFrom":null,"agreementDateTo":null,"agreementPrice":null}
2025-03-04 17:16:15,732 [Test worker] INFO  o.j.t.i.r.l.EventLoggerTravelCalculatePremiumRequest - Request processing time (ms): 0
2025-03-04 17:16:15,737 [Test worker] INFO  o.j.t.i.r.l.EventLoggerTravelCalculatePremiumRequest - REQUEST: {"personFirstName":"John","personLastName":"Doe","agreementDateFrom":"2028-01-23","agreementDateTo":"2028-04-23","selectedRisks":["TRAVEL_MEDICAL","TRAVEL_CANCELLATION","TRAVEL_LOSS_BAGGAGE"]}
2025-03-04 17:16:15,739 [Test worker] INFO  o.j.t.i.r.l.EventLoggerTravelCalculatePremiumResponse - RESPONSE: {"errors":null,"personFirstName":"John","personLastName":"Doe","agreementDateFrom":"2028-01-23","agreementDateTo":"2028-04-23","agreementPrice":91}
2025-03-04 17:16:15,740 [Test worker] INFO  o.j.t.i.r.l.EventLoggerTravelCalculatePremiumRequest - Request processing time (ms): 3
2025-03-04 17:16:15,745 [Test worker] INFO  o.j.t.i.r.l.EventLoggerTravelCalculatePremiumRequest - REQUEST: {"personFirstName":"John","personLastName":"Doe","agreementDateFrom":"2028-04-23","agreementDateTo":"2028-01-23","selectedRisks":["TRAVEL_MEDICAL","TRAVEL_CANCELLATION","TRAVEL_LOSS_BAGGAGE"]}
2025-03-04 17:16:15,745 [Test worker] INFO  o.j.t.i.r.l.EventLoggerTravelCalculatePremiumResponse - RESPONSE: {"errors":[{"errorCode":"ERROR_CODE_5","description":"DateTo must not be less DateFrom!"}],"personFirstName":null,"personLastName":null,"agreementDateFrom":null,"agreementDateTo":null,"agreementPrice":null}
2025-03-04 17:16:15,745 [Test worker] INFO  o.j.t.i.r.l.EventLoggerTravelCalculatePremiumRequest - Request processing time (ms): 0
2025-03-04 17:16:15,750 [Test worker] INFO  o.j.t.i.r.l.EventLoggerTravelCalculatePremiumRequest - REQUEST: {"personFirstName":"John","personLastName":"Doe","agreementDateFrom":"2028-01-23","agreementDateTo":null,"selectedRisks":["TRAVEL_MEDICAL","TRAVEL_CANCELLATION","TRAVEL_LOSS_BAGGAGE"]}
2025-03-04 17:16:15,750 [Test worker] INFO  o.j.t.i.r.l.EventLoggerTravelCalculatePremiumResponse - RESPONSE: {"errors":[{"errorCode":"ERROR_CODE_4","description":"DateTo must not be null!"}],"personFirstName":null,"personLastName":null,"agreementDateFrom":null,"agreementDateTo":null,"agreementPrice":null}
2025-03-04 17:16:15,750 [Test worker] INFO  o.j.t.i.r.l.EventLoggerTravelCalculatePremiumRequest - Request processing time (ms): 0
2025-03-04 17:16:15,755 [Test worker] INFO  o.j.t.i.r.l.EventLoggerTravelCalculatePremiumRequest - REQUEST: {"personFirstName":"","personLastName":"Doe","agreementDateFrom":"2021-01-23","agreementDateTo":"2028-04-23","selectedRisks":["TRAVEL_MEDICAL","TRAVEL_CANCELLATION","TRAVEL_LOSS_BAGGAGE"]}
2025-03-04 17:16:15,756 [Test worker] INFO  o.j.t.i.r.l.EventLoggerTravelCalculatePremiumResponse - RESPONSE: {"errors":[{"errorCode":"ERROR_CODE_6","description":"Both DateFrom and DateTo must be in the future!"},{"errorCode":"ERROR_CODE_1","description":"Field personFirstName is empty!"}],"personFirstName":null,"personLastName":null,"agreementDateFrom":null,"agreementDateTo":null,"agreementPrice":null}
2025-03-04 17:16:15,756 [Test worker] INFO  o.j.t.i.r.l.EventLoggerTravelCalculatePremiumRequest - Request processing time (ms): 0
2025-03-04 17:27:52,161 [Test worker] INFO  o.j.t.i.r.l.EventLoggerTravelCalculatePremiumRequest - REQUEST: {"personFirstName":"","personLastName":"","agreementDateFrom":"2020-01-23","agreementDateTo":"2019-04-23","selectedRisks":[]}
2025-03-04 17:27:52,165 [Test worker] INFO  o.j.t.i.r.l.EventLoggerTravelCalculatePremiumResponse - RESPONSE: {"errors":[{"errorCode":"ERROR_CODE_6","description":"Both DateFrom and DateTo must be in the future!"},{"errorCode":"ERROR_CODE_5","description":"DateTo must not be less DateFrom!"},{"errorCode":"ERROR_CODE_1","description":"Field personFirstName is empty!"},{"errorCode":"ERROR_CODE_2","description":"Field personLastName is empty!"},{"errorCode":"ERROR_CODE_7","description":"Must not be empty!"}],"personFirstName":null,"personLastName":null,"agreementDateFrom":null,"agreementDateTo":null,"agreementPrice":null}
2025-03-04 17:27:52,165 [Test worker] INFO  o.j.t.i.r.l.EventLoggerTravelCalculatePremiumRequest - Request processing time (ms): 10
2025-03-04 17:27:52,183 [Test worker] INFO  o.j.t.i.r.l.EventLoggerTravelCalculatePremiumRequest - REQUEST: {"personFirstName":"John","personLastName":"Doe","agreementDateFrom":"2020-01-23","agreementDateTo":"2020-04-23","selectedRisks":["TRAVEL_MEDICAL","TRAVEL_CANCELLATION","TRAVEL_LOSS_BAGGAGE"]}
2025-03-04 17:27:52,184 [Test worker] INFO  o.j.t.i.r.l.EventLoggerTravelCalculatePremiumResponse - RESPONSE: {"errors":[{"errorCode":"ERROR_CODE_6","description":"Both DateFrom and DateTo must be in the future!"}],"personFirstName":null,"personLastName":null,"agreementDateFrom":null,"agreementDateTo":null,"agreementPrice":null}
2025-03-04 17:27:52,184 [Test worker] INFO  o.j.t.i.r.l.EventLoggerTravelCalculatePremiumRequest - Request processing time (ms): 0
2025-03-04 17:27:52,188 [Test worker] INFO  o.j.t.i.r.l.EventLoggerTravelCalculatePremiumRequest - REQUEST: {"personFirstName":"John","personLastName":"Doe","agreementDateFrom":null,"agreementDateTo":"2028-04-23","selectedRisks":["TRAVEL_MEDICAL","TRAVEL_CANCELLATION","TRAVEL_LOSS_BAGGAGE"]}
2025-03-04 17:27:52,188 [Test worker] INFO  o.j.t.i.r.l.EventLoggerTravelCalculatePremiumResponse - RESPONSE: {"errors":[{"errorCode":"ERROR_CODE_3","description":"DateFrom must not be null!"}],"personFirstName":null,"personLastName":null,"agreementDateFrom":null,"agreementDateTo":null,"agreementPrice":null}
2025-03-04 17:27:52,189 [Test worker] INFO  o.j.t.i.r.l.EventLoggerTravelCalculatePremiumRequest - Request processing time (ms): 0
2025-03-04 17:27:52,193 [Test worker] INFO  o.j.t.i.r.l.EventLoggerTravelCalculatePremiumRequest - REQUEST: {"personFirstName":"John","personLastName":"Doe","agreementDateFrom":"2028-01-23","agreementDateTo":"2028-04-23","selectedRisks":["TRAVEL_MEDICAL","TRAVEL_CANCELLATION","TRAVEL_LOSS_BAGGAGE"]}
2025-03-04 17:27:52,196 [Test worker] INFO  o.j.t.i.r.l.EventLoggerTravelCalculatePremiumResponse - RESPONSE: {"errors":null,"personFirstName":"John","personLastName":"Doe","agreementDateFrom":"2028-01-23","agreementDateTo":"2028-04-23","agreementPrice":91}
2025-03-04 17:27:52,196 [Test worker] INFO  o.j.t.i.r.l.EventLoggerTravelCalculatePremiumRequest - Request processing time (ms): 2
2025-03-04 17:27:52,202 [Test worker] INFO  o.j.t.i.r.l.EventLoggerTravelCalculatePremiumRequest - REQUEST: {"personFirstName":"John","personLastName":"Doe","agreementDateFrom":"2028-04-23","agreementDateTo":"2028-01-23","selectedRisks":["TRAVEL_MEDICAL","TRAVEL_CANCELLATION","TRAVEL_LOSS_BAGGAGE"]}
2025-03-04 17:27:52,202 [Test worker] INFO  o.j.t.i.r.l.EventLoggerTravelCalculatePremiumResponse - RESPONSE: {"errors":[{"errorCode":"ERROR_CODE_5","description":"DateTo must not be less DateFrom!"}],"personFirstName":null,"personLastName":null,"agreementDateFrom":null,"agreementDateTo":null,"agreementPrice":null}
2025-03-04 17:27:52,202 [Test worker] INFO  o.j.t.i.r.l.EventLoggerTravelCalculatePremiumRequest - Request processing time (ms): 0
2025-03-04 17:27:52,207 [Test worker] INFO  o.j.t.i.r.l.EventLoggerTravelCalculatePremiumRequest - REQUEST: {"personFirstName":"John","personLastName":"Doe","agreementDateFrom":"2028-01-23","agreementDateTo":null,"selectedRisks":["TRAVEL_MEDICAL","TRAVEL_CANCELLATION","TRAVEL_LOSS_BAGGAGE"]}
2025-03-04 17:27:52,207 [Test worker] INFO  o.j.t.i.r.l.EventLoggerTravelCalculatePremiumResponse - RESPONSE: {"errors":[{"errorCode":"ERROR_CODE_4","description":"DateTo must not be null!"}],"personFirstName":null,"personLastName":null,"agreementDateFrom":null,"agreementDateTo":null,"agreementPrice":null}
2025-03-04 17:27:52,207 [Test worker] INFO  o.j.t.i.r.l.EventLoggerTravelCalculatePremiumRequest - Request processing time (ms): 0
2025-03-04 17:27:52,212 [Test worker] INFO  o.j.t.i.r.l.EventLoggerTravelCalculatePremiumRequest - REQUEST: {"personFirstName":"","personLastName":"Doe","agreementDateFrom":"2021-01-23","agreementDateTo":"2028-04-23","selectedRisks":["TRAVEL_MEDICAL","TRAVEL_CANCELLATION","TRAVEL_LOSS_BAGGAGE"]}
2025-03-04 17:27:52,212 [Test worker] INFO  o.j.t.i.r.l.EventLoggerTravelCalculatePremiumResponse - RESPONSE: {"errors":[{"errorCode":"ERROR_CODE_6","description":"Both DateFrom and DateTo must be in the future!"},{"errorCode":"ERROR_CODE_1","description":"Field personFirstName is empty!"}],"personFirstName":null,"personLastName":null,"agreementDateFrom":null,"agreementDateTo":null,"agreementPrice":null}
2025-03-04 17:27:52,212 [Test worker] INFO  o.j.t.i.r.l.EventLoggerTravelCalculatePremiumRequest - Request processing time (ms): 0
2025-03-04 17:35:24,084 [Test worker] INFO  o.j.t.i.r.l.EventLoggerTravelCalculatePremiumRequest - REQUEST: {"personFirstName":"","personLastName":"","agreementDateFrom":"2020-01-23","agreementDateTo":"2019-04-23","selectedRisks":[]}
2025-03-04 17:35:24,087 [Test worker] INFO  o.j.t.i.r.l.EventLoggerTravelCalculatePremiumResponse - RESPONSE: {"errors":[{"errorCode":"ERROR_CODE_6","description":"Both DateFrom and DateTo must be in the future!"},{"errorCode":"ERROR_CODE_5","description":"DateTo must not be less DateFrom!"},{"errorCode":"ERROR_CODE_1","description":"Field personFirstName is empty!"},{"errorCode":"ERROR_CODE_2","description":"Field personLastName is empty!"},{"errorCode":"ERROR_CODE_7","description":"Must not be empty!"}],"personFirstName":null,"personLastName":null,"agreementDateFrom":null,"agreementDateTo":null,"agreementPrice":null}
2025-03-04 17:35:24,087 [Test worker] INFO  o.j.t.i.r.l.EventLoggerTravelCalculatePremiumRequest - Request processing time (ms): 10
2025-03-04 17:35:24,107 [Test worker] INFO  o.j.t.i.r.l.EventLoggerTravelCalculatePremiumRequest - REQUEST: {"personFirstName":"John","personLastName":"Doe","agreementDateFrom":"2020-01-23","agreementDateTo":"2020-04-23","selectedRisks":["TRAVEL_MEDICAL","TRAVEL_CANCELLATION","TRAVEL_LOSS_BAGGAGE"]}
2025-03-04 17:35:24,107 [Test worker] INFO  o.j.t.i.r.l.EventLoggerTravelCalculatePremiumResponse - RESPONSE: {"errors":[{"errorCode":"ERROR_CODE_6","description":"Both DateFrom and DateTo must be in the future!"}],"personFirstName":null,"personLastName":null,"agreementDateFrom":null,"agreementDateTo":null,"agreementPrice":null}
2025-03-04 17:35:24,107 [Test worker] INFO  o.j.t.i.r.l.EventLoggerTravelCalculatePremiumRequest - Request processing time (ms): 0
2025-03-04 17:35:24,112 [Test worker] INFO  o.j.t.i.r.l.EventLoggerTravelCalculatePremiumRequest - REQUEST: {"personFirstName":"John","personLastName":"Doe","agreementDateFrom":null,"agreementDateTo":"2028-04-23","selectedRisks":["TRAVEL_MEDICAL","TRAVEL_CANCELLATION","TRAVEL_LOSS_BAGGAGE"]}
2025-03-04 17:35:24,112 [Test worker] INFO  o.j.t.i.r.l.EventLoggerTravelCalculatePremiumResponse - RESPONSE: {"errors":[{"errorCode":"ERROR_CODE_3","description":"DateFrom must not be null!"}],"personFirstName":null,"personLastName":null,"agreementDateFrom":null,"agreementDateTo":null,"agreementPrice":null}
2025-03-04 17:35:24,112 [Test worker] INFO  o.j.t.i.r.l.EventLoggerTravelCalculatePremiumRequest - Request processing time (ms): 0
2025-03-04 17:35:24,117 [Test worker] INFO  o.j.t.i.r.l.EventLoggerTravelCalculatePremiumRequest - REQUEST: {"personFirstName":"John","personLastName":"Doe","agreementDateFrom":"2028-01-23","agreementDateTo":"2028-04-23","selectedRisks":["TRAVEL_MEDICAL","TRAVEL_CANCELLATION","TRAVEL_LOSS_BAGGAGE"]}
2025-03-04 17:35:24,120 [Test worker] INFO  o.j.t.i.r.l.EventLoggerTravelCalculatePremiumResponse - RESPONSE: {"errors":null,"personFirstName":"John","personLastName":"Doe","agreementDateFrom":"2028-01-23","agreementDateTo":"2028-04-23","agreementPrice":91}
2025-03-04 17:35:24,120 [Test worker] INFO  o.j.t.i.r.l.EventLoggerTravelCalculatePremiumRequest - Request processing time (ms): 3
2025-03-04 17:35:24,126 [Test worker] INFO  o.j.t.i.r.l.EventLoggerTravelCalculatePremiumRequest - REQUEST: {"personFirstName":"John","personLastName":"Doe","agreementDateFrom":"2028-04-23","agreementDateTo":"2028-01-23","selectedRisks":["TRAVEL_MEDICAL","TRAVEL_CANCELLATION","TRAVEL_LOSS_BAGGAGE"]}
2025-03-04 17:35:24,127 [Test worker] INFO  o.j.t.i.r.l.EventLoggerTravelCalculatePremiumResponse - RESPONSE: {"errors":[{"errorCode":"ERROR_CODE_5","description":"DateTo must not be less DateFrom!"}],"personFirstName":null,"personLastName":null,"agreementDateFrom":null,"agreementDateTo":null,"agreementPrice":null}
2025-03-04 17:35:24,127 [Test worker] INFO  o.j.t.i.r.l.EventLoggerTravelCalculatePremiumRequest - Request processing time (ms): 0
2025-03-04 17:35:24,132 [Test worker] INFO  o.j.t.i.r.l.EventLoggerTravelCalculatePremiumRequest - REQUEST: {"personFirstName":"John","personLastName":"Doe","agreementDateFrom":"2028-01-23","agreementDateTo":null,"selectedRisks":["TRAVEL_MEDICAL","TRAVEL_CANCELLATION","TRAVEL_LOSS_BAGGAGE"]}
2025-03-04 17:35:24,132 [Test worker] INFO  o.j.t.i.r.l.EventLoggerTravelCalculatePremiumResponse - RESPONSE: {"errors":[{"errorCode":"ERROR_CODE_4","description":"DateTo must not be null!"}],"personFirstName":null,"personLastName":null,"agreementDateFrom":null,"agreementDateTo":null,"agreementPrice":null}
2025-03-04 17:35:24,132 [Test worker] INFO  o.j.t.i.r.l.EventLoggerTravelCalculatePremiumRequest - Request processing time (ms): 0
2025-03-04 17:35:24,136 [Test worker] INFO  o.j.t.i.r.l.EventLoggerTravelCalculatePremiumRequest - REQUEST: {"personFirstName":"","personLastName":"Doe","agreementDateFrom":"2021-01-23","agreementDateTo":"2028-04-23","selectedRisks":["TRAVEL_MEDICAL","TRAVEL_CANCELLATION","TRAVEL_LOSS_BAGGAGE"]}
2025-03-04 17:35:24,137 [Test worker] INFO  o.j.t.i.r.l.EventLoggerTravelCalculatePremiumResponse - RESPONSE: {"errors":[{"errorCode":"ERROR_CODE_6","description":"Both DateFrom and DateTo must be in the future!"},{"errorCode":"ERROR_CODE_1","description":"Field personFirstName is empty!"}],"personFirstName":null,"personLastName":null,"agreementDateFrom":null,"agreementDateTo":null,"agreementPrice":null}
2025-03-04 17:35:24,137 [Test worker] INFO  o.j.t.i.r.l.EventLoggerTravelCalculatePremiumRequest - Request processing time (ms): 0
